Mensaje I / 00:00:00:000 / Root(00) para top(01)
Mensaje I / 00:00:00:000 / top(01) para actiontaker(02)
Mensaje D / 00:00:00:000 / actiontaker(02) / ... para top(01)
Mensaje D / 00:00:00:000 / top(01) / ... para Root(00)
Mensaje X / 00:00:00:000 / Root(00) / in /      1.00000 para top(01)
Mensaje X / 00:00:00:000 / top(01) / admevalresultin /      1.00000 para actiontaker(02)
Mensaje D / 00:00:00:000 / actiontaker(02) / 00:04:00:000 para top(01)
Mensaje D / 00:00:00:000 / top(01) / 00:04:00:000 para Root(00)
Mensaje * / 00:04:00:000 / Root(00) para top(01)
Mensaje * / 00:04:00:000 / top(01) para actiontaker(02)
Mensaje Y / 00:04:00:000 / actiontaker(02) / actionout /      1.00000 para top(01)
Mensaje Y / 00:04:00:000 / actiontaker(02) / carleft /      1.00000 para top(01)
Mensaje D / 00:04:00:000 / actiontaker(02) / ... para top(01)
Mensaje Y / 00:04:00:000 / top(01) / out /      1.00000 para Root(00)
Mensaje Y / 00:04:00:000 / top(01) / carleft /      1.00000 para Root(00)
Mensaje D / 00:04:00:000 / top(01) / ... para Root(00)
Mensaje X / 00:10:00:000 / Root(00) / in /      0.00000 para top(01)
Mensaje X / 00:10:00:000 / top(01) / admevalresultin /      0.00000 para actiontaker(02)
Mensaje D / 00:10:00:000 / actiontaker(02) / 00:02:00:000 para top(01)
Mensaje D / 00:10:00:000 / top(01) / 00:02:00:000 para Root(00)
Mensaje * / 00:12:00:000 / Root(00) para top(01)
Mensaje * / 00:12:00:000 / top(01) para actiontaker(02)
Mensaje Y / 00:12:00:000 / actiontaker(02) / actionout /      0.00000 para top(01)
Mensaje Y / 00:12:00:000 / actiontaker(02) / carleft /      1.00000 para top(01)
Mensaje D / 00:12:00:000 / actiontaker(02) / ... para top(01)
Mensaje Y / 00:12:00:000 / top(01) / out /      0.00000 para Root(00)
Mensaje Y / 00:12:00:000 / top(01) / carleft /      1.00000 para Root(00)
Mensaje D / 00:12:00:000 / top(01) / ... para Root(00)
