Mensaje I / 00:00:00:000 / Root(00) para top(01)
Mensaje I / 00:00:00:000 / top(01) para admissibilityinspection(02)
Mensaje D / 00:00:00:000 / admissibilityinspection(02) / ... para top(01)
Mensaje D / 00:00:00:000 / top(01) / ... para Root(00)
Mensaje X / 00:00:00:000 / Root(00) / in /      1.00000 para top(01)
Mensaje X / 00:00:00:000 / top(01) / pifailin /      1.00000 para admissibilityinspection(02)
Mensaje D / 00:00:00:000 / admissibilityinspection(02) / 00:22:00:000 para top(01)
Mensaje D / 00:00:00:000 / top(01) / 00:22:00:000 para Root(00)
Mensaje * / 00:22:00:000 / Root(00) para top(01)
Mensaje * / 00:22:00:000 / top(01) para admissibilityinspection(02)
Mensaje Y / 00:22:00:000 / admissibilityinspection(02) / admiout /      1.00000 para top(01)
Mensaje D / 00:22:00:000 / admissibilityinspection(02) / ... para top(01)
Mensaje Y / 00:22:00:000 / top(01) / out /      1.00000 para Root(00)
Mensaje D / 00:22:00:000 / top(01) / ... para Root(00)
Mensaje X / 00:25:00:000 / Root(00) / in /      1.00000 para top(01)
Mensaje X / 00:25:00:000 / top(01) / pifailin /      1.00000 para admissibilityinspection(02)
Mensaje D / 00:25:00:000 / admissibilityinspection(02) / 00:17:00:000 para top(01)
Mensaje D / 00:25:00:000 / top(01) / 00:17:00:000 para Root(00)
Mensaje * / 00:42:00:000 / Root(00) para top(01)
Mensaje * / 00:42:00:000 / top(01) para admissibilityinspection(02)
Mensaje Y / 00:42:00:000 / admissibilityinspection(02) / admiout /      1.00000 para top(01)
Mensaje D / 00:42:00:000 / admissibilityinspection(02) / ... para top(01)
Mensaje Y / 00:42:00:000 / top(01) / out /      1.00000 para Root(00)
Mensaje D / 00:42:00:000 / top(01) / ... para Root(00)
Mensaje X / 00:57:00:000 / Root(00) / in /      1.00000 para top(01)
Mensaje X / 00:57:00:000 / top(01) / pifailin /      1.00000 para admissibilityinspection(02)
Mensaje D / 00:57:00:000 / admissibilityinspection(02) / 00:18:00:000 para top(01)
Mensaje D / 00:57:00:000 / top(01) / 00:18:00:000 para Root(00)
Mensaje * / 01:15:00:000 / Root(00) para top(01)
Mensaje * / 01:15:00:000 / top(01) para admissibilityinspection(02)
Mensaje Y / 01:15:00:000 / admissibilityinspection(02) / admiout /      1.00000 para top(01)
Mensaje D / 01:15:00:000 / admissibilityinspection(02) / ... para top(01)
Mensaje Y / 01:15:00:000 / top(01) / out /      1.00000 para Root(00)
Mensaje D / 01:15:00:000 / top(01) / ... para Root(00)
Mensaje X / 01:22:00:000 / Root(00) / in /      1.00000 para top(01)
Mensaje X / 01:22:00:000 / top(01) / pifailin /      1.00000 para admissibilityinspection(02)
Mensaje D / 01:22:00:000 / admissibilityinspection(02) / 00:19:00:000 para top(01)
Mensaje D / 01:22:00:000 / top(01) / 00:19:00:000 para Root(00)
Mensaje * / 01:41:00:000 / Root(00) para top(01)
Mensaje * / 01:41:00:000 / top(01) para admissibilityinspection(02)
Mensaje Y / 01:41:00:000 / admissibilityinspection(02) / admiout /      1.00000 para top(01)
Mensaje D / 01:41:00:000 / admissibilityinspection(02) / ... para top(01)
Mensaje Y / 01:41:00:000 / top(01) / out /      1.00000 para Root(00)
Mensaje D / 01:41:00:000 / top(01) / ... para Root(00)
Mensaje X / 01:48:00:000 / Root(00) / in /      1.00000 para top(01)
Mensaje X / 01:48:00:000 / top(01) / pifailin /      1.00000 para admissibilityinspection(02)
Mensaje D / 01:48:00:000 / admissibilityinspection(02) / 00:21:00:000 para top(01)
Mensaje D / 01:48:00:000 / top(01) / 00:21:00:000 para Root(00)
Mensaje * / 02:09:00:000 / Root(00) para top(01)
Mensaje * / 02:09:00:000 / top(01) para admissibilityinspection(02)
Mensaje Y / 02:09:00:000 / admissibilityinspection(02) / admiout /      1.00000 para top(01)
Mensaje D / 02:09:00:000 / admissibilityinspection(02) / ... para top(01)
Mensaje Y / 02:09:00:000 / top(01) / out /      1.00000 para Root(00)
Mensaje D / 02:09:00:000 / top(01) / ... para Root(00)
Mensaje X / 02:15:00:000 / Root(00) / in /      1.00000 para top(01)
Mensaje X / 02:15:00:000 / top(01) / pifailin /      1.00000 para admissibilityinspection(02)
Mensaje D / 02:15:00:000 / admissibilityinspection(02) / 00:17:00:000 para top(01)
Mensaje D / 02:15:00:000 / top(01) / 00:17:00:000 para Root(00)
Mensaje * / 02:32:00:000 / Root(00) para top(01)
Mensaje * / 02:32:00:000 / top(01) para admissibilityinspection(02)
Mensaje Y / 02:32:00:000 / admissibilityinspection(02) / admiout /      1.00000 para top(01)
Mensaje D / 02:32:00:000 / admissibilityinspection(02) / ... para top(01)
Mensaje Y / 02:32:00:000 / top(01) / out /      1.00000 para Root(00)
Mensaje D / 02:32:00:000 / top(01) / ... para Root(00)
Mensaje X / 02:42:00:000 / Root(00) / in /      1.00000 para top(01)
Mensaje X / 02:42:00:000 / top(01) / pifailin /      1.00000 para admissibilityinspection(02)
Mensaje D / 02:42:00:000 / admissibilityinspection(02) / 00:21:00:000 para top(01)
Mensaje D / 02:42:00:000 / top(01) / 00:21:00:000 para Root(00)
Mensaje * / 03:03:00:000 / Root(00) para top(01)
Mensaje * / 03:03:00:000 / top(01) para admissibilityinspection(02)
Mensaje Y / 03:03:00:000 / admissibilityinspection(02) / admiout /      1.00000 para top(01)
Mensaje D / 03:03:00:000 / admissibilityinspection(02) / ... para top(01)
Mensaje Y / 03:03:00:000 / top(01) / out /      1.00000 para Root(00)
Mensaje D / 03:03:00:000 / top(01) / ... para Root(00)
Mensaje X / 03:08:00:000 / Root(00) / in /      1.00000 para top(01)
Mensaje X / 03:08:00:000 / top(01) / pifailin /      1.00000 para admissibilityinspection(02)
Mensaje D / 03:08:00:000 / admissibilityinspection(02) / 00:19:00:000 para top(01)
Mensaje D / 03:08:00:000 / top(01) / 00:19:00:000 para Root(00)
Mensaje * / 03:27:00:000 / Root(00) para top(01)
Mensaje * / 03:27:00:000 / top(01) para admissibilityinspection(02)
Mensaje Y / 03:27:00:000 / admissibilityinspection(02) / admiout /      0.00000 para top(01)
Mensaje D / 03:27:00:000 / admissibilityinspection(02) / ... para top(01)
Mensaje Y / 03:27:00:000 / top(01) / out /      0.00000 para Root(00)
Mensaje D / 03:27:00:000 / top(01) / ... para Root(00)
Mensaje X / 03:34:00:000 / Root(00) / in /      1.00000 para top(01)
Mensaje X / 03:34:00:000 / top(01) / pifailin /      1.00000 para admissibilityinspection(02)
Mensaje D / 03:34:00:000 / admissibilityinspection(02) / 00:24:00:000 para top(01)
Mensaje D / 03:34:00:000 / top(01) / 00:24:00:000 para Root(00)
Mensaje * / 03:58:00:000 / Root(00) para top(01)
Mensaje * / 03:58:00:000 / top(01) para admissibilityinspection(02)
Mensaje Y / 03:58:00:000 / admissibilityinspection(02) / admiout /      1.00000 para top(01)
Mensaje D / 03:58:00:000 / admissibilityinspection(02) / ... para top(01)
Mensaje Y / 03:58:00:000 / top(01) / out /      1.00000 para Root(00)
Mensaje D / 03:58:00:000 / top(01) / ... para Root(00)
Mensaje X / 03:59:00:000 / Root(00) / in /      1.00000 para top(01)
Mensaje X / 03:59:00:000 / top(01) / pifailin /      1.00000 para admissibilityinspection(02)
Mensaje D / 03:59:00:000 / admissibilityinspection(02) / 00:24:00:000 para top(01)
Mensaje D / 03:59:00:000 / top(01) / 00:24:00:000 para Root(00)
Mensaje * / 04:23:00:000 / Root(00) para top(01)
Mensaje * / 04:23:00:000 / top(01) para admissibilityinspection(02)
Mensaje Y / 04:23:00:000 / admissibilityinspection(02) / admiout /      1.00000 para top(01)
Mensaje D / 04:23:00:000 / admissibilityinspection(02) / ... para top(01)
Mensaje Y / 04:23:00:000 / top(01) / out /      1.00000 para Root(00)
Mensaje D / 04:23:00:000 / top(01) / ... para Root(00)
Mensaje X / 04:25:00:000 / Root(00) / in /      1.00000 para top(01)
Mensaje X / 04:25:00:000 / top(01) / pifailin /      1.00000 para admissibilityinspection(02)
Mensaje D / 04:25:00:000 / admissibilityinspection(02) / 00:18:00:000 para top(01)
Mensaje D / 04:25:00:000 / top(01) / 00:18:00:000 para Root(00)
Mensaje * / 04:43:00:000 / Root(00) para top(01)
Mensaje * / 04:43:00:000 / top(01) para admissibilityinspection(02)
Mensaje Y / 04:43:00:000 / admissibilityinspection(02) / admiout /      1.00000 para top(01)
Mensaje D / 04:43:00:000 / admissibilityinspection(02) / ... para top(01)
Mensaje Y / 04:43:00:000 / top(01) / out /      1.00000 para Root(00)
Mensaje D / 04:43:00:000 / top(01) / ... para Root(00)
Mensaje X / 04:57:00:000 / Root(00) / in /      1.00000 para top(01)
Mensaje X / 04:57:00:000 / top(01) / pifailin /      1.00000 para admissibilityinspection(02)
Mensaje D / 04:57:00:000 / admissibilityinspection(02) / 00:17:00:000 para top(01)
Mensaje D / 04:57:00:000 / top(01) / 00:17:00:000 para Root(00)
Mensaje * / 05:14:00:000 / Root(00) para top(01)
Mensaje * / 05:14:00:000 / top(01) para admissibilityinspection(02)
Mensaje Y / 05:14:00:000 / admissibilityinspection(02) / admiout /      1.00000 para top(01)
Mensaje D / 05:14:00:000 / admissibilityinspection(02) / ... para top(01)
Mensaje Y / 05:14:00:000 / top(01) / out /      1.00000 para Root(00)
Mensaje D / 05:14:00:000 / top(01) / ... para Root(00)
Mensaje X / 05:22:00:000 / Root(00) / in /      1.00000 para top(01)
Mensaje X / 05:22:00:000 / top(01) / pifailin /      1.00000 para admissibilityinspection(02)
Mensaje D / 05:22:00:000 / admissibilityinspection(02) / 00:22:00:000 para top(01)
Mensaje D / 05:22:00:000 / top(01) / 00:22:00:000 para Root(00)
Mensaje * / 05:44:00:000 / Root(00) para top(01)
Mensaje * / 05:44:00:000 / top(01) para admissibilityinspection(02)
Mensaje Y / 05:44:00:000 / admissibilityinspection(02) / admiout /      1.00000 para top(01)
Mensaje D / 05:44:00:000 / admissibilityinspection(02) / ... para top(01)
Mensaje Y / 05:44:00:000 / top(01) / out /      1.00000 para Root(00)
Mensaje D / 05:44:00:000 / top(01) / ... para Root(00)
Mensaje X / 05:48:00:000 / Root(00) / in /      1.00000 para top(01)
Mensaje X / 05:48:00:000 / top(01) / pifailin /      1.00000 para admissibilityinspection(02)
Mensaje D / 05:48:00:000 / admissibilityinspection(02) / 00:21:00:000 para top(01)
Mensaje D / 05:48:00:000 / top(01) / 00:21:00:000 para Root(00)
Mensaje * / 06:09:00:000 / Root(00) para top(01)
Mensaje * / 06:09:00:000 / top(01) para admissibilityinspection(02)
Mensaje Y / 06:09:00:000 / admissibilityinspection(02) / admiout /      1.00000 para top(01)
Mensaje D / 06:09:00:000 / admissibilityinspection(02) / ... para top(01)
Mensaje Y / 06:09:00:000 / top(01) / out /      1.00000 para Root(00)
Mensaje D / 06:09:00:000 / top(01) / ... para Root(00)
Mensaje X / 06:15:00:000 / Root(00) / in /      1.00000 para top(01)
Mensaje X / 06:15:00:000 / top(01) / pifailin /      1.00000 para admissibilityinspection(02)
Mensaje D / 06:15:00:000 / admissibilityinspection(02) / 00:22:00:000 para top(01)
Mensaje D / 06:15:00:000 / top(01) / 00:22:00:000 para Root(00)
Mensaje * / 06:37:00:000 / Root(00) para top(01)
Mensaje * / 06:37:00:000 / top(01) para admissibilityinspection(02)
Mensaje Y / 06:37:00:000 / admissibilityinspection(02) / admiout /      1.00000 para top(01)
Mensaje D / 06:37:00:000 / admissibilityinspection(02) / ... para top(01)
Mensaje Y / 06:37:00:000 / top(01) / out /      1.00000 para Root(00)
Mensaje D / 06:37:00:000 / top(01) / ... para Root(00)
Mensaje X / 06:42:00:000 / Root(00) / in /      1.00000 para top(01)
Mensaje X / 06:42:00:000 / top(01) / pifailin /      1.00000 para admissibilityinspection(02)
Mensaje D / 06:42:00:000 / admissibilityinspection(02) / 00:16:00:000 para top(01)
Mensaje D / 06:42:00:000 / top(01) / 00:16:00:000 para Root(00)
Mensaje * / 06:58:00:000 / Root(00) para top(01)
Mensaje * / 06:58:00:000 / top(01) para admissibilityinspection(02)
Mensaje Y / 06:58:00:000 / admissibilityinspection(02) / admiout /      1.00000 para top(01)
Mensaje D / 06:58:00:000 / admissibilityinspection(02) / ... para top(01)
Mensaje Y / 06:58:00:000 / top(01) / out /      1.00000 para Root(00)
Mensaje D / 06:58:00:000 / top(01) / ... para Root(00)
Mensaje X / 07:08:00:000 / Root(00) / in /      1.00000 para top(01)
Mensaje X / 07:08:00:000 / top(01) / pifailin /      1.00000 para admissibilityinspection(02)
Mensaje D / 07:08:00:000 / admissibilityinspection(02) / 00:23:00:000 para top(01)
Mensaje D / 07:08:00:000 / top(01) / 00:23:00:000 para Root(00)
Mensaje * / 07:31:00:000 / Root(00) para top(01)
Mensaje * / 07:31:00:000 / top(01) para admissibilityinspection(02)
Mensaje Y / 07:31:00:000 / admissibilityinspection(02) / admiout /      1.00000 para top(01)
Mensaje D / 07:31:00:000 / admissibilityinspection(02) / ... para top(01)
Mensaje Y / 07:31:00:000 / top(01) / out /      1.00000 para Root(00)
Mensaje D / 07:31:00:000 / top(01) / ... para Root(00)
Mensaje X / 07:34:00:000 / Root(00) / in /      1.00000 para top(01)
Mensaje X / 07:34:00:000 / top(01) / pifailin /      1.00000 para admissibilityinspection(02)
Mensaje D / 07:34:00:000 / admissibilityinspection(02) / 00:18:00:000 para top(01)
Mensaje D / 07:34:00:000 / top(01) / 00:18:00:000 para Root(00)
Mensaje * / 07:52:00:000 / Root(00) para top(01)
Mensaje * / 07:52:00:000 / top(01) para admissibilityinspection(02)
Mensaje Y / 07:52:00:000 / admissibilityinspection(02) / admiout /      1.00000 para top(01)
Mensaje D / 07:52:00:000 / admissibilityinspection(02) / ... para top(01)
Mensaje Y / 07:52:00:000 / top(01) / out /      1.00000 para Root(00)
Mensaje D / 07:52:00:000 / top(01) / ... para Root(00)
Mensaje X / 07:59:00:000 / Root(00) / in /      1.00000 para top(01)
Mensaje X / 07:59:00:000 / top(01) / pifailin /      1.00000 para admissibilityinspection(02)
Mensaje D / 07:59:00:000 / admissibilityinspection(02) / 00:23:00:000 para top(01)
Mensaje D / 07:59:00:000 / top(01) / 00:23:00:000 para Root(00)
Mensaje * / 08:22:00:000 / Root(00) para top(01)
Mensaje * / 08:22:00:000 / top(01) para admissibilityinspection(02)
Mensaje Y / 08:22:00:000 / admissibilityinspection(02) / admiout /      1.00000 para top(01)
Mensaje D / 08:22:00:000 / admissibilityinspection(02) / ... para top(01)
Mensaje Y / 08:22:00:000 / top(01) / out /      1.00000 para Root(00)
Mensaje D / 08:22:00:000 / top(01) / ... para Root(00)
Mensaje X / 08:30:00:000 / Root(00) / in /      1.00000 para top(01)
Mensaje X / 08:30:00:000 / top(01) / pifailin /      1.00000 para admissibilityinspection(02)
Mensaje D / 08:30:00:000 / admissibilityinspection(02) / 00:18:00:000 para top(01)
Mensaje D / 08:30:00:000 / top(01) / 00:18:00:000 para Root(00)
Mensaje * / 08:48:00:000 / Root(00) para top(01)
Mensaje * / 08:48:00:000 / top(01) para admissibilityinspection(02)
Mensaje Y / 08:48:00:000 / admissibilityinspection(02) / admiout /      1.00000 para top(01)
Mensaje D / 08:48:00:000 / admissibilityinspection(02) / ... para top(01)
Mensaje Y / 08:48:00:000 / top(01) / out /      1.00000 para Root(00)
Mensaje D / 08:48:00:000 / top(01) / ... para Root(00)
