Mensaje I / 00:00:00:000 / Root(00) para top(01)
Mensaje I / 00:00:00:000 / top(01) para admissibilityevaluator(02)
Mensaje D / 00:00:00:000 / admissibilityevaluator(02) / ... para top(01)
Mensaje D / 00:00:00:000 / top(01) / ... para Root(00)
Mensaje X / 00:00:00:000 / Root(00) / pipassin /      1.00000 para top(01)
Mensaje X / 00:00:00:000 / top(01) / pipassin /      1.00000 para admissibilityevaluator(02)
Mensaje D / 00:00:00:000 / admissibilityevaluator(02) / 00:04:00:000 para top(01)
Mensaje D / 00:00:00:000 / top(01) / 00:04:00:000 para Root(00)
Mensaje * / 00:04:00:000 / Root(00) para top(01)
Mensaje * / 00:04:00:000 / top(01) para admissibilityevaluator(02)
Mensaje Y / 00:04:00:000 / admissibilityevaluator(02) / admevalresultout /      1.00000 para top(01)
Mensaje D / 00:04:00:000 / admissibilityevaluator(02) / ... para top(01)
Mensaje Y / 00:04:00:000 / top(01) / admevalresultout /      1.00000 para Root(00)
Mensaje D / 00:04:00:000 / top(01) / ... para Root(00)
Mensaje X / 00:05:00:000 / Root(00) / admiin /      1.00000 para top(01)
Mensaje X / 00:05:00:000 / top(01) / admiin /      1.00000 para admissibilityevaluator(02)
Mensaje D / 00:05:00:000 / admissibilityevaluator(02) / 00:00:00:000 para top(01)
Mensaje D / 00:05:00:000 / top(01) / 00:00:00:000 para Root(00)
Mensaje X / 00:05:00:000 / Root(00) / ciin /      1.00000 para top(01)
Mensaje X / 00:05:00:000 / top(01) / ciin /      1.00000 para admissibilityevaluator(02)
Mensaje D / 00:05:00:000 / admissibilityevaluator(02) / 00:04:00:000 para top(01)
Mensaje D / 00:05:00:000 / top(01) / 00:04:00:000 para Root(00)
Mensaje * / 00:09:00:000 / Root(00) para top(01)
Mensaje * / 00:09:00:000 / top(01) para admissibilityevaluator(02)
Mensaje Y / 00:09:00:000 / admissibilityevaluator(02) / admevalresultout /      1.00000 para top(01)
Mensaje D / 00:09:00:000 / admissibilityevaluator(02) / ... para top(01)
Mensaje Y / 00:09:00:000 / top(01) / admevalresultout /      1.00000 para Root(00)
Mensaje D / 00:09:00:000 / top(01) / ... para Root(00)
Mensaje X / 00:10:00:000 / Root(00) / admiin /      1.00000 para top(01)
Mensaje X / 00:10:00:000 / top(01) / admiin /      1.00000 para admissibilityevaluator(02)
Mensaje D / 00:10:00:000 / admissibilityevaluator(02) / 00:00:00:000 para top(01)
Mensaje D / 00:10:00:000 / top(01) / 00:00:00:000 para Root(00)
Mensaje X / 00:10:00:000 / Root(00) / ciin /      0.00000 para top(01)
Mensaje X / 00:10:00:000 / top(01) / ciin /      0.00000 para admissibilityevaluator(02)
Mensaje D / 00:10:00:000 / admissibilityevaluator(02) / 00:03:00:000 para top(01)
Mensaje D / 00:10:00:000 / top(01) / 00:03:00:000 para Root(00)
Mensaje * / 00:13:00:000 / Root(00) para top(01)
Mensaje * / 00:13:00:000 / top(01) para admissibilityevaluator(02)
Mensaje Y / 00:13:00:000 / admissibilityevaluator(02) / admevalresultout /      0.00000 para top(01)
Mensaje D / 00:13:00:000 / admissibilityevaluator(02) / ... para top(01)
Mensaje Y / 00:13:00:000 / top(01) / admevalresultout /      0.00000 para Root(00)
Mensaje D / 00:13:00:000 / top(01) / ... para Root(00)
Mensaje X / 00:15:00:000 / Root(00) / admiin /      0.00000 para top(01)
Mensaje X / 00:15:00:000 / top(01) / admiin /      0.00000 para admissibilityevaluator(02)
Mensaje D / 00:15:00:000 / admissibilityevaluator(02) / 00:00:00:000 para top(01)
Mensaje D / 00:15:00:000 / top(01) / 00:00:00:000 para Root(00)
Mensaje X / 00:15:00:000 / Root(00) / ciin /      1.00000 para top(01)
Mensaje X / 00:15:00:000 / top(01) / ciin /      1.00000 para admissibilityevaluator(02)
Mensaje D / 00:15:00:000 / admissibilityevaluator(02) / 00:04:00:000 para top(01)
Mensaje D / 00:15:00:000 / top(01) / 00:04:00:000 para Root(00)
Mensaje * / 00:19:00:000 / Root(00) para top(01)
Mensaje * / 00:19:00:000 / top(01) para admissibilityevaluator(02)
Mensaje Y / 00:19:00:000 / admissibilityevaluator(02) / admevalresultout /      0.00000 para top(01)
Mensaje D / 00:19:00:000 / admissibilityevaluator(02) / ... para top(01)
Mensaje Y / 00:19:00:000 / top(01) / admevalresultout /      0.00000 para Root(00)
Mensaje D / 00:19:00:000 / top(01) / ... para Root(00)
Mensaje X / 00:20:00:000 / Root(00) / admiin /      0.00000 para top(01)
Mensaje X / 00:20:00:000 / top(01) / admiin /      0.00000 para admissibilityevaluator(02)
Mensaje D / 00:20:00:000 / admissibilityevaluator(02) / 00:00:00:000 para top(01)
Mensaje D / 00:20:00:000 / top(01) / 00:00:00:000 para Root(00)
Mensaje X / 00:20:00:000 / Root(00) / ciin /      0.00000 para top(01)
Mensaje X / 00:20:00:000 / top(01) / ciin /      0.00000 para admissibilityevaluator(02)
Mensaje D / 00:20:00:000 / admissibilityevaluator(02) / 00:03:00:000 para top(01)
Mensaje D / 00:20:00:000 / top(01) / 00:03:00:000 para Root(00)
Mensaje * / 00:23:00:000 / Root(00) para top(01)
Mensaje * / 00:23:00:000 / top(01) para admissibilityevaluator(02)
Mensaje Y / 00:23:00:000 / admissibilityevaluator(02) / admevalresultout /      0.00000 para top(01)
Mensaje D / 00:23:00:000 / admissibilityevaluator(02) / ... para top(01)
Mensaje Y / 00:23:00:000 / top(01) / admevalresultout /      0.00000 para Root(00)
Mensaje D / 00:23:00:000 / top(01) / ... para Root(00)
