Mensaje I / 00:00:00:000 / Root(00) para top(01)
Mensaje I / 00:00:00:000 / top(01) para customsinspection(02)
Mensaje D / 00:00:00:000 / customsinspection(02) / ... para top(01)
Mensaje D / 00:00:00:000 / top(01) / ... para Root(00)
Mensaje X / 00:00:00:000 / Root(00) / in /      1.00000 para top(01)
Mensaje X / 00:00:00:000 / top(01) / pifailin /      1.00000 para customsinspection(02)
Mensaje D / 00:00:00:000 / customsinspection(02) / 00:35:00:000 para top(01)
Mensaje D / 00:00:00:000 / top(01) / 00:35:00:000 para Root(00)
Mensaje * / 00:35:00:000 / Root(00) para top(01)
Mensaje * / 00:35:00:000 / top(01) para customsinspection(02)
Mensaje Y / 00:35:00:000 / customsinspection(02) / ciout /      1.00000 para top(01)
Mensaje D / 00:35:00:000 / customsinspection(02) / ... para top(01)
Mensaje Y / 00:35:00:000 / top(01) / out /      1.00000 para Root(00)
Mensaje D / 00:35:00:000 / top(01) / ... para Root(00)
Mensaje X / 01:00:00:000 / Root(00) / in /      1.00000 para top(01)
Mensaje X / 01:00:00:000 / top(01) / pifailin /      1.00000 para customsinspection(02)
Mensaje D / 01:00:00:000 / customsinspection(02) / 00:58:00:000 para top(01)
Mensaje D / 01:00:00:000 / top(01) / 00:58:00:000 para Root(00)
Mensaje * / 01:58:00:000 / Root(00) para top(01)
Mensaje * / 01:58:00:000 / top(01) para customsinspection(02)
Mensaje Y / 01:58:00:000 / customsinspection(02) / ciout /      1.00000 para top(01)
Mensaje D / 01:58:00:000 / customsinspection(02) / ... para top(01)
Mensaje Y / 01:58:00:000 / top(01) / out /      1.00000 para Root(00)
Mensaje D / 01:58:00:000 / top(01) / ... para Root(00)
Mensaje X / 02:00:00:000 / Root(00) / in /      1.00000 para top(01)
Mensaje X / 02:00:00:000 / top(01) / pifailin /      1.00000 para customsinspection(02)
Mensaje D / 02:00:00:000 / customsinspection(02) / 00:31:00:000 para top(01)
Mensaje D / 02:00:00:000 / top(01) / 00:31:00:000 para Root(00)
Mensaje * / 02:31:00:000 / Root(00) para top(01)
Mensaje * / 02:31:00:000 / top(01) para customsinspection(02)
Mensaje Y / 02:31:00:000 / customsinspection(02) / ciout /      1.00000 para top(01)
Mensaje D / 02:31:00:000 / customsinspection(02) / ... para top(01)
Mensaje Y / 02:31:00:000 / top(01) / out /      1.00000 para Root(00)
Mensaje D / 02:31:00:000 / top(01) / ... para Root(00)
Mensaje X / 03:00:00:000 / Root(00) / in /      1.00000 para top(01)
Mensaje X / 03:00:00:000 / top(01) / pifailin /      1.00000 para customsinspection(02)
Mensaje D / 03:00:00:000 / customsinspection(02) / 00:45:00:000 para top(01)
Mensaje D / 03:00:00:000 / top(01) / 00:45:00:000 para Root(00)
Mensaje * / 03:45:00:000 / Root(00) para top(01)
Mensaje * / 03:45:00:000 / top(01) para customsinspection(02)
Mensaje Y / 03:45:00:000 / customsinspection(02) / ciout /      1.00000 para top(01)
Mensaje D / 03:45:00:000 / customsinspection(02) / ... para top(01)
Mensaje Y / 03:45:00:000 / top(01) / out /      1.00000 para Root(00)
Mensaje D / 03:45:00:000 / top(01) / ... para Root(00)
Mensaje X / 04:00:00:000 / Root(00) / in /      1.00000 para top(01)
Mensaje X / 04:00:00:000 / top(01) / pifailin /      1.00000 para customsinspection(02)
Mensaje D / 04:00:00:000 / customsinspection(02) / 00:45:00:000 para top(01)
Mensaje D / 04:00:00:000 / top(01) / 00:45:00:000 para Root(00)
Mensaje * / 04:45:00:000 / Root(00) para top(01)
Mensaje * / 04:45:00:000 / top(01) para customsinspection(02)
Mensaje Y / 04:45:00:000 / customsinspection(02) / ciout /      1.00000 para top(01)
Mensaje D / 04:45:00:000 / customsinspection(02) / ... para top(01)
Mensaje Y / 04:45:00:000 / top(01) / out /      1.00000 para Root(00)
Mensaje D / 04:45:00:000 / top(01) / ... para Root(00)
Mensaje X / 05:00:00:000 / Root(00) / in /      1.00000 para top(01)
Mensaje X / 05:00:00:000 / top(01) / pifailin /      1.00000 para customsinspection(02)
Mensaje D / 05:00:00:000 / customsinspection(02) / 00:30:00:000 para top(01)
Mensaje D / 05:00:00:000 / top(01) / 00:30:00:000 para Root(00)
Mensaje * / 05:30:00:000 / Root(00) para top(01)
Mensaje * / 05:30:00:000 / top(01) para customsinspection(02)
Mensaje Y / 05:30:00:000 / customsinspection(02) / ciout /      1.00000 para top(01)
Mensaje D / 05:30:00:000 / customsinspection(02) / ... para top(01)
Mensaje Y / 05:30:00:000 / top(01) / out /      1.00000 para Root(00)
Mensaje D / 05:30:00:000 / top(01) / ... para Root(00)
Mensaje X / 06:00:00:000 / Root(00) / in /      1.00000 para top(01)
Mensaje X / 06:00:00:000 / top(01) / pifailin /      1.00000 para customsinspection(02)
Mensaje D / 06:00:00:000 / customsinspection(02) / 00:32:00:000 para top(01)
Mensaje D / 06:00:00:000 / top(01) / 00:32:00:000 para Root(00)
Mensaje * / 06:32:00:000 / Root(00) para top(01)
Mensaje * / 06:32:00:000 / top(01) para customsinspection(02)
Mensaje Y / 06:32:00:000 / customsinspection(02) / ciout /      1.00000 para top(01)
Mensaje D / 06:32:00:000 / customsinspection(02) / ... para top(01)
Mensaje Y / 06:32:00:000 / top(01) / out /      1.00000 para Root(00)
Mensaje D / 06:32:00:000 / top(01) / ... para Root(00)
Mensaje X / 07:00:00:000 / Root(00) / in /      1.00000 para top(01)
Mensaje X / 07:00:00:000 / top(01) / pifailin /      1.00000 para customsinspection(02)
Mensaje D / 07:00:00:000 / customsinspection(02) / 00:52:00:000 para top(01)
Mensaje D / 07:00:00:000 / top(01) / 00:52:00:000 para Root(00)
Mensaje * / 07:52:00:000 / Root(00) para top(01)
Mensaje * / 07:52:00:000 / top(01) para customsinspection(02)
Mensaje Y / 07:52:00:000 / customsinspection(02) / ciout /      1.00000 para top(01)
Mensaje D / 07:52:00:000 / customsinspection(02) / ... para top(01)
Mensaje Y / 07:52:00:000 / top(01) / out /      1.00000 para Root(00)
Mensaje D / 07:52:00:000 / top(01) / ... para Root(00)
Mensaje X / 08:00:00:000 / Root(00) / in /      1.00000 para top(01)
Mensaje X / 08:00:00:000 / top(01) / pifailin /      1.00000 para customsinspection(02)
Mensaje D / 08:00:00:000 / customsinspection(02) / 00:44:00:000 para top(01)
Mensaje D / 08:00:00:000 / top(01) / 00:44:00:000 para Root(00)
Mensaje * / 08:44:00:000 / Root(00) para top(01)
Mensaje * / 08:44:00:000 / top(01) para customsinspection(02)
Mensaje Y / 08:44:00:000 / customsinspection(02) / ciout /      1.00000 para top(01)
Mensaje D / 08:44:00:000 / customsinspection(02) / ... para top(01)
Mensaje Y / 08:44:00:000 / top(01) / out /      1.00000 para Root(00)
Mensaje D / 08:44:00:000 / top(01) / ... para Root(00)
Mensaje X / 09:00:00:000 / Root(00) / in /      1.00000 para top(01)
Mensaje X / 09:00:00:000 / top(01) / pifailin /      1.00000 para customsinspection(02)
Mensaje D / 09:00:00:000 / customsinspection(02) / 00:42:00:000 para top(01)
Mensaje D / 09:00:00:000 / top(01) / 00:42:00:000 para Root(00)
Mensaje * / 09:42:00:000 / Root(00) para top(01)
Mensaje * / 09:42:00:000 / top(01) para customsinspection(02)
Mensaje Y / 09:42:00:000 / customsinspection(02) / ciout /      1.00000 para top(01)
Mensaje D / 09:42:00:000 / customsinspection(02) / ... para top(01)
Mensaje Y / 09:42:00:000 / top(01) / out /      1.00000 para Root(00)
Mensaje D / 09:42:00:000 / top(01) / ... para Root(00)
Mensaje X / 10:00:00:000 / Root(00) / in /      1.00000 para top(01)
Mensaje X / 10:00:00:000 / top(01) / pifailin /      1.00000 para customsinspection(02)
Mensaje D / 10:00:00:000 / customsinspection(02) / 00:53:00:000 para top(01)
Mensaje D / 10:00:00:000 / top(01) / 00:53:00:000 para Root(00)
Mensaje * / 10:53:00:000 / Root(00) para top(01)
Mensaje * / 10:53:00:000 / top(01) para customsinspection(02)
Mensaje Y / 10:53:00:000 / customsinspection(02) / ciout /      1.00000 para top(01)
Mensaje D / 10:53:00:000 / customsinspection(02) / ... para top(01)
Mensaje Y / 10:53:00:000 / top(01) / out /      1.00000 para Root(00)
Mensaje D / 10:53:00:000 / top(01) / ... para Root(00)
Mensaje X / 11:00:00:000 / Root(00) / in /      1.00000 para top(01)
Mensaje X / 11:00:00:000 / top(01) / pifailin /      1.00000 para customsinspection(02)
Mensaje D / 11:00:00:000 / customsinspection(02) / 00:46:00:000 para top(01)
Mensaje D / 11:00:00:000 / top(01) / 00:46:00:000 para Root(00)
Mensaje * / 11:46:00:000 / Root(00) para top(01)
Mensaje * / 11:46:00:000 / top(01) para customsinspection(02)
Mensaje Y / 11:46:00:000 / customsinspection(02) / ciout /      1.00000 para top(01)
Mensaje D / 11:46:00:000 / customsinspection(02) / ... para top(01)
Mensaje Y / 11:46:00:000 / top(01) / out /      1.00000 para Root(00)
Mensaje D / 11:46:00:000 / top(01) / ... para Root(00)
Mensaje X / 12:00:00:000 / Root(00) / in /      1.00000 para top(01)
Mensaje X / 12:00:00:000 / top(01) / pifailin /      1.00000 para customsinspection(02)
Mensaje D / 12:00:00:000 / customsinspection(02) / 00:37:00:000 para top(01)
Mensaje D / 12:00:00:000 / top(01) / 00:37:00:000 para Root(00)
Mensaje * / 12:37:00:000 / Root(00) para top(01)
Mensaje * / 12:37:00:000 / top(01) para customsinspection(02)
Mensaje Y / 12:37:00:000 / customsinspection(02) / ciout /      1.00000 para top(01)
Mensaje D / 12:37:00:000 / customsinspection(02) / ... para top(01)
Mensaje Y / 12:37:00:000 / top(01) / out /      1.00000 para Root(00)
Mensaje D / 12:37:00:000 / top(01) / ... para Root(00)
Mensaje X / 13:00:00:000 / Root(00) / in /      1.00000 para top(01)
Mensaje X / 13:00:00:000 / top(01) / pifailin /      1.00000 para customsinspection(02)
Mensaje D / 13:00:00:000 / customsinspection(02) / 00:51:00:000 para top(01)
Mensaje D / 13:00:00:000 / top(01) / 00:51:00:000 para Root(00)
Mensaje * / 13:51:00:000 / Root(00) para top(01)
Mensaje * / 13:51:00:000 / top(01) para customsinspection(02)
Mensaje Y / 13:51:00:000 / customsinspection(02) / ciout /      1.00000 para top(01)
Mensaje D / 13:51:00:000 / customsinspection(02) / ... para top(01)
Mensaje Y / 13:51:00:000 / top(01) / out /      1.00000 para Root(00)
Mensaje D / 13:51:00:000 / top(01) / ... para Root(00)
Mensaje X / 14:00:00:000 / Root(00) / in /      1.00000 para top(01)
Mensaje X / 14:00:00:000 / top(01) / pifailin /      1.00000 para customsinspection(02)
Mensaje D / 14:00:00:000 / customsinspection(02) / 00:34:00:000 para top(01)
Mensaje D / 14:00:00:000 / top(01) / 00:34:00:000 para Root(00)
Mensaje * / 14:34:00:000 / Root(00) para top(01)
Mensaje * / 14:34:00:000 / top(01) para customsinspection(02)
Mensaje Y / 14:34:00:000 / customsinspection(02) / ciout /      1.00000 para top(01)
Mensaje D / 14:34:00:000 / customsinspection(02) / ... para top(01)
Mensaje Y / 14:34:00:000 / top(01) / out /      1.00000 para Root(00)
Mensaje D / 14:34:00:000 / top(01) / ... para Root(00)
Mensaje X / 15:00:00:000 / Root(00) / in /      1.00000 para top(01)
Mensaje X / 15:00:00:000 / top(01) / pifailin /      1.00000 para customsinspection(02)
Mensaje D / 15:00:00:000 / customsinspection(02) / 00:50:00:000 para top(01)
Mensaje D / 15:00:00:000 / top(01) / 00:50:00:000 para Root(00)
Mensaje * / 15:50:00:000 / Root(00) para top(01)
Mensaje * / 15:50:00:000 / top(01) para customsinspection(02)
Mensaje Y / 15:50:00:000 / customsinspection(02) / ciout /      1.00000 para top(01)
Mensaje D / 15:50:00:000 / customsinspection(02) / ... para top(01)
Mensaje Y / 15:50:00:000 / top(01) / out /      1.00000 para Root(00)
Mensaje D / 15:50:00:000 / top(01) / ... para Root(00)
Mensaje X / 16:00:00:000 / Root(00) / in /      1.00000 para top(01)
Mensaje X / 16:00:00:000 / top(01) / pifailin /      1.00000 para customsinspection(02)
Mensaje D / 16:00:00:000 / customsinspection(02) / 00:51:00:000 para top(01)
Mensaje D / 16:00:00:000 / top(01) / 00:51:00:000 para Root(00)
Mensaje * / 16:51:00:000 / Root(00) para top(01)
Mensaje * / 16:51:00:000 / top(01) para customsinspection(02)
Mensaje Y / 16:51:00:000 / customsinspection(02) / ciout /      1.00000 para top(01)
Mensaje D / 16:51:00:000 / customsinspection(02) / ... para top(01)
Mensaje Y / 16:51:00:000 / top(01) / out /      1.00000 para Root(00)
Mensaje D / 16:51:00:000 / top(01) / ... para Root(00)
Mensaje X / 17:00:00:000 / Root(00) / in /      1.00000 para top(01)
Mensaje X / 17:00:00:000 / top(01) / pifailin /      1.00000 para customsinspection(02)
Mensaje D / 17:00:00:000 / customsinspection(02) / 00:37:00:000 para top(01)
Mensaje D / 17:00:00:000 / top(01) / 00:37:00:000 para Root(00)
Mensaje * / 17:37:00:000 / Root(00) para top(01)
Mensaje * / 17:37:00:000 / top(01) para customsinspection(02)
Mensaje Y / 17:37:00:000 / customsinspection(02) / ciout /      1.00000 para top(01)
Mensaje D / 17:37:00:000 / customsinspection(02) / ... para top(01)
Mensaje Y / 17:37:00:000 / top(01) / out /      1.00000 para Root(00)
Mensaje D / 17:37:00:000 / top(01) / ... para Root(00)
Mensaje X / 18:00:00:000 / Root(00) / in /      1.00000 para top(01)
Mensaje X / 18:00:00:000 / top(01) / pifailin /      1.00000 para customsinspection(02)
Mensaje D / 18:00:00:000 / customsinspection(02) / 00:55:00:000 para top(01)
Mensaje D / 18:00:00:000 / top(01) / 00:55:00:000 para Root(00)
Mensaje * / 18:55:00:000 / Root(00) para top(01)
Mensaje * / 18:55:00:000 / top(01) para customsinspection(02)
Mensaje Y / 18:55:00:000 / customsinspection(02) / ciout /      1.00000 para top(01)
Mensaje D / 18:55:00:000 / customsinspection(02) / ... para top(01)
Mensaje Y / 18:55:00:000 / top(01) / out /      1.00000 para Root(00)
Mensaje D / 18:55:00:000 / top(01) / ... para Root(00)
Mensaje X / 19:00:00:000 / Root(00) / in /      1.00000 para top(01)
Mensaje X / 19:00:00:000 / top(01) / pifailin /      1.00000 para customsinspection(02)
Mensaje D / 19:00:00:000 / customsinspection(02) / 00:33:00:000 para top(01)
Mensaje D / 19:00:00:000 / top(01) / 00:33:00:000 para Root(00)
Mensaje * / 19:33:00:000 / Root(00) para top(01)
Mensaje * / 19:33:00:000 / top(01) para customsinspection(02)
Mensaje Y / 19:33:00:000 / customsinspection(02) / ciout /      1.00000 para top(01)
Mensaje D / 19:33:00:000 / customsinspection(02) / ... para top(01)
Mensaje Y / 19:33:00:000 / top(01) / out /      1.00000 para Root(00)
Mensaje D / 19:33:00:000 / top(01) / ... para Root(00)
