Mensaje I / 00:00:00:000 / Root(00) para top(01)
Mensaje I / 00:00:00:000 / top(01) para personqueryperformer(02)
Mensaje D / 00:00:00:000 / personqueryperformer(02) / ... para top(01)
Mensaje D / 00:00:00:000 / top(01) / ... para Root(00)
Mensaje X / 00:00:00:000 / Root(00) / in /      1.00000 para top(01)
Mensaje X / 00:00:00:000 / top(01) / pqptrafficin /      1.00000 para personqueryperformer(02)
Mensaje D / 00:00:00:000 / personqueryperformer(02) / 00:03:00:000 para top(01)
Mensaje D / 00:00:00:000 / top(01) / 00:03:00:000 para Root(00)
Mensaje * / 00:03:00:000 / Root(00) para top(01)
Mensaje * / 00:03:00:000 / top(01) para personqueryperformer(02)
Mensaje Y / 00:03:00:000 / personqueryperformer(02) / pqpresultout /      1.00000 para top(01)
Mensaje D / 00:03:00:000 / personqueryperformer(02) / ... para top(01)
Mensaje Y / 00:03:00:000 / top(01) / out /      1.00000 para Root(00)
Mensaje D / 00:03:00:000 / top(01) / ... para Root(00)
Mensaje X / 00:05:00:000 / Root(00) / in /      1.00000 para top(01)
Mensaje X / 00:05:00:000 / top(01) / pqptrafficin /      1.00000 para personqueryperformer(02)
Mensaje D / 00:05:00:000 / personqueryperformer(02) / 00:04:00:000 para top(01)
Mensaje D / 00:05:00:000 / top(01) / 00:04:00:000 para Root(00)
Mensaje * / 00:09:00:000 / Root(00) para top(01)
Mensaje * / 00:09:00:000 / top(01) para personqueryperformer(02)
Mensaje Y / 00:09:00:000 / personqueryperformer(02) / pqpresultout /      1.00000 para top(01)
Mensaje D / 00:09:00:000 / personqueryperformer(02) / ... para top(01)
Mensaje Y / 00:09:00:000 / top(01) / out /      1.00000 para Root(00)
Mensaje D / 00:09:00:000 / top(01) / ... para Root(00)
Mensaje X / 00:11:00:000 / Root(00) / in /      1.00000 para top(01)
Mensaje X / 00:11:00:000 / top(01) / pqptrafficin /      1.00000 para personqueryperformer(02)
Mensaje D / 00:11:00:000 / personqueryperformer(02) / 00:03:00:000 para top(01)
Mensaje D / 00:11:00:000 / top(01) / 00:03:00:000 para Root(00)
Mensaje * / 00:14:00:000 / Root(00) para top(01)
Mensaje * / 00:14:00:000 / top(01) para personqueryperformer(02)
Mensaje Y / 00:14:00:000 / personqueryperformer(02) / pqpresultout /      1.00000 para top(01)
Mensaje D / 00:14:00:000 / personqueryperformer(02) / ... para top(01)
Mensaje Y / 00:14:00:000 / top(01) / out /      1.00000 para Root(00)
Mensaje D / 00:14:00:000 / top(01) / ... para Root(00)
Mensaje X / 00:20:00:000 / Root(00) / in /      1.00000 para top(01)
Mensaje X / 00:20:00:000 / top(01) / pqptrafficin /      1.00000 para personqueryperformer(02)
Mensaje D / 00:20:00:000 / personqueryperformer(02) / 00:04:00:000 para top(01)
Mensaje D / 00:20:00:000 / top(01) / 00:04:00:000 para Root(00)
Mensaje * / 00:24:00:000 / Root(00) para top(01)
Mensaje * / 00:24:00:000 / top(01) para personqueryperformer(02)
Mensaje Y / 00:24:00:000 / personqueryperformer(02) / pqpresultout /      1.00000 para top(01)
Mensaje D / 00:24:00:000 / personqueryperformer(02) / ... para top(01)
Mensaje Y / 00:24:00:000 / top(01) / out /      1.00000 para Root(00)
Mensaje D / 00:24:00:000 / top(01) / ... para Root(00)
Mensaje X / 00:26:00:000 / Root(00) / in /      1.00000 para top(01)
Mensaje X / 00:26:00:000 / top(01) / pqptrafficin /      1.00000 para personqueryperformer(02)
Mensaje D / 00:26:00:000 / personqueryperformer(02) / 00:04:00:000 para top(01)
Mensaje D / 00:26:00:000 / top(01) / 00:04:00:000 para Root(00)
Mensaje * / 00:30:00:000 / Root(00) para top(01)
Mensaje * / 00:30:00:000 / top(01) para personqueryperformer(02)
Mensaje Y / 00:30:00:000 / personqueryperformer(02) / pqpresultout /      1.00000 para top(01)
Mensaje D / 00:30:00:000 / personqueryperformer(02) / ... para top(01)
Mensaje Y / 00:30:00:000 / top(01) / out /      1.00000 para Root(00)
Mensaje D / 00:30:00:000 / top(01) / ... para Root(00)
Mensaje X / 00:32:00:000 / Root(00) / in /      1.00000 para top(01)
Mensaje X / 00:32:00:000 / top(01) / pqptrafficin /      1.00000 para personqueryperformer(02)
Mensaje D / 00:32:00:000 / personqueryperformer(02) / 00:03:00:000 para top(01)
Mensaje D / 00:32:00:000 / top(01) / 00:03:00:000 para Root(00)
Mensaje * / 00:35:00:000 / Root(00) para top(01)
Mensaje * / 00:35:00:000 / top(01) para personqueryperformer(02)
Mensaje Y / 00:35:00:000 / personqueryperformer(02) / pqpresultout /      0.00000 para top(01)
Mensaje D / 00:35:00:000 / personqueryperformer(02) / ... para top(01)
Mensaje Y / 00:35:00:000 / top(01) / out /      0.00000 para Root(00)
Mensaje D / 00:35:00:000 / top(01) / ... para Root(00)
Mensaje X / 00:38:00:000 / Root(00) / in /      1.00000 para top(01)
Mensaje X / 00:38:00:000 / top(01) / pqptrafficin /      1.00000 para personqueryperformer(02)
Mensaje D / 00:38:00:000 / personqueryperformer(02) / 00:03:00:000 para top(01)
Mensaje D / 00:38:00:000 / top(01) / 00:03:00:000 para Root(00)
Mensaje * / 00:41:00:000 / Root(00) para top(01)
Mensaje * / 00:41:00:000 / top(01) para personqueryperformer(02)
Mensaje Y / 00:41:00:000 / personqueryperformer(02) / pqpresultout /      1.00000 para top(01)
Mensaje D / 00:41:00:000 / personqueryperformer(02) / ... para top(01)
Mensaje Y / 00:41:00:000 / top(01) / out /      1.00000 para Root(00)
Mensaje D / 00:41:00:000 / top(01) / ... para Root(00)
Mensaje X / 00:44:00:000 / Root(00) / in /      1.00000 para top(01)
Mensaje X / 00:44:00:000 / top(01) / pqptrafficin /      1.00000 para personqueryperformer(02)
Mensaje D / 00:44:00:000 / personqueryperformer(02) / 00:04:00:000 para top(01)
Mensaje D / 00:44:00:000 / top(01) / 00:04:00:000 para Root(00)
Mensaje * / 00:48:00:000 / Root(00) para top(01)
Mensaje * / 00:48:00:000 / top(01) para personqueryperformer(02)
Mensaje Y / 00:48:00:000 / personqueryperformer(02) / pqpresultout /      1.00000 para top(01)
Mensaje D / 00:48:00:000 / personqueryperformer(02) / ... para top(01)
Mensaje Y / 00:48:00:000 / top(01) / out /      1.00000 para Root(00)
Mensaje D / 00:48:00:000 / top(01) / ... para Root(00)
Mensaje X / 00:50:00:000 / Root(00) / in /      1.00000 para top(01)
Mensaje X / 00:50:00:000 / top(01) / pqptrafficin /      1.00000 para personqueryperformer(02)
Mensaje D / 00:50:00:000 / personqueryperformer(02) / 00:04:00:000 para top(01)
Mensaje D / 00:50:00:000 / top(01) / 00:04:00:000 para Root(00)
Mensaje * / 00:54:00:000 / Root(00) para top(01)
Mensaje * / 00:54:00:000 / top(01) para personqueryperformer(02)
Mensaje Y / 00:54:00:000 / personqueryperformer(02) / pqpresultout /      1.00000 para top(01)
Mensaje D / 00:54:00:000 / personqueryperformer(02) / ... para top(01)
Mensaje Y / 00:54:00:000 / top(01) / out /      1.00000 para Root(00)
Mensaje D / 00:54:00:000 / top(01) / ... para Root(00)
Mensaje X / 00:55:00:000 / Root(00) / in /      1.00000 para top(01)
Mensaje X / 00:55:00:000 / top(01) / pqptrafficin /      1.00000 para personqueryperformer(02)
Mensaje D / 00:55:00:000 / personqueryperformer(02) / 00:03:00:000 para top(01)
Mensaje D / 00:55:00:000 / top(01) / 00:03:00:000 para Root(00)
Mensaje * / 00:58:00:000 / Root(00) para top(01)
Mensaje * / 00:58:00:000 / top(01) para personqueryperformer(02)
Mensaje Y / 00:58:00:000 / personqueryperformer(02) / pqpresultout /      1.00000 para top(01)
Mensaje D / 00:58:00:000 / personqueryperformer(02) / ... para top(01)
Mensaje Y / 00:58:00:000 / top(01) / out /      1.00000 para Root(00)
Mensaje D / 00:58:00:000 / top(01) / ... para Root(00)
Mensaje X / 01:00:00:000 / Root(00) / in /      1.00000 para top(01)
Mensaje X / 01:00:00:000 / top(01) / pqptrafficin /      1.00000 para personqueryperformer(02)
Mensaje D / 01:00:00:000 / personqueryperformer(02) / 00:04:00:000 para top(01)
Mensaje D / 01:00:00:000 / top(01) / 00:04:00:000 para Root(00)
Mensaje * / 01:04:00:000 / Root(00) para top(01)
Mensaje * / 01:04:00:000 / top(01) para personqueryperformer(02)
Mensaje Y / 01:04:00:000 / personqueryperformer(02) / pqpresultout /      1.00000 para top(01)
Mensaje D / 01:04:00:000 / personqueryperformer(02) / ... para top(01)
Mensaje Y / 01:04:00:000 / top(01) / out /      1.00000 para Root(00)
Mensaje D / 01:04:00:000 / top(01) / ... para Root(00)
Mensaje X / 01:05:00:000 / Root(00) / in /      1.00000 para top(01)
Mensaje X / 01:05:00:000 / top(01) / pqptrafficin /      1.00000 para personqueryperformer(02)
Mensaje D / 01:05:00:000 / personqueryperformer(02) / 00:03:00:000 para top(01)
Mensaje D / 01:05:00:000 / top(01) / 00:03:00:000 para Root(00)
Mensaje * / 01:08:00:000 / Root(00) para top(01)
Mensaje * / 01:08:00:000 / top(01) para personqueryperformer(02)
Mensaje Y / 01:08:00:000 / personqueryperformer(02) / pqpresultout /      1.00000 para top(01)
Mensaje D / 01:08:00:000 / personqueryperformer(02) / ... para top(01)
Mensaje Y / 01:08:00:000 / top(01) / out /      1.00000 para Root(00)
Mensaje D / 01:08:00:000 / top(01) / ... para Root(00)
Mensaje X / 01:11:00:000 / Root(00) / in /      1.00000 para top(01)
Mensaje X / 01:11:00:000 / top(01) / pqptrafficin /      1.00000 para personqueryperformer(02)
Mensaje D / 01:11:00:000 / personqueryperformer(02) / 00:03:00:000 para top(01)
Mensaje D / 01:11:00:000 / top(01) / 00:03:00:000 para Root(00)
Mensaje * / 01:14:00:000 / Root(00) para top(01)
Mensaje * / 01:14:00:000 / top(01) para personqueryperformer(02)
Mensaje Y / 01:14:00:000 / personqueryperformer(02) / pqpresultout /      1.00000 para top(01)
Mensaje D / 01:14:00:000 / personqueryperformer(02) / ... para top(01)
Mensaje Y / 01:14:00:000 / top(01) / out /      1.00000 para Root(00)
Mensaje D / 01:14:00:000 / top(01) / ... para Root(00)
Mensaje X / 01:20:00:000 / Root(00) / in /      1.00000 para top(01)
Mensaje X / 01:20:00:000 / top(01) / pqptrafficin /      1.00000 para personqueryperformer(02)
Mensaje D / 01:20:00:000 / personqueryperformer(02) / 00:04:00:000 para top(01)
Mensaje D / 01:20:00:000 / top(01) / 00:04:00:000 para Root(00)
Mensaje * / 01:24:00:000 / Root(00) para top(01)
Mensaje * / 01:24:00:000 / top(01) para personqueryperformer(02)
Mensaje Y / 01:24:00:000 / personqueryperformer(02) / pqpresultout /      1.00000 para top(01)
Mensaje D / 01:24:00:000 / personqueryperformer(02) / ... para top(01)
Mensaje Y / 01:24:00:000 / top(01) / out /      1.00000 para Root(00)
Mensaje D / 01:24:00:000 / top(01) / ... para Root(00)
Mensaje X / 01:26:00:000 / Root(00) / in /      1.00000 para top(01)
Mensaje X / 01:26:00:000 / top(01) / pqptrafficin /      1.00000 para personqueryperformer(02)
Mensaje D / 01:26:00:000 / personqueryperformer(02) / 00:03:00:000 para top(01)
Mensaje D / 01:26:00:000 / top(01) / 00:03:00:000 para Root(00)
Mensaje * / 01:29:00:000 / Root(00) para top(01)
Mensaje * / 01:29:00:000 / top(01) para personqueryperformer(02)
Mensaje Y / 01:29:00:000 / personqueryperformer(02) / pqpresultout /      1.00000 para top(01)
Mensaje D / 01:29:00:000 / personqueryperformer(02) / ... para top(01)
Mensaje Y / 01:29:00:000 / top(01) / out /      1.00000 para Root(00)
Mensaje D / 01:29:00:000 / top(01) / ... para Root(00)
Mensaje X / 01:32:00:000 / Root(00) / in /      1.00000 para top(01)
Mensaje X / 01:32:00:000 / top(01) / pqptrafficin /      1.00000 para personqueryperformer(02)
Mensaje D / 01:32:00:000 / personqueryperformer(02) / 00:03:00:000 para top(01)
Mensaje D / 01:32:00:000 / top(01) / 00:03:00:000 para Root(00)
Mensaje * / 01:35:00:000 / Root(00) para top(01)
Mensaje * / 01:35:00:000 / top(01) para personqueryperformer(02)
Mensaje Y / 01:35:00:000 / personqueryperformer(02) / pqpresultout /      1.00000 para top(01)
Mensaje D / 01:35:00:000 / personqueryperformer(02) / ... para top(01)
Mensaje Y / 01:35:00:000 / top(01) / out /      1.00000 para Root(00)
Mensaje D / 01:35:00:000 / top(01) / ... para Root(00)
Mensaje X / 01:38:00:000 / Root(00) / in /      1.00000 para top(01)
Mensaje X / 01:38:00:000 / top(01) / pqptrafficin /      1.00000 para personqueryperformer(02)
Mensaje D / 01:38:00:000 / personqueryperformer(02) / 00:03:00:000 para top(01)
Mensaje D / 01:38:00:000 / top(01) / 00:03:00:000 para Root(00)
Mensaje * / 01:41:00:000 / Root(00) para top(01)
Mensaje * / 01:41:00:000 / top(01) para personqueryperformer(02)
Mensaje Y / 01:41:00:000 / personqueryperformer(02) / pqpresultout /      1.00000 para top(01)
Mensaje D / 01:41:00:000 / personqueryperformer(02) / ... para top(01)
Mensaje Y / 01:41:00:000 / top(01) / out /      1.00000 para Root(00)
Mensaje D / 01:41:00:000 / top(01) / ... para Root(00)
Mensaje X / 01:45:00:000 / Root(00) / in /      1.00000 para top(01)
Mensaje X / 01:45:00:000 / top(01) / pqptrafficin /      1.00000 para personqueryperformer(02)
Mensaje D / 01:45:00:000 / personqueryperformer(02) / 00:04:00:000 para top(01)
Mensaje D / 01:45:00:000 / top(01) / 00:04:00:000 para Root(00)
Mensaje * / 01:49:00:000 / Root(00) para top(01)
Mensaje * / 01:49:00:000 / top(01) para personqueryperformer(02)
Mensaje Y / 01:49:00:000 / personqueryperformer(02) / pqpresultout /      1.00000 para top(01)
Mensaje D / 01:49:00:000 / personqueryperformer(02) / ... para top(01)
Mensaje Y / 01:49:00:000 / top(01) / out /      1.00000 para Root(00)
Mensaje D / 01:49:00:000 / top(01) / ... para Root(00)
Mensaje X / 01:51:00:000 / Root(00) / in /      1.00000 para top(01)
Mensaje X / 01:51:00:000 / top(01) / pqptrafficin /      1.00000 para personqueryperformer(02)
Mensaje D / 01:51:00:000 / personqueryperformer(02) / 00:03:00:000 para top(01)
Mensaje D / 01:51:00:000 / top(01) / 00:03:00:000 para Root(00)
Mensaje * / 01:54:00:000 / Root(00) para top(01)
Mensaje * / 01:54:00:000 / top(01) para personqueryperformer(02)
Mensaje Y / 01:54:00:000 / personqueryperformer(02) / pqpresultout /      1.00000 para top(01)
Mensaje D / 01:54:00:000 / personqueryperformer(02) / ... para top(01)
Mensaje Y / 01:54:00:000 / top(01) / out /      1.00000 para Root(00)
Mensaje D / 01:54:00:000 / top(01) / ... para Root(00)
Mensaje X / 01:58:00:000 / Root(00) / in /      1.00000 para top(01)
Mensaje X / 01:58:00:000 / top(01) / pqptrafficin /      1.00000 para personqueryperformer(02)
Mensaje D / 01:58:00:000 / personqueryperformer(02) / 00:04:00:000 para top(01)
Mensaje D / 01:58:00:000 / top(01) / 00:04:00:000 para Root(00)
Mensaje * / 02:02:00:000 / Root(00) para top(01)
Mensaje * / 02:02:00:000 / top(01) para personqueryperformer(02)
Mensaje Y / 02:02:00:000 / personqueryperformer(02) / pqpresultout /      1.00000 para top(01)
Mensaje D / 02:02:00:000 / personqueryperformer(02) / ... para top(01)
Mensaje Y / 02:02:00:000 / top(01) / out /      1.00000 para Root(00)
Mensaje D / 02:02:00:000 / top(01) / ... para Root(00)
