Mensaje I / 00:00:00:000 / Root(00) para top(01)
Mensaje I / 00:00:00:000 / top(01) para primaryinspection(02)
Mensaje I / 00:00:00:000 / primaryinspection(02) para vehiclequeryperformer(03)
Mensaje I / 00:00:00:000 / primaryinspection(02) para personqueryperformer(04)
Mensaje I / 00:00:00:000 / primaryinspection(02) para queryresultreviewer(05)
Mensaje D / 00:00:00:000 / vehiclequeryperformer(03) / ... para primaryinspection(02)
Mensaje D / 00:00:00:000 / personqueryperformer(04) / ... para primaryinspection(02)
Mensaje D / 00:00:00:000 / queryresultreviewer(05) / ... para primaryinspection(02)
Mensaje D / 00:00:00:000 / primaryinspection(02) / ... para top(01)
Mensaje D / 00:00:00:000 / top(01) / ... para Root(00)
Mensaje X / 00:00:00:000 / Root(00) / in /      1.00000 para top(01)
Mensaje X / 00:00:00:000 / top(01) / in /      1.00000 para primaryinspection(02)
Mensaje X / 00:00:00:000 / primaryinspection(02) / trafficin /      1.00000 para vehiclequeryperformer(03)
Mensaje X / 00:00:00:000 / primaryinspection(02) / pqptrafficin /      1.00000 para personqueryperformer(04)
Mensaje D / 00:00:00:000 / vehiclequeryperformer(03) / 00:01:00:000 para primaryinspection(02)
Mensaje D / 00:00:00:000 / personqueryperformer(04) / 00:03:00:000 para primaryinspection(02)
Mensaje D / 00:00:00:000 / primaryinspection(02) / 00:01:00:000 para top(01)
Mensaje D / 00:00:00:000 / top(01) / 00:01:00:000 para Root(00)
Mensaje * / 00:01:00:000 / Root(00) para top(01)
Mensaje * / 00:01:00:000 / top(01) para primaryinspection(02)
Mensaje * / 00:01:00:000 / primaryinspection(02) para vehiclequeryperformer(03)
Mensaje Y / 00:01:00:000 / vehiclequeryperformer(03) / vqpout /      1.00000 para primaryinspection(02)
Mensaje D / 00:01:00:000 / vehiclequeryperformer(03) / ... para primaryinspection(02)
Mensaje X / 00:01:00:000 / primaryinspection(02) / vqpin /      1.00000 para queryresultreviewer(05)
Mensaje D / 00:01:00:000 / queryresultreviewer(05) / 00:00:00:000 para primaryinspection(02)
Mensaje D / 00:01:00:000 / primaryinspection(02) / 00:00:00:000 para top(01)
Mensaje D / 00:01:00:000 / top(01) / 00:00:00:000 para Root(00)
Mensaje * / 00:01:00:000 / Root(00) para top(01)
Mensaje * / 00:01:00:000 / top(01) para primaryinspection(02)
Mensaje * / 00:01:00:000 / primaryinspection(02) para queryresultreviewer(05)
Mensaje D / 00:01:00:000 / queryresultreviewer(05) / ... para primaryinspection(02)
Mensaje D / 00:01:00:000 / primaryinspection(02) / 00:02:00:000 para top(01)
Mensaje D / 00:01:00:000 / top(01) / 00:02:00:000 para Root(00)
Mensaje * / 00:03:00:000 / Root(00) para top(01)
Mensaje * / 00:03:00:000 / top(01) para primaryinspection(02)
Mensaje * / 00:03:00:000 / primaryinspection(02) para personqueryperformer(04)
Mensaje Y / 00:03:00:000 / personqueryperformer(04) / pqpresultout /      1.00000 para primaryinspection(02)
Mensaje D / 00:03:00:000 / personqueryperformer(04) / ... para primaryinspection(02)
Mensaje X / 00:03:00:000 / primaryinspection(02) / pqpin /      1.00000 para queryresultreviewer(05)
Mensaje D / 00:03:00:000 / queryresultreviewer(05) / 00:03:00:000 para primaryinspection(02)
Mensaje D / 00:03:00:000 / primaryinspection(02) / 00:03:00:000 para top(01)
Mensaje D / 00:03:00:000 / top(01) / 00:03:00:000 para Root(00)
Mensaje * / 00:06:00:000 / Root(00) para top(01)
Mensaje * / 00:06:00:000 / top(01) para primaryinspection(02)
Mensaje * / 00:06:00:000 / primaryinspection(02) para queryresultreviewer(05)
Mensaje Y / 00:06:00:000 / queryresultreviewer(05) / qrrpassout /      1.00000 para primaryinspection(02)
Mensaje D / 00:06:00:000 / queryresultreviewer(05) / ... para primaryinspection(02)
Mensaje Y / 00:06:00:000 / primaryinspection(02) / pass /      1.00000 para top(01)
Mensaje D / 00:06:00:000 / primaryinspection(02) / ... para top(01)
Mensaje Y / 00:06:00:000 / top(01) / pass /      1.00000 para Root(00)
Mensaje D / 00:06:00:000 / top(01) / ... para Root(00)
Mensaje X / 00:12:00:000 / Root(00) / in /      1.00000 para top(01)
Mensaje X / 00:12:00:000 / top(01) / in /      1.00000 para primaryinspection(02)
Mensaje X / 00:12:00:000 / primaryinspection(02) / trafficin /      1.00000 para vehiclequeryperformer(03)
Mensaje X / 00:12:00:000 / primaryinspection(02) / pqptrafficin /      1.00000 para personqueryperformer(04)
Mensaje D / 00:12:00:000 / vehiclequeryperformer(03) / 00:01:00:000 para primaryinspection(02)
Mensaje D / 00:12:00:000 / personqueryperformer(04) / 00:03:00:000 para primaryinspection(02)
Mensaje D / 00:12:00:000 / primaryinspection(02) / 00:01:00:000 para top(01)
Mensaje D / 00:12:00:000 / top(01) / 00:01:00:000 para Root(00)
Mensaje * / 00:13:00:000 / Root(00) para top(01)
Mensaje * / 00:13:00:000 / top(01) para primaryinspection(02)
Mensaje * / 00:13:00:000 / primaryinspection(02) para vehiclequeryperformer(03)
Mensaje Y / 00:13:00:000 / vehiclequeryperformer(03) / vqpout /      1.00000 para primaryinspection(02)
Mensaje D / 00:13:00:000 / vehiclequeryperformer(03) / ... para primaryinspection(02)
Mensaje X / 00:13:00:000 / primaryinspection(02) / vqpin /      1.00000 para queryresultreviewer(05)
Mensaje D / 00:13:00:000 / queryresultreviewer(05) / 00:00:00:000 para primaryinspection(02)
Mensaje D / 00:13:00:000 / primaryinspection(02) / 00:00:00:000 para top(01)
Mensaje D / 00:13:00:000 / top(01) / 00:00:00:000 para Root(00)
Mensaje * / 00:13:00:000 / Root(00) para top(01)
Mensaje * / 00:13:00:000 / top(01) para primaryinspection(02)
Mensaje * / 00:13:00:000 / primaryinspection(02) para queryresultreviewer(05)
Mensaje D / 00:13:00:000 / queryresultreviewer(05) / ... para primaryinspection(02)
Mensaje D / 00:13:00:000 / primaryinspection(02) / 00:02:00:000 para top(01)
Mensaje D / 00:13:00:000 / top(01) / 00:02:00:000 para Root(00)
Mensaje * / 00:15:00:000 / Root(00) para top(01)
Mensaje * / 00:15:00:000 / top(01) para primaryinspection(02)
Mensaje * / 00:15:00:000 / primaryinspection(02) para personqueryperformer(04)
Mensaje Y / 00:15:00:000 / personqueryperformer(04) / pqpresultout /      1.00000 para primaryinspection(02)
Mensaje D / 00:15:00:000 / personqueryperformer(04) / ... para primaryinspection(02)
Mensaje X / 00:15:00:000 / primaryinspection(02) / pqpin /      1.00000 para queryresultreviewer(05)
Mensaje D / 00:15:00:000 / queryresultreviewer(05) / 00:04:00:000 para primaryinspection(02)
Mensaje D / 00:15:00:000 / primaryinspection(02) / 00:04:00:000 para top(01)
Mensaje D / 00:15:00:000 / top(01) / 00:04:00:000 para Root(00)
Mensaje * / 00:19:00:000 / Root(00) para top(01)
Mensaje * / 00:19:00:000 / top(01) para primaryinspection(02)
Mensaje * / 00:19:00:000 / primaryinspection(02) para queryresultreviewer(05)
Mensaje Y / 00:19:00:000 / queryresultreviewer(05) / qrrpassout /      1.00000 para primaryinspection(02)
Mensaje D / 00:19:00:000 / queryresultreviewer(05) / ... para primaryinspection(02)
Mensaje Y / 00:19:00:000 / primaryinspection(02) / pass /      1.00000 para top(01)
Mensaje D / 00:19:00:000 / primaryinspection(02) / ... para top(01)
Mensaje Y / 00:19:00:000 / top(01) / pass /      1.00000 para Root(00)
Mensaje D / 00:19:00:000 / top(01) / ... para Root(00)
Mensaje X / 00:24:00:000 / Root(00) / in /      1.00000 para top(01)
Mensaje X / 00:24:00:000 / top(01) / in /      1.00000 para primaryinspection(02)
Mensaje X / 00:24:00:000 / primaryinspection(02) / trafficin /      1.00000 para vehiclequeryperformer(03)
Mensaje X / 00:24:00:000 / primaryinspection(02) / pqptrafficin /      1.00000 para personqueryperformer(04)
Mensaje D / 00:24:00:000 / vehiclequeryperformer(03) / 00:01:00:000 para primaryinspection(02)
Mensaje D / 00:24:00:000 / personqueryperformer(04) / 00:04:00:000 para primaryinspection(02)
Mensaje D / 00:24:00:000 / primaryinspection(02) / 00:01:00:000 para top(01)
Mensaje D / 00:24:00:000 / top(01) / 00:01:00:000 para Root(00)
Mensaje * / 00:25:00:000 / Root(00) para top(01)
Mensaje * / 00:25:00:000 / top(01) para primaryinspection(02)
Mensaje * / 00:25:00:000 / primaryinspection(02) para vehiclequeryperformer(03)
Mensaje Y / 00:25:00:000 / vehiclequeryperformer(03) / vqpout /      1.00000 para primaryinspection(02)
Mensaje D / 00:25:00:000 / vehiclequeryperformer(03) / ... para primaryinspection(02)
Mensaje X / 00:25:00:000 / primaryinspection(02) / vqpin /      1.00000 para queryresultreviewer(05)
Mensaje D / 00:25:00:000 / queryresultreviewer(05) / 00:00:00:000 para primaryinspection(02)
Mensaje D / 00:25:00:000 / primaryinspection(02) / 00:00:00:000 para top(01)
Mensaje D / 00:25:00:000 / top(01) / 00:00:00:000 para Root(00)
Mensaje * / 00:25:00:000 / Root(00) para top(01)
Mensaje * / 00:25:00:000 / top(01) para primaryinspection(02)
Mensaje * / 00:25:00:000 / primaryinspection(02) para queryresultreviewer(05)
Mensaje D / 00:25:00:000 / queryresultreviewer(05) / ... para primaryinspection(02)
Mensaje D / 00:25:00:000 / primaryinspection(02) / 00:03:00:000 para top(01)
Mensaje D / 00:25:00:000 / top(01) / 00:03:00:000 para Root(00)
Mensaje * / 00:28:00:000 / Root(00) para top(01)
Mensaje * / 00:28:00:000 / top(01) para primaryinspection(02)
Mensaje * / 00:28:00:000 / primaryinspection(02) para personqueryperformer(04)
Mensaje Y / 00:28:00:000 / personqueryperformer(04) / pqpresultout /      1.00000 para primaryinspection(02)
Mensaje D / 00:28:00:000 / personqueryperformer(04) / ... para primaryinspection(02)
Mensaje X / 00:28:00:000 / primaryinspection(02) / pqpin /      1.00000 para queryresultreviewer(05)
Mensaje D / 00:28:00:000 / queryresultreviewer(05) / 00:02:00:000 para primaryinspection(02)
Mensaje D / 00:28:00:000 / primaryinspection(02) / 00:02:00:000 para top(01)
Mensaje D / 00:28:00:000 / top(01) / 00:02:00:000 para Root(00)
Mensaje * / 00:30:00:000 / Root(00) para top(01)
Mensaje * / 00:30:00:000 / top(01) para primaryinspection(02)
Mensaje * / 00:30:00:000 / primaryinspection(02) para queryresultreviewer(05)
Mensaje Y / 00:30:00:000 / queryresultreviewer(05) / qrrpassout /      1.00000 para primaryinspection(02)
Mensaje D / 00:30:00:000 / queryresultreviewer(05) / ... para primaryinspection(02)
Mensaje Y / 00:30:00:000 / primaryinspection(02) / pass /      1.00000 para top(01)
Mensaje D / 00:30:00:000 / primaryinspection(02) / ... para top(01)
Mensaje Y / 00:30:00:000 / top(01) / pass /      1.00000 para Root(00)
Mensaje D / 00:30:00:000 / top(01) / ... para Root(00)
Mensaje X / 00:36:00:000 / Root(00) / in /      1.00000 para top(01)
Mensaje X / 00:36:00:000 / top(01) / in /      1.00000 para primaryinspection(02)
Mensaje X / 00:36:00:000 / primaryinspection(02) / trafficin /      1.00000 para vehiclequeryperformer(03)
Mensaje X / 00:36:00:000 / primaryinspection(02) / pqptrafficin /      1.00000 para personqueryperformer(04)
Mensaje D / 00:36:00:000 / vehiclequeryperformer(03) / 00:01:00:000 para primaryinspection(02)
Mensaje D / 00:36:00:000 / personqueryperformer(04) / 00:03:00:000 para primaryinspection(02)
Mensaje D / 00:36:00:000 / primaryinspection(02) / 00:01:00:000 para top(01)
Mensaje D / 00:36:00:000 / top(01) / 00:01:00:000 para Root(00)
Mensaje * / 00:37:00:000 / Root(00) para top(01)
Mensaje * / 00:37:00:000 / top(01) para primaryinspection(02)
Mensaje * / 00:37:00:000 / primaryinspection(02) para vehiclequeryperformer(03)
Mensaje Y / 00:37:00:000 / vehiclequeryperformer(03) / vqpout /      1.00000 para primaryinspection(02)
Mensaje D / 00:37:00:000 / vehiclequeryperformer(03) / ... para primaryinspection(02)
Mensaje X / 00:37:00:000 / primaryinspection(02) / vqpin /      1.00000 para queryresultreviewer(05)
Mensaje D / 00:37:00:000 / queryresultreviewer(05) / 00:00:00:000 para primaryinspection(02)
Mensaje D / 00:37:00:000 / primaryinspection(02) / 00:00:00:000 para top(01)
Mensaje D / 00:37:00:000 / top(01) / 00:00:00:000 para Root(00)
Mensaje * / 00:37:00:000 / Root(00) para top(01)
Mensaje * / 00:37:00:000 / top(01) para primaryinspection(02)
Mensaje * / 00:37:00:000 / primaryinspection(02) para queryresultreviewer(05)
Mensaje D / 00:37:00:000 / queryresultreviewer(05) / ... para primaryinspection(02)
Mensaje D / 00:37:00:000 / primaryinspection(02) / 00:02:00:000 para top(01)
Mensaje D / 00:37:00:000 / top(01) / 00:02:00:000 para Root(00)
Mensaje * / 00:39:00:000 / Root(00) para top(01)
Mensaje * / 00:39:00:000 / top(01) para primaryinspection(02)
Mensaje * / 00:39:00:000 / primaryinspection(02) para personqueryperformer(04)
Mensaje Y / 00:39:00:000 / personqueryperformer(04) / pqpresultout /      1.00000 para primaryinspection(02)
Mensaje D / 00:39:00:000 / personqueryperformer(04) / ... para primaryinspection(02)
Mensaje X / 00:39:00:000 / primaryinspection(02) / pqpin /      1.00000 para queryresultreviewer(05)
Mensaje D / 00:39:00:000 / queryresultreviewer(05) / 00:04:00:000 para primaryinspection(02)
Mensaje D / 00:39:00:000 / primaryinspection(02) / 00:04:00:000 para top(01)
Mensaje D / 00:39:00:000 / top(01) / 00:04:00:000 para Root(00)
Mensaje * / 00:43:00:000 / Root(00) para top(01)
Mensaje * / 00:43:00:000 / top(01) para primaryinspection(02)
Mensaje * / 00:43:00:000 / primaryinspection(02) para queryresultreviewer(05)
Mensaje Y / 00:43:00:000 / queryresultreviewer(05) / qrrpassout /      1.00000 para primaryinspection(02)
Mensaje D / 00:43:00:000 / queryresultreviewer(05) / ... para primaryinspection(02)
Mensaje Y / 00:43:00:000 / primaryinspection(02) / pass /      1.00000 para top(01)
Mensaje D / 00:43:00:000 / primaryinspection(02) / ... para top(01)
Mensaje Y / 00:43:00:000 / top(01) / pass /      1.00000 para Root(00)
Mensaje D / 00:43:00:000 / top(01) / ... para Root(00)
Mensaje X / 00:48:00:000 / Root(00) / in /      1.00000 para top(01)
Mensaje X / 00:48:00:000 / top(01) / in /      1.00000 para primaryinspection(02)
Mensaje X / 00:48:00:000 / primaryinspection(02) / trafficin /      1.00000 para vehiclequeryperformer(03)
Mensaje X / 00:48:00:000 / primaryinspection(02) / pqptrafficin /      1.00000 para personqueryperformer(04)
Mensaje D / 00:48:00:000 / vehiclequeryperformer(03) / 00:01:00:000 para primaryinspection(02)
Mensaje D / 00:48:00:000 / personqueryperformer(04) / 00:03:00:000 para primaryinspection(02)
Mensaje D / 00:48:00:000 / primaryinspection(02) / 00:01:00:000 para top(01)
Mensaje D / 00:48:00:000 / top(01) / 00:01:00:000 para Root(00)
Mensaje * / 00:49:00:000 / Root(00) para top(01)
Mensaje * / 00:49:00:000 / top(01) para primaryinspection(02)
Mensaje * / 00:49:00:000 / primaryinspection(02) para vehiclequeryperformer(03)
Mensaje Y / 00:49:00:000 / vehiclequeryperformer(03) / vqpout /      1.00000 para primaryinspection(02)
Mensaje D / 00:49:00:000 / vehiclequeryperformer(03) / ... para primaryinspection(02)
Mensaje X / 00:49:00:000 / primaryinspection(02) / vqpin /      1.00000 para queryresultreviewer(05)
Mensaje D / 00:49:00:000 / queryresultreviewer(05) / 00:00:00:000 para primaryinspection(02)
Mensaje D / 00:49:00:000 / primaryinspection(02) / 00:00:00:000 para top(01)
Mensaje D / 00:49:00:000 / top(01) / 00:00:00:000 para Root(00)
Mensaje * / 00:49:00:000 / Root(00) para top(01)
Mensaje * / 00:49:00:000 / top(01) para primaryinspection(02)
Mensaje * / 00:49:00:000 / primaryinspection(02) para queryresultreviewer(05)
Mensaje D / 00:49:00:000 / queryresultreviewer(05) / ... para primaryinspection(02)
Mensaje D / 00:49:00:000 / primaryinspection(02) / 00:02:00:000 para top(01)
Mensaje D / 00:49:00:000 / top(01) / 00:02:00:000 para Root(00)
Mensaje * / 00:51:00:000 / Root(00) para top(01)
Mensaje * / 00:51:00:000 / top(01) para primaryinspection(02)
Mensaje * / 00:51:00:000 / primaryinspection(02) para personqueryperformer(04)
Mensaje Y / 00:51:00:000 / personqueryperformer(04) / pqpresultout /      1.00000 para primaryinspection(02)
Mensaje D / 00:51:00:000 / personqueryperformer(04) / ... para primaryinspection(02)
Mensaje X / 00:51:00:000 / primaryinspection(02) / pqpin /      1.00000 para queryresultreviewer(05)
Mensaje D / 00:51:00:000 / queryresultreviewer(05) / 00:03:00:000 para primaryinspection(02)
Mensaje D / 00:51:00:000 / primaryinspection(02) / 00:03:00:000 para top(01)
Mensaje D / 00:51:00:000 / top(01) / 00:03:00:000 para Root(00)
Mensaje * / 00:54:00:000 / Root(00) para top(01)
Mensaje * / 00:54:00:000 / top(01) para primaryinspection(02)
Mensaje * / 00:54:00:000 / primaryinspection(02) para queryresultreviewer(05)
Mensaje Y / 00:54:00:000 / queryresultreviewer(05) / qrrpassout /      1.00000 para primaryinspection(02)
Mensaje D / 00:54:00:000 / queryresultreviewer(05) / ... para primaryinspection(02)
Mensaje Y / 00:54:00:000 / primaryinspection(02) / pass /      1.00000 para top(01)
Mensaje D / 00:54:00:000 / primaryinspection(02) / ... para top(01)
Mensaje Y / 00:54:00:000 / top(01) / pass /      1.00000 para Root(00)
Mensaje D / 00:54:00:000 / top(01) / ... para Root(00)
Mensaje X / 01:00:00:000 / Root(00) / in /      1.00000 para top(01)
Mensaje X / 01:00:00:000 / top(01) / in /      1.00000 para primaryinspection(02)
Mensaje X / 01:00:00:000 / primaryinspection(02) / trafficin /      1.00000 para vehiclequeryperformer(03)
Mensaje X / 01:00:00:000 / primaryinspection(02) / pqptrafficin /      1.00000 para personqueryperformer(04)
Mensaje D / 01:00:00:000 / vehiclequeryperformer(03) / 00:01:00:000 para primaryinspection(02)
Mensaje D / 01:00:00:000 / personqueryperformer(04) / 00:04:00:000 para primaryinspection(02)
Mensaje D / 01:00:00:000 / primaryinspection(02) / 00:01:00:000 para top(01)
Mensaje D / 01:00:00:000 / top(01) / 00:01:00:000 para Root(00)
Mensaje * / 01:01:00:000 / Root(00) para top(01)
Mensaje * / 01:01:00:000 / top(01) para primaryinspection(02)
Mensaje * / 01:01:00:000 / primaryinspection(02) para vehiclequeryperformer(03)
Mensaje Y / 01:01:00:000 / vehiclequeryperformer(03) / vqpout /      1.00000 para primaryinspection(02)
Mensaje D / 01:01:00:000 / vehiclequeryperformer(03) / ... para primaryinspection(02)
Mensaje X / 01:01:00:000 / primaryinspection(02) / vqpin /      1.00000 para queryresultreviewer(05)
Mensaje D / 01:01:00:000 / queryresultreviewer(05) / 00:00:00:000 para primaryinspection(02)
Mensaje D / 01:01:00:000 / primaryinspection(02) / 00:00:00:000 para top(01)
Mensaje D / 01:01:00:000 / top(01) / 00:00:00:000 para Root(00)
Mensaje * / 01:01:00:000 / Root(00) para top(01)
Mensaje * / 01:01:00:000 / top(01) para primaryinspection(02)
Mensaje * / 01:01:00:000 / primaryinspection(02) para queryresultreviewer(05)
Mensaje D / 01:01:00:000 / queryresultreviewer(05) / ... para primaryinspection(02)
Mensaje D / 01:01:00:000 / primaryinspection(02) / 00:03:00:000 para top(01)
Mensaje D / 01:01:00:000 / top(01) / 00:03:00:000 para Root(00)
Mensaje * / 01:04:00:000 / Root(00) para top(01)
Mensaje * / 01:04:00:000 / top(01) para primaryinspection(02)
Mensaje * / 01:04:00:000 / primaryinspection(02) para personqueryperformer(04)
Mensaje Y / 01:04:00:000 / personqueryperformer(04) / pqpresultout /      0.00000 para primaryinspection(02)
Mensaje D / 01:04:00:000 / personqueryperformer(04) / ... para primaryinspection(02)
Mensaje X / 01:04:00:000 / primaryinspection(02) / pqpin /      0.00000 para queryresultreviewer(05)
Mensaje D / 01:04:00:000 / queryresultreviewer(05) / 00:02:00:000 para primaryinspection(02)
Mensaje D / 01:04:00:000 / primaryinspection(02) / 00:02:00:000 para top(01)
Mensaje D / 01:04:00:000 / top(01) / 00:02:00:000 para Root(00)
Mensaje * / 01:06:00:000 / Root(00) para top(01)
Mensaje * / 01:06:00:000 / top(01) para primaryinspection(02)
Mensaje * / 01:06:00:000 / primaryinspection(02) para queryresultreviewer(05)
Mensaje Y / 01:06:00:000 / queryresultreviewer(05) / qrrfailout /      1.00000 para primaryinspection(02)
Mensaje D / 01:06:00:000 / queryresultreviewer(05) / ... para primaryinspection(02)
Mensaje Y / 01:06:00:000 / primaryinspection(02) / fail /      1.00000 para top(01)
Mensaje D / 01:06:00:000 / primaryinspection(02) / ... para top(01)
Mensaje Y / 01:06:00:000 / top(01) / fail /      1.00000 para Root(00)
Mensaje D / 01:06:00:000 / top(01) / ... para Root(00)
Mensaje X / 01:12:00:000 / Root(00) / in /      1.00000 para top(01)
Mensaje X / 01:12:00:000 / top(01) / in /      1.00000 para primaryinspection(02)
Mensaje X / 01:12:00:000 / primaryinspection(02) / trafficin /      1.00000 para vehiclequeryperformer(03)
Mensaje X / 01:12:00:000 / primaryinspection(02) / pqptrafficin /      1.00000 para personqueryperformer(04)
Mensaje D / 01:12:00:000 / vehiclequeryperformer(03) / 00:01:00:000 para primaryinspection(02)
Mensaje D / 01:12:00:000 / personqueryperformer(04) / 00:03:00:000 para primaryinspection(02)
Mensaje D / 01:12:00:000 / primaryinspection(02) / 00:01:00:000 para top(01)
Mensaje D / 01:12:00:000 / top(01) / 00:01:00:000 para Root(00)
Mensaje * / 01:13:00:000 / Root(00) para top(01)
Mensaje * / 01:13:00:000 / top(01) para primaryinspection(02)
Mensaje * / 01:13:00:000 / primaryinspection(02) para vehiclequeryperformer(03)
Mensaje Y / 01:13:00:000 / vehiclequeryperformer(03) / vqpout /      1.00000 para primaryinspection(02)
Mensaje D / 01:13:00:000 / vehiclequeryperformer(03) / ... para primaryinspection(02)
Mensaje X / 01:13:00:000 / primaryinspection(02) / vqpin /      1.00000 para queryresultreviewer(05)
Mensaje D / 01:13:00:000 / queryresultreviewer(05) / 00:00:00:000 para primaryinspection(02)
Mensaje D / 01:13:00:000 / primaryinspection(02) / 00:00:00:000 para top(01)
Mensaje D / 01:13:00:000 / top(01) / 00:00:00:000 para Root(00)
Mensaje * / 01:13:00:000 / Root(00) para top(01)
Mensaje * / 01:13:00:000 / top(01) para primaryinspection(02)
Mensaje * / 01:13:00:000 / primaryinspection(02) para queryresultreviewer(05)
Mensaje D / 01:13:00:000 / queryresultreviewer(05) / ... para primaryinspection(02)
Mensaje D / 01:13:00:000 / primaryinspection(02) / 00:02:00:000 para top(01)
Mensaje D / 01:13:00:000 / top(01) / 00:02:00:000 para Root(00)
Mensaje * / 01:15:00:000 / Root(00) para top(01)
Mensaje * / 01:15:00:000 / top(01) para primaryinspection(02)
Mensaje * / 01:15:00:000 / primaryinspection(02) para personqueryperformer(04)
Mensaje Y / 01:15:00:000 / personqueryperformer(04) / pqpresultout /      1.00000 para primaryinspection(02)
Mensaje D / 01:15:00:000 / personqueryperformer(04) / ... para primaryinspection(02)
Mensaje X / 01:15:00:000 / primaryinspection(02) / pqpin /      1.00000 para queryresultreviewer(05)
Mensaje D / 01:15:00:000 / queryresultreviewer(05) / 00:03:00:000 para primaryinspection(02)
Mensaje D / 01:15:00:000 / primaryinspection(02) / 00:03:00:000 para top(01)
Mensaje D / 01:15:00:000 / top(01) / 00:03:00:000 para Root(00)
Mensaje * / 01:18:00:000 / Root(00) para top(01)
Mensaje * / 01:18:00:000 / top(01) para primaryinspection(02)
Mensaje * / 01:18:00:000 / primaryinspection(02) para queryresultreviewer(05)
Mensaje Y / 01:18:00:000 / queryresultreviewer(05) / qrrpassout /      1.00000 para primaryinspection(02)
Mensaje D / 01:18:00:000 / queryresultreviewer(05) / ... para primaryinspection(02)
Mensaje Y / 01:18:00:000 / primaryinspection(02) / pass /      1.00000 para top(01)
Mensaje D / 01:18:00:000 / primaryinspection(02) / ... para top(01)
Mensaje Y / 01:18:00:000 / top(01) / pass /      1.00000 para Root(00)
Mensaje D / 01:18:00:000 / top(01) / ... para Root(00)
Mensaje X / 01:24:00:000 / Root(00) / in /      1.00000 para top(01)
Mensaje X / 01:24:00:000 / top(01) / in /      1.00000 para primaryinspection(02)
Mensaje X / 01:24:00:000 / primaryinspection(02) / trafficin /      1.00000 para vehiclequeryperformer(03)
Mensaje X / 01:24:00:000 / primaryinspection(02) / pqptrafficin /      1.00000 para personqueryperformer(04)
Mensaje D / 01:24:00:000 / vehiclequeryperformer(03) / 00:01:00:000 para primaryinspection(02)
Mensaje D / 01:24:00:000 / personqueryperformer(04) / 00:04:00:000 para primaryinspection(02)
Mensaje D / 01:24:00:000 / primaryinspection(02) / 00:01:00:000 para top(01)
Mensaje D / 01:24:00:000 / top(01) / 00:01:00:000 para Root(00)
Mensaje * / 01:25:00:000 / Root(00) para top(01)
Mensaje * / 01:25:00:000 / top(01) para primaryinspection(02)
Mensaje * / 01:25:00:000 / primaryinspection(02) para vehiclequeryperformer(03)
Mensaje Y / 01:25:00:000 / vehiclequeryperformer(03) / vqpout /      1.00000 para primaryinspection(02)
Mensaje D / 01:25:00:000 / vehiclequeryperformer(03) / ... para primaryinspection(02)
Mensaje X / 01:25:00:000 / primaryinspection(02) / vqpin /      1.00000 para queryresultreviewer(05)
Mensaje D / 01:25:00:000 / queryresultreviewer(05) / 00:00:00:000 para primaryinspection(02)
Mensaje D / 01:25:00:000 / primaryinspection(02) / 00:00:00:000 para top(01)
Mensaje D / 01:25:00:000 / top(01) / 00:00:00:000 para Root(00)
Mensaje * / 01:25:00:000 / Root(00) para top(01)
Mensaje * / 01:25:00:000 / top(01) para primaryinspection(02)
Mensaje * / 01:25:00:000 / primaryinspection(02) para queryresultreviewer(05)
Mensaje D / 01:25:00:000 / queryresultreviewer(05) / ... para primaryinspection(02)
Mensaje D / 01:25:00:000 / primaryinspection(02) / 00:03:00:000 para top(01)
Mensaje D / 01:25:00:000 / top(01) / 00:03:00:000 para Root(00)
Mensaje * / 01:28:00:000 / Root(00) para top(01)
Mensaje * / 01:28:00:000 / top(01) para primaryinspection(02)
Mensaje * / 01:28:00:000 / primaryinspection(02) para personqueryperformer(04)
Mensaje Y / 01:28:00:000 / personqueryperformer(04) / pqpresultout /      1.00000 para primaryinspection(02)
Mensaje D / 01:28:00:000 / personqueryperformer(04) / ... para primaryinspection(02)
Mensaje X / 01:28:00:000 / primaryinspection(02) / pqpin /      1.00000 para queryresultreviewer(05)
Mensaje D / 01:28:00:000 / queryresultreviewer(05) / 00:03:00:000 para primaryinspection(02)
Mensaje D / 01:28:00:000 / primaryinspection(02) / 00:03:00:000 para top(01)
Mensaje D / 01:28:00:000 / top(01) / 00:03:00:000 para Root(00)
Mensaje * / 01:31:00:000 / Root(00) para top(01)
Mensaje * / 01:31:00:000 / top(01) para primaryinspection(02)
Mensaje * / 01:31:00:000 / primaryinspection(02) para queryresultreviewer(05)
Mensaje Y / 01:31:00:000 / queryresultreviewer(05) / qrrpassout /      1.00000 para primaryinspection(02)
Mensaje D / 01:31:00:000 / queryresultreviewer(05) / ... para primaryinspection(02)
Mensaje Y / 01:31:00:000 / primaryinspection(02) / pass /      1.00000 para top(01)
Mensaje D / 01:31:00:000 / primaryinspection(02) / ... para top(01)
Mensaje Y / 01:31:00:000 / top(01) / pass /      1.00000 para Root(00)
Mensaje D / 01:31:00:000 / top(01) / ... para Root(00)
Mensaje X / 01:36:00:000 / Root(00) / in /      1.00000 para top(01)
Mensaje X / 01:36:00:000 / top(01) / in /      1.00000 para primaryinspection(02)
Mensaje X / 01:36:00:000 / primaryinspection(02) / trafficin /      1.00000 para vehiclequeryperformer(03)
Mensaje X / 01:36:00:000 / primaryinspection(02) / pqptrafficin /      1.00000 para personqueryperformer(04)
Mensaje D / 01:36:00:000 / vehiclequeryperformer(03) / 00:01:00:000 para primaryinspection(02)
Mensaje D / 01:36:00:000 / personqueryperformer(04) / 00:03:00:000 para primaryinspection(02)
Mensaje D / 01:36:00:000 / primaryinspection(02) / 00:01:00:000 para top(01)
Mensaje D / 01:36:00:000 / top(01) / 00:01:00:000 para Root(00)
Mensaje * / 01:37:00:000 / Root(00) para top(01)
Mensaje * / 01:37:00:000 / top(01) para primaryinspection(02)
Mensaje * / 01:37:00:000 / primaryinspection(02) para vehiclequeryperformer(03)
Mensaje Y / 01:37:00:000 / vehiclequeryperformer(03) / vqpout /      1.00000 para primaryinspection(02)
Mensaje D / 01:37:00:000 / vehiclequeryperformer(03) / ... para primaryinspection(02)
Mensaje X / 01:37:00:000 / primaryinspection(02) / vqpin /      1.00000 para queryresultreviewer(05)
Mensaje D / 01:37:00:000 / queryresultreviewer(05) / 00:00:00:000 para primaryinspection(02)
Mensaje D / 01:37:00:000 / primaryinspection(02) / 00:00:00:000 para top(01)
Mensaje D / 01:37:00:000 / top(01) / 00:00:00:000 para Root(00)
Mensaje * / 01:37:00:000 / Root(00) para top(01)
Mensaje * / 01:37:00:000 / top(01) para primaryinspection(02)
Mensaje * / 01:37:00:000 / primaryinspection(02) para queryresultreviewer(05)
Mensaje D / 01:37:00:000 / queryresultreviewer(05) / ... para primaryinspection(02)
Mensaje D / 01:37:00:000 / primaryinspection(02) / 00:02:00:000 para top(01)
Mensaje D / 01:37:00:000 / top(01) / 00:02:00:000 para Root(00)
Mensaje * / 01:39:00:000 / Root(00) para top(01)
Mensaje * / 01:39:00:000 / top(01) para primaryinspection(02)
Mensaje * / 01:39:00:000 / primaryinspection(02) para personqueryperformer(04)
Mensaje Y / 01:39:00:000 / personqueryperformer(04) / pqpresultout /      1.00000 para primaryinspection(02)
Mensaje D / 01:39:00:000 / personqueryperformer(04) / ... para primaryinspection(02)
Mensaje X / 01:39:00:000 / primaryinspection(02) / pqpin /      1.00000 para queryresultreviewer(05)
Mensaje D / 01:39:00:000 / queryresultreviewer(05) / 00:02:00:000 para primaryinspection(02)
Mensaje D / 01:39:00:000 / primaryinspection(02) / 00:02:00:000 para top(01)
Mensaje D / 01:39:00:000 / top(01) / 00:02:00:000 para Root(00)
Mensaje * / 01:41:00:000 / Root(00) para top(01)
Mensaje * / 01:41:00:000 / top(01) para primaryinspection(02)
Mensaje * / 01:41:00:000 / primaryinspection(02) para queryresultreviewer(05)
Mensaje Y / 01:41:00:000 / queryresultreviewer(05) / qrrpassout /      1.00000 para primaryinspection(02)
Mensaje D / 01:41:00:000 / queryresultreviewer(05) / ... para primaryinspection(02)
Mensaje Y / 01:41:00:000 / primaryinspection(02) / pass /      1.00000 para top(01)
Mensaje D / 01:41:00:000 / primaryinspection(02) / ... para top(01)
Mensaje Y / 01:41:00:000 / top(01) / pass /      1.00000 para Root(00)
Mensaje D / 01:41:00:000 / top(01) / ... para Root(00)
Mensaje X / 01:48:00:000 / Root(00) / in /      1.00000 para top(01)
Mensaje X / 01:48:00:000 / top(01) / in /      1.00000 para primaryinspection(02)
Mensaje X / 01:48:00:000 / primaryinspection(02) / trafficin /      1.00000 para vehiclequeryperformer(03)
Mensaje X / 01:48:00:000 / primaryinspection(02) / pqptrafficin /      1.00000 para personqueryperformer(04)
Mensaje D / 01:48:00:000 / vehiclequeryperformer(03) / 00:01:00:000 para primaryinspection(02)
Mensaje D / 01:48:00:000 / personqueryperformer(04) / 00:03:00:000 para primaryinspection(02)
Mensaje D / 01:48:00:000 / primaryinspection(02) / 00:01:00:000 para top(01)
Mensaje D / 01:48:00:000 / top(01) / 00:01:00:000 para Root(00)
Mensaje * / 01:49:00:000 / Root(00) para top(01)
Mensaje * / 01:49:00:000 / top(01) para primaryinspection(02)
Mensaje * / 01:49:00:000 / primaryinspection(02) para vehiclequeryperformer(03)
Mensaje Y / 01:49:00:000 / vehiclequeryperformer(03) / vqpout /      1.00000 para primaryinspection(02)
Mensaje D / 01:49:00:000 / vehiclequeryperformer(03) / ... para primaryinspection(02)
Mensaje X / 01:49:00:000 / primaryinspection(02) / vqpin /      1.00000 para queryresultreviewer(05)
Mensaje D / 01:49:00:000 / queryresultreviewer(05) / 00:00:00:000 para primaryinspection(02)
Mensaje D / 01:49:00:000 / primaryinspection(02) / 00:00:00:000 para top(01)
Mensaje D / 01:49:00:000 / top(01) / 00:00:00:000 para Root(00)
Mensaje * / 01:49:00:000 / Root(00) para top(01)
Mensaje * / 01:49:00:000 / top(01) para primaryinspection(02)
Mensaje * / 01:49:00:000 / primaryinspection(02) para queryresultreviewer(05)
Mensaje D / 01:49:00:000 / queryresultreviewer(05) / ... para primaryinspection(02)
Mensaje D / 01:49:00:000 / primaryinspection(02) / 00:02:00:000 para top(01)
Mensaje D / 01:49:00:000 / top(01) / 00:02:00:000 para Root(00)
Mensaje * / 01:51:00:000 / Root(00) para top(01)
Mensaje * / 01:51:00:000 / top(01) para primaryinspection(02)
Mensaje * / 01:51:00:000 / primaryinspection(02) para personqueryperformer(04)
Mensaje Y / 01:51:00:000 / personqueryperformer(04) / pqpresultout /      1.00000 para primaryinspection(02)
Mensaje D / 01:51:00:000 / personqueryperformer(04) / ... para primaryinspection(02)
Mensaje X / 01:51:00:000 / primaryinspection(02) / pqpin /      1.00000 para queryresultreviewer(05)
Mensaje D / 01:51:00:000 / queryresultreviewer(05) / 00:02:00:000 para primaryinspection(02)
Mensaje D / 01:51:00:000 / primaryinspection(02) / 00:02:00:000 para top(01)
Mensaje D / 01:51:00:000 / top(01) / 00:02:00:000 para Root(00)
Mensaje * / 01:53:00:000 / Root(00) para top(01)
Mensaje * / 01:53:00:000 / top(01) para primaryinspection(02)
Mensaje * / 01:53:00:000 / primaryinspection(02) para queryresultreviewer(05)
Mensaje Y / 01:53:00:000 / queryresultreviewer(05) / qrrpassout /      1.00000 para primaryinspection(02)
Mensaje D / 01:53:00:000 / queryresultreviewer(05) / ... para primaryinspection(02)
Mensaje Y / 01:53:00:000 / primaryinspection(02) / pass /      1.00000 para top(01)
Mensaje D / 01:53:00:000 / primaryinspection(02) / ... para top(01)
Mensaje Y / 01:53:00:000 / top(01) / pass /      1.00000 para Root(00)
Mensaje D / 01:53:00:000 / top(01) / ... para Root(00)
Mensaje X / 02:00:00:000 / Root(00) / in /      1.00000 para top(01)
Mensaje X / 02:00:00:000 / top(01) / in /      1.00000 para primaryinspection(02)
Mensaje X / 02:00:00:000 / primaryinspection(02) / trafficin /      1.00000 para vehiclequeryperformer(03)
Mensaje X / 02:00:00:000 / primaryinspection(02) / pqptrafficin /      1.00000 para personqueryperformer(04)
Mensaje D / 02:00:00:000 / vehiclequeryperformer(03) / 00:01:00:000 para primaryinspection(02)
Mensaje D / 02:00:00:000 / personqueryperformer(04) / 00:04:00:000 para primaryinspection(02)
Mensaje D / 02:00:00:000 / primaryinspection(02) / 00:01:00:000 para top(01)
Mensaje D / 02:00:00:000 / top(01) / 00:01:00:000 para Root(00)
Mensaje * / 02:01:00:000 / Root(00) para top(01)
Mensaje * / 02:01:00:000 / top(01) para primaryinspection(02)
Mensaje * / 02:01:00:000 / primaryinspection(02) para vehiclequeryperformer(03)
Mensaje Y / 02:01:00:000 / vehiclequeryperformer(03) / vqpout /      1.00000 para primaryinspection(02)
Mensaje D / 02:01:00:000 / vehiclequeryperformer(03) / ... para primaryinspection(02)
Mensaje X / 02:01:00:000 / primaryinspection(02) / vqpin /      1.00000 para queryresultreviewer(05)
Mensaje D / 02:01:00:000 / queryresultreviewer(05) / 00:00:00:000 para primaryinspection(02)
Mensaje D / 02:01:00:000 / primaryinspection(02) / 00:00:00:000 para top(01)
Mensaje D / 02:01:00:000 / top(01) / 00:00:00:000 para Root(00)
Mensaje * / 02:01:00:000 / Root(00) para top(01)
Mensaje * / 02:01:00:000 / top(01) para primaryinspection(02)
Mensaje * / 02:01:00:000 / primaryinspection(02) para queryresultreviewer(05)
Mensaje D / 02:01:00:000 / queryresultreviewer(05) / ... para primaryinspection(02)
Mensaje D / 02:01:00:000 / primaryinspection(02) / 00:03:00:000 para top(01)
Mensaje D / 02:01:00:000 / top(01) / 00:03:00:000 para Root(00)
Mensaje * / 02:04:00:000 / Root(00) para top(01)
Mensaje * / 02:04:00:000 / top(01) para primaryinspection(02)
Mensaje * / 02:04:00:000 / primaryinspection(02) para personqueryperformer(04)
Mensaje Y / 02:04:00:000 / personqueryperformer(04) / pqpresultout /      1.00000 para primaryinspection(02)
Mensaje D / 02:04:00:000 / personqueryperformer(04) / ... para primaryinspection(02)
Mensaje X / 02:04:00:000 / primaryinspection(02) / pqpin /      1.00000 para queryresultreviewer(05)
Mensaje D / 02:04:00:000 / queryresultreviewer(05) / 00:02:00:000 para primaryinspection(02)
Mensaje D / 02:04:00:000 / primaryinspection(02) / 00:02:00:000 para top(01)
Mensaje D / 02:04:00:000 / top(01) / 00:02:00:000 para Root(00)
Mensaje * / 02:06:00:000 / Root(00) para top(01)
Mensaje * / 02:06:00:000 / top(01) para primaryinspection(02)
Mensaje * / 02:06:00:000 / primaryinspection(02) para queryresultreviewer(05)
Mensaje Y / 02:06:00:000 / queryresultreviewer(05) / qrrpassout /      1.00000 para primaryinspection(02)
Mensaje D / 02:06:00:000 / queryresultreviewer(05) / ... para primaryinspection(02)
Mensaje Y / 02:06:00:000 / primaryinspection(02) / pass /      1.00000 para top(01)
Mensaje D / 02:06:00:000 / primaryinspection(02) / ... para top(01)
Mensaje Y / 02:06:00:000 / top(01) / pass /      1.00000 para Root(00)
Mensaje D / 02:06:00:000 / top(01) / ... para Root(00)
Mensaje X / 02:12:00:000 / Root(00) / in /      1.00000 para top(01)
Mensaje X / 02:12:00:000 / top(01) / in /      1.00000 para primaryinspection(02)
Mensaje X / 02:12:00:000 / primaryinspection(02) / trafficin /      1.00000 para vehiclequeryperformer(03)
Mensaje X / 02:12:00:000 / primaryinspection(02) / pqptrafficin /      1.00000 para personqueryperformer(04)
Mensaje D / 02:12:00:000 / vehiclequeryperformer(03) / 00:01:00:000 para primaryinspection(02)
Mensaje D / 02:12:00:000 / personqueryperformer(04) / 00:04:00:000 para primaryinspection(02)
Mensaje D / 02:12:00:000 / primaryinspection(02) / 00:01:00:000 para top(01)
Mensaje D / 02:12:00:000 / top(01) / 00:01:00:000 para Root(00)
Mensaje * / 02:13:00:000 / Root(00) para top(01)
Mensaje * / 02:13:00:000 / top(01) para primaryinspection(02)
Mensaje * / 02:13:00:000 / primaryinspection(02) para vehiclequeryperformer(03)
Mensaje Y / 02:13:00:000 / vehiclequeryperformer(03) / vqpout /      0.00000 para primaryinspection(02)
Mensaje D / 02:13:00:000 / vehiclequeryperformer(03) / ... para primaryinspection(02)
Mensaje X / 02:13:00:000 / primaryinspection(02) / vqpin /      0.00000 para queryresultreviewer(05)
Mensaje D / 02:13:00:000 / queryresultreviewer(05) / 00:00:00:000 para primaryinspection(02)
Mensaje D / 02:13:00:000 / primaryinspection(02) / 00:00:00:000 para top(01)
Mensaje D / 02:13:00:000 / top(01) / 00:00:00:000 para Root(00)
Mensaje * / 02:13:00:000 / Root(00) para top(01)
Mensaje * / 02:13:00:000 / top(01) para primaryinspection(02)
Mensaje * / 02:13:00:000 / primaryinspection(02) para queryresultreviewer(05)
Mensaje D / 02:13:00:000 / queryresultreviewer(05) / ... para primaryinspection(02)
Mensaje D / 02:13:00:000 / primaryinspection(02) / 00:03:00:000 para top(01)
Mensaje D / 02:13:00:000 / top(01) / 00:03:00:000 para Root(00)
Mensaje * / 02:16:00:000 / Root(00) para top(01)
Mensaje * / 02:16:00:000 / top(01) para primaryinspection(02)
Mensaje * / 02:16:00:000 / primaryinspection(02) para personqueryperformer(04)
Mensaje Y / 02:16:00:000 / personqueryperformer(04) / pqpresultout /      1.00000 para primaryinspection(02)
Mensaje D / 02:16:00:000 / personqueryperformer(04) / ... para primaryinspection(02)
Mensaje X / 02:16:00:000 / primaryinspection(02) / pqpin /      1.00000 para queryresultreviewer(05)
Mensaje D / 02:16:00:000 / queryresultreviewer(05) / 00:04:00:000 para primaryinspection(02)
Mensaje D / 02:16:00:000 / primaryinspection(02) / 00:04:00:000 para top(01)
Mensaje D / 02:16:00:000 / top(01) / 00:04:00:000 para Root(00)
Mensaje * / 02:20:00:000 / Root(00) para top(01)
Mensaje * / 02:20:00:000 / top(01) para primaryinspection(02)
Mensaje * / 02:20:00:000 / primaryinspection(02) para queryresultreviewer(05)
Mensaje Y / 02:20:00:000 / queryresultreviewer(05) / qrrfailout /      1.00000 para primaryinspection(02)
Mensaje D / 02:20:00:000 / queryresultreviewer(05) / ... para primaryinspection(02)
Mensaje Y / 02:20:00:000 / primaryinspection(02) / fail /      1.00000 para top(01)
Mensaje D / 02:20:00:000 / primaryinspection(02) / ... para top(01)
Mensaje Y / 02:20:00:000 / top(01) / fail /      1.00000 para Root(00)
Mensaje D / 02:20:00:000 / top(01) / ... para Root(00)
Mensaje X / 02:24:00:000 / Root(00) / in /      1.00000 para top(01)
Mensaje X / 02:24:00:000 / top(01) / in /      1.00000 para primaryinspection(02)
Mensaje X / 02:24:00:000 / primaryinspection(02) / trafficin /      1.00000 para vehiclequeryperformer(03)
Mensaje X / 02:24:00:000 / primaryinspection(02) / pqptrafficin /      1.00000 para personqueryperformer(04)
Mensaje D / 02:24:00:000 / vehiclequeryperformer(03) / 00:01:00:000 para primaryinspection(02)
Mensaje D / 02:24:00:000 / personqueryperformer(04) / 00:03:00:000 para primaryinspection(02)
Mensaje D / 02:24:00:000 / primaryinspection(02) / 00:01:00:000 para top(01)
Mensaje D / 02:24:00:000 / top(01) / 00:01:00:000 para Root(00)
Mensaje * / 02:25:00:000 / Root(00) para top(01)
Mensaje * / 02:25:00:000 / top(01) para primaryinspection(02)
Mensaje * / 02:25:00:000 / primaryinspection(02) para vehiclequeryperformer(03)
Mensaje Y / 02:25:00:000 / vehiclequeryperformer(03) / vqpout /      1.00000 para primaryinspection(02)
Mensaje D / 02:25:00:000 / vehiclequeryperformer(03) / ... para primaryinspection(02)
Mensaje X / 02:25:00:000 / primaryinspection(02) / vqpin /      1.00000 para queryresultreviewer(05)
Mensaje D / 02:25:00:000 / queryresultreviewer(05) / 00:00:00:000 para primaryinspection(02)
Mensaje D / 02:25:00:000 / primaryinspection(02) / 00:00:00:000 para top(01)
Mensaje D / 02:25:00:000 / top(01) / 00:00:00:000 para Root(00)
Mensaje * / 02:25:00:000 / Root(00) para top(01)
Mensaje * / 02:25:00:000 / top(01) para primaryinspection(02)
Mensaje * / 02:25:00:000 / primaryinspection(02) para queryresultreviewer(05)
Mensaje D / 02:25:00:000 / queryresultreviewer(05) / ... para primaryinspection(02)
Mensaje D / 02:25:00:000 / primaryinspection(02) / 00:02:00:000 para top(01)
Mensaje D / 02:25:00:000 / top(01) / 00:02:00:000 para Root(00)
Mensaje * / 02:27:00:000 / Root(00) para top(01)
Mensaje * / 02:27:00:000 / top(01) para primaryinspection(02)
Mensaje * / 02:27:00:000 / primaryinspection(02) para personqueryperformer(04)
Mensaje Y / 02:27:00:000 / personqueryperformer(04) / pqpresultout /      1.00000 para primaryinspection(02)
Mensaje D / 02:27:00:000 / personqueryperformer(04) / ... para primaryinspection(02)
Mensaje X / 02:27:00:000 / primaryinspection(02) / pqpin /      1.00000 para queryresultreviewer(05)
Mensaje D / 02:27:00:000 / queryresultreviewer(05) / 00:03:00:000 para primaryinspection(02)
Mensaje D / 02:27:00:000 / primaryinspection(02) / 00:03:00:000 para top(01)
Mensaje D / 02:27:00:000 / top(01) / 00:03:00:000 para Root(00)
Mensaje * / 02:30:00:000 / Root(00) para top(01)
Mensaje * / 02:30:00:000 / top(01) para primaryinspection(02)
Mensaje * / 02:30:00:000 / primaryinspection(02) para queryresultreviewer(05)
Mensaje Y / 02:30:00:000 / queryresultreviewer(05) / qrrpassout /      1.00000 para primaryinspection(02)
Mensaje D / 02:30:00:000 / queryresultreviewer(05) / ... para primaryinspection(02)
Mensaje Y / 02:30:00:000 / primaryinspection(02) / pass /      1.00000 para top(01)
Mensaje D / 02:30:00:000 / primaryinspection(02) / ... para top(01)
Mensaje Y / 02:30:00:000 / top(01) / pass /      1.00000 para Root(00)
Mensaje D / 02:30:00:000 / top(01) / ... para Root(00)
Mensaje X / 02:36:00:000 / Root(00) / in /      1.00000 para top(01)
Mensaje X / 02:36:00:000 / top(01) / in /      1.00000 para primaryinspection(02)
Mensaje X / 02:36:00:000 / primaryinspection(02) / trafficin /      1.00000 para vehiclequeryperformer(03)
Mensaje X / 02:36:00:000 / primaryinspection(02) / pqptrafficin /      1.00000 para personqueryperformer(04)
Mensaje D / 02:36:00:000 / vehiclequeryperformer(03) / 00:01:00:000 para primaryinspection(02)
Mensaje D / 02:36:00:000 / personqueryperformer(04) / 00:03:00:000 para primaryinspection(02)
Mensaje D / 02:36:00:000 / primaryinspection(02) / 00:01:00:000 para top(01)
Mensaje D / 02:36:00:000 / top(01) / 00:01:00:000 para Root(00)
Mensaje * / 02:37:00:000 / Root(00) para top(01)
Mensaje * / 02:37:00:000 / top(01) para primaryinspection(02)
Mensaje * / 02:37:00:000 / primaryinspection(02) para vehiclequeryperformer(03)
Mensaje Y / 02:37:00:000 / vehiclequeryperformer(03) / vqpout /      1.00000 para primaryinspection(02)
Mensaje D / 02:37:00:000 / vehiclequeryperformer(03) / ... para primaryinspection(02)
Mensaje X / 02:37:00:000 / primaryinspection(02) / vqpin /      1.00000 para queryresultreviewer(05)
Mensaje D / 02:37:00:000 / queryresultreviewer(05) / 00:00:00:000 para primaryinspection(02)
Mensaje D / 02:37:00:000 / primaryinspection(02) / 00:00:00:000 para top(01)
Mensaje D / 02:37:00:000 / top(01) / 00:00:00:000 para Root(00)
Mensaje * / 02:37:00:000 / Root(00) para top(01)
Mensaje * / 02:37:00:000 / top(01) para primaryinspection(02)
Mensaje * / 02:37:00:000 / primaryinspection(02) para queryresultreviewer(05)
Mensaje D / 02:37:00:000 / queryresultreviewer(05) / ... para primaryinspection(02)
Mensaje D / 02:37:00:000 / primaryinspection(02) / 00:02:00:000 para top(01)
Mensaje D / 02:37:00:000 / top(01) / 00:02:00:000 para Root(00)
Mensaje * / 02:39:00:000 / Root(00) para top(01)
Mensaje * / 02:39:00:000 / top(01) para primaryinspection(02)
Mensaje * / 02:39:00:000 / primaryinspection(02) para personqueryperformer(04)
Mensaje Y / 02:39:00:000 / personqueryperformer(04) / pqpresultout /      1.00000 para primaryinspection(02)
Mensaje D / 02:39:00:000 / personqueryperformer(04) / ... para primaryinspection(02)
Mensaje X / 02:39:00:000 / primaryinspection(02) / pqpin /      1.00000 para queryresultreviewer(05)
Mensaje D / 02:39:00:000 / queryresultreviewer(05) / 00:04:00:000 para primaryinspection(02)
Mensaje D / 02:39:00:000 / primaryinspection(02) / 00:04:00:000 para top(01)
Mensaje D / 02:39:00:000 / top(01) / 00:04:00:000 para Root(00)
Mensaje * / 02:43:00:000 / Root(00) para top(01)
Mensaje * / 02:43:00:000 / top(01) para primaryinspection(02)
Mensaje * / 02:43:00:000 / primaryinspection(02) para queryresultreviewer(05)
Mensaje Y / 02:43:00:000 / queryresultreviewer(05) / qrrpassout /      1.00000 para primaryinspection(02)
Mensaje D / 02:43:00:000 / queryresultreviewer(05) / ... para primaryinspection(02)
Mensaje Y / 02:43:00:000 / primaryinspection(02) / pass /      1.00000 para top(01)
Mensaje D / 02:43:00:000 / primaryinspection(02) / ... para top(01)
Mensaje Y / 02:43:00:000 / top(01) / pass /      1.00000 para Root(00)
Mensaje D / 02:43:00:000 / top(01) / ... para Root(00)
Mensaje X / 02:48:00:000 / Root(00) / in /      1.00000 para top(01)
Mensaje X / 02:48:00:000 / top(01) / in /      1.00000 para primaryinspection(02)
Mensaje X / 02:48:00:000 / primaryinspection(02) / trafficin /      1.00000 para vehiclequeryperformer(03)
Mensaje X / 02:48:00:000 / primaryinspection(02) / pqptrafficin /      1.00000 para personqueryperformer(04)
Mensaje D / 02:48:00:000 / vehiclequeryperformer(03) / 00:01:00:000 para primaryinspection(02)
Mensaje D / 02:48:00:000 / personqueryperformer(04) / 00:03:00:000 para primaryinspection(02)
Mensaje D / 02:48:00:000 / primaryinspection(02) / 00:01:00:000 para top(01)
Mensaje D / 02:48:00:000 / top(01) / 00:01:00:000 para Root(00)
Mensaje * / 02:49:00:000 / Root(00) para top(01)
Mensaje * / 02:49:00:000 / top(01) para primaryinspection(02)
Mensaje * / 02:49:00:000 / primaryinspection(02) para vehiclequeryperformer(03)
Mensaje Y / 02:49:00:000 / vehiclequeryperformer(03) / vqpout /      1.00000 para primaryinspection(02)
Mensaje D / 02:49:00:000 / vehiclequeryperformer(03) / ... para primaryinspection(02)
Mensaje X / 02:49:00:000 / primaryinspection(02) / vqpin /      1.00000 para queryresultreviewer(05)
Mensaje D / 02:49:00:000 / queryresultreviewer(05) / 00:00:00:000 para primaryinspection(02)
Mensaje D / 02:49:00:000 / primaryinspection(02) / 00:00:00:000 para top(01)
Mensaje D / 02:49:00:000 / top(01) / 00:00:00:000 para Root(00)
Mensaje * / 02:49:00:000 / Root(00) para top(01)
Mensaje * / 02:49:00:000 / top(01) para primaryinspection(02)
Mensaje * / 02:49:00:000 / primaryinspection(02) para queryresultreviewer(05)
Mensaje D / 02:49:00:000 / queryresultreviewer(05) / ... para primaryinspection(02)
Mensaje D / 02:49:00:000 / primaryinspection(02) / 00:02:00:000 para top(01)
Mensaje D / 02:49:00:000 / top(01) / 00:02:00:000 para Root(00)
Mensaje * / 02:51:00:000 / Root(00) para top(01)
Mensaje * / 02:51:00:000 / top(01) para primaryinspection(02)
Mensaje * / 02:51:00:000 / primaryinspection(02) para personqueryperformer(04)
Mensaje Y / 02:51:00:000 / personqueryperformer(04) / pqpresultout /      1.00000 para primaryinspection(02)
Mensaje D / 02:51:00:000 / personqueryperformer(04) / ... para primaryinspection(02)
Mensaje X / 02:51:00:000 / primaryinspection(02) / pqpin /      1.00000 para queryresultreviewer(05)
Mensaje D / 02:51:00:000 / queryresultreviewer(05) / 00:03:00:000 para primaryinspection(02)
Mensaje D / 02:51:00:000 / primaryinspection(02) / 00:03:00:000 para top(01)
Mensaje D / 02:51:00:000 / top(01) / 00:03:00:000 para Root(00)
Mensaje * / 02:54:00:000 / Root(00) para top(01)
Mensaje * / 02:54:00:000 / top(01) para primaryinspection(02)
Mensaje * / 02:54:00:000 / primaryinspection(02) para queryresultreviewer(05)
Mensaje Y / 02:54:00:000 / queryresultreviewer(05) / qrrpassout /      1.00000 para primaryinspection(02)
Mensaje D / 02:54:00:000 / queryresultreviewer(05) / ... para primaryinspection(02)
Mensaje Y / 02:54:00:000 / primaryinspection(02) / pass /      1.00000 para top(01)
Mensaje D / 02:54:00:000 / primaryinspection(02) / ... para top(01)
Mensaje Y / 02:54:00:000 / top(01) / pass /      1.00000 para Root(00)
Mensaje D / 02:54:00:000 / top(01) / ... para Root(00)
Mensaje X / 03:00:00:000 / Root(00) / in /      1.00000 para top(01)
Mensaje X / 03:00:00:000 / top(01) / in /      1.00000 para primaryinspection(02)
Mensaje X / 03:00:00:000 / primaryinspection(02) / trafficin /      1.00000 para vehiclequeryperformer(03)
Mensaje X / 03:00:00:000 / primaryinspection(02) / pqptrafficin /      1.00000 para personqueryperformer(04)
Mensaje D / 03:00:00:000 / vehiclequeryperformer(03) / 00:01:00:000 para primaryinspection(02)
Mensaje D / 03:00:00:000 / personqueryperformer(04) / 00:03:00:000 para primaryinspection(02)
Mensaje D / 03:00:00:000 / primaryinspection(02) / 00:01:00:000 para top(01)
Mensaje D / 03:00:00:000 / top(01) / 00:01:00:000 para Root(00)
Mensaje * / 03:01:00:000 / Root(00) para top(01)
Mensaje * / 03:01:00:000 / top(01) para primaryinspection(02)
Mensaje * / 03:01:00:000 / primaryinspection(02) para vehiclequeryperformer(03)
Mensaje Y / 03:01:00:000 / vehiclequeryperformer(03) / vqpout /      1.00000 para primaryinspection(02)
Mensaje D / 03:01:00:000 / vehiclequeryperformer(03) / ... para primaryinspection(02)
Mensaje X / 03:01:00:000 / primaryinspection(02) / vqpin /      1.00000 para queryresultreviewer(05)
Mensaje D / 03:01:00:000 / queryresultreviewer(05) / 00:00:00:000 para primaryinspection(02)
Mensaje D / 03:01:00:000 / primaryinspection(02) / 00:00:00:000 para top(01)
Mensaje D / 03:01:00:000 / top(01) / 00:00:00:000 para Root(00)
Mensaje * / 03:01:00:000 / Root(00) para top(01)
Mensaje * / 03:01:00:000 / top(01) para primaryinspection(02)
Mensaje * / 03:01:00:000 / primaryinspection(02) para queryresultreviewer(05)
Mensaje D / 03:01:00:000 / queryresultreviewer(05) / ... para primaryinspection(02)
Mensaje D / 03:01:00:000 / primaryinspection(02) / 00:02:00:000 para top(01)
Mensaje D / 03:01:00:000 / top(01) / 00:02:00:000 para Root(00)
Mensaje * / 03:03:00:000 / Root(00) para top(01)
Mensaje * / 03:03:00:000 / top(01) para primaryinspection(02)
Mensaje * / 03:03:00:000 / primaryinspection(02) para personqueryperformer(04)
Mensaje Y / 03:03:00:000 / personqueryperformer(04) / pqpresultout /      1.00000 para primaryinspection(02)
Mensaje D / 03:03:00:000 / personqueryperformer(04) / ... para primaryinspection(02)
Mensaje X / 03:03:00:000 / primaryinspection(02) / pqpin /      1.00000 para queryresultreviewer(05)
Mensaje D / 03:03:00:000 / queryresultreviewer(05) / 00:03:00:000 para primaryinspection(02)
Mensaje D / 03:03:00:000 / primaryinspection(02) / 00:03:00:000 para top(01)
Mensaje D / 03:03:00:000 / top(01) / 00:03:00:000 para Root(00)
Mensaje * / 03:06:00:000 / Root(00) para top(01)
Mensaje * / 03:06:00:000 / top(01) para primaryinspection(02)
Mensaje * / 03:06:00:000 / primaryinspection(02) para queryresultreviewer(05)
Mensaje Y / 03:06:00:000 / queryresultreviewer(05) / qrrpassout /      1.00000 para primaryinspection(02)
Mensaje D / 03:06:00:000 / queryresultreviewer(05) / ... para primaryinspection(02)
Mensaje Y / 03:06:00:000 / primaryinspection(02) / pass /      1.00000 para top(01)
Mensaje D / 03:06:00:000 / primaryinspection(02) / ... para top(01)
Mensaje Y / 03:06:00:000 / top(01) / pass /      1.00000 para Root(00)
Mensaje D / 03:06:00:000 / top(01) / ... para Root(00)
Mensaje X / 03:12:00:000 / Root(00) / in /      1.00000 para top(01)
Mensaje X / 03:12:00:000 / top(01) / in /      1.00000 para primaryinspection(02)
Mensaje X / 03:12:00:000 / primaryinspection(02) / trafficin /      1.00000 para vehiclequeryperformer(03)
Mensaje X / 03:12:00:000 / primaryinspection(02) / pqptrafficin /      1.00000 para personqueryperformer(04)
Mensaje D / 03:12:00:000 / vehiclequeryperformer(03) / 00:01:00:000 para primaryinspection(02)
Mensaje D / 03:12:00:000 / personqueryperformer(04) / 00:03:00:000 para primaryinspection(02)
Mensaje D / 03:12:00:000 / primaryinspection(02) / 00:01:00:000 para top(01)
Mensaje D / 03:12:00:000 / top(01) / 00:01:00:000 para Root(00)
Mensaje * / 03:13:00:000 / Root(00) para top(01)
Mensaje * / 03:13:00:000 / top(01) para primaryinspection(02)
Mensaje * / 03:13:00:000 / primaryinspection(02) para vehiclequeryperformer(03)
Mensaje Y / 03:13:00:000 / vehiclequeryperformer(03) / vqpout /      1.00000 para primaryinspection(02)
Mensaje D / 03:13:00:000 / vehiclequeryperformer(03) / ... para primaryinspection(02)
Mensaje X / 03:13:00:000 / primaryinspection(02) / vqpin /      1.00000 para queryresultreviewer(05)
Mensaje D / 03:13:00:000 / queryresultreviewer(05) / 00:00:00:000 para primaryinspection(02)
Mensaje D / 03:13:00:000 / primaryinspection(02) / 00:00:00:000 para top(01)
Mensaje D / 03:13:00:000 / top(01) / 00:00:00:000 para Root(00)
Mensaje * / 03:13:00:000 / Root(00) para top(01)
Mensaje * / 03:13:00:000 / top(01) para primaryinspection(02)
Mensaje * / 03:13:00:000 / primaryinspection(02) para queryresultreviewer(05)
Mensaje D / 03:13:00:000 / queryresultreviewer(05) / ... para primaryinspection(02)
Mensaje D / 03:13:00:000 / primaryinspection(02) / 00:02:00:000 para top(01)
Mensaje D / 03:13:00:000 / top(01) / 00:02:00:000 para Root(00)
Mensaje * / 03:15:00:000 / Root(00) para top(01)
Mensaje * / 03:15:00:000 / top(01) para primaryinspection(02)
Mensaje * / 03:15:00:000 / primaryinspection(02) para personqueryperformer(04)
Mensaje Y / 03:15:00:000 / personqueryperformer(04) / pqpresultout /      1.00000 para primaryinspection(02)
Mensaje D / 03:15:00:000 / personqueryperformer(04) / ... para primaryinspection(02)
Mensaje X / 03:15:00:000 / primaryinspection(02) / pqpin /      1.00000 para queryresultreviewer(05)
Mensaje D / 03:15:00:000 / queryresultreviewer(05) / 00:04:00:000 para primaryinspection(02)
Mensaje D / 03:15:00:000 / primaryinspection(02) / 00:04:00:000 para top(01)
Mensaje D / 03:15:00:000 / top(01) / 00:04:00:000 para Root(00)
Mensaje * / 03:19:00:000 / Root(00) para top(01)
Mensaje * / 03:19:00:000 / top(01) para primaryinspection(02)
Mensaje * / 03:19:00:000 / primaryinspection(02) para queryresultreviewer(05)
Mensaje Y / 03:19:00:000 / queryresultreviewer(05) / qrrpassout /      1.00000 para primaryinspection(02)
Mensaje D / 03:19:00:000 / queryresultreviewer(05) / ... para primaryinspection(02)
Mensaje Y / 03:19:00:000 / primaryinspection(02) / pass /      1.00000 para top(01)
Mensaje D / 03:19:00:000 / primaryinspection(02) / ... para top(01)
Mensaje Y / 03:19:00:000 / top(01) / pass /      1.00000 para Root(00)
Mensaje D / 03:19:00:000 / top(01) / ... para Root(00)
Mensaje X / 03:24:00:000 / Root(00) / in /      1.00000 para top(01)
Mensaje X / 03:24:00:000 / top(01) / in /      1.00000 para primaryinspection(02)
Mensaje X / 03:24:00:000 / primaryinspection(02) / trafficin /      1.00000 para vehiclequeryperformer(03)
Mensaje X / 03:24:00:000 / primaryinspection(02) / pqptrafficin /      1.00000 para personqueryperformer(04)
Mensaje D / 03:24:00:000 / vehiclequeryperformer(03) / 00:01:00:000 para primaryinspection(02)
Mensaje D / 03:24:00:000 / personqueryperformer(04) / 00:04:00:000 para primaryinspection(02)
Mensaje D / 03:24:00:000 / primaryinspection(02) / 00:01:00:000 para top(01)
Mensaje D / 03:24:00:000 / top(01) / 00:01:00:000 para Root(00)
Mensaje * / 03:25:00:000 / Root(00) para top(01)
Mensaje * / 03:25:00:000 / top(01) para primaryinspection(02)
Mensaje * / 03:25:00:000 / primaryinspection(02) para vehiclequeryperformer(03)
Mensaje Y / 03:25:00:000 / vehiclequeryperformer(03) / vqpout /      1.00000 para primaryinspection(02)
Mensaje D / 03:25:00:000 / vehiclequeryperformer(03) / ... para primaryinspection(02)
Mensaje X / 03:25:00:000 / primaryinspection(02) / vqpin /      1.00000 para queryresultreviewer(05)
Mensaje D / 03:25:00:000 / queryresultreviewer(05) / 00:00:00:000 para primaryinspection(02)
Mensaje D / 03:25:00:000 / primaryinspection(02) / 00:00:00:000 para top(01)
Mensaje D / 03:25:00:000 / top(01) / 00:00:00:000 para Root(00)
Mensaje * / 03:25:00:000 / Root(00) para top(01)
Mensaje * / 03:25:00:000 / top(01) para primaryinspection(02)
Mensaje * / 03:25:00:000 / primaryinspection(02) para queryresultreviewer(05)
Mensaje D / 03:25:00:000 / queryresultreviewer(05) / ... para primaryinspection(02)
Mensaje D / 03:25:00:000 / primaryinspection(02) / 00:03:00:000 para top(01)
Mensaje D / 03:25:00:000 / top(01) / 00:03:00:000 para Root(00)
Mensaje * / 03:28:00:000 / Root(00) para top(01)
Mensaje * / 03:28:00:000 / top(01) para primaryinspection(02)
Mensaje * / 03:28:00:000 / primaryinspection(02) para personqueryperformer(04)
Mensaje Y / 03:28:00:000 / personqueryperformer(04) / pqpresultout /      1.00000 para primaryinspection(02)
Mensaje D / 03:28:00:000 / personqueryperformer(04) / ... para primaryinspection(02)
Mensaje X / 03:28:00:000 / primaryinspection(02) / pqpin /      1.00000 para queryresultreviewer(05)
Mensaje D / 03:28:00:000 / queryresultreviewer(05) / 00:03:00:000 para primaryinspection(02)
Mensaje D / 03:28:00:000 / primaryinspection(02) / 00:03:00:000 para top(01)
Mensaje D / 03:28:00:000 / top(01) / 00:03:00:000 para Root(00)
Mensaje * / 03:31:00:000 / Root(00) para top(01)
Mensaje * / 03:31:00:000 / top(01) para primaryinspection(02)
Mensaje * / 03:31:00:000 / primaryinspection(02) para queryresultreviewer(05)
Mensaje Y / 03:31:00:000 / queryresultreviewer(05) / qrrpassout /      1.00000 para primaryinspection(02)
Mensaje D / 03:31:00:000 / queryresultreviewer(05) / ... para primaryinspection(02)
Mensaje Y / 03:31:00:000 / primaryinspection(02) / pass /      1.00000 para top(01)
Mensaje D / 03:31:00:000 / primaryinspection(02) / ... para top(01)
Mensaje Y / 03:31:00:000 / top(01) / pass /      1.00000 para Root(00)
Mensaje D / 03:31:00:000 / top(01) / ... para Root(00)
Mensaje X / 03:36:00:000 / Root(00) / in /      1.00000 para top(01)
Mensaje X / 03:36:00:000 / top(01) / in /      1.00000 para primaryinspection(02)
Mensaje X / 03:36:00:000 / primaryinspection(02) / trafficin /      1.00000 para vehiclequeryperformer(03)
Mensaje X / 03:36:00:000 / primaryinspection(02) / pqptrafficin /      1.00000 para personqueryperformer(04)
Mensaje D / 03:36:00:000 / vehiclequeryperformer(03) / 00:01:00:000 para primaryinspection(02)
Mensaje D / 03:36:00:000 / personqueryperformer(04) / 00:04:00:000 para primaryinspection(02)
Mensaje D / 03:36:00:000 / primaryinspection(02) / 00:01:00:000 para top(01)
Mensaje D / 03:36:00:000 / top(01) / 00:01:00:000 para Root(00)
Mensaje * / 03:37:00:000 / Root(00) para top(01)
Mensaje * / 03:37:00:000 / top(01) para primaryinspection(02)
Mensaje * / 03:37:00:000 / primaryinspection(02) para vehiclequeryperformer(03)
Mensaje Y / 03:37:00:000 / vehiclequeryperformer(03) / vqpout /      1.00000 para primaryinspection(02)
Mensaje D / 03:37:00:000 / vehiclequeryperformer(03) / ... para primaryinspection(02)
Mensaje X / 03:37:00:000 / primaryinspection(02) / vqpin /      1.00000 para queryresultreviewer(05)
Mensaje D / 03:37:00:000 / queryresultreviewer(05) / 00:00:00:000 para primaryinspection(02)
Mensaje D / 03:37:00:000 / primaryinspection(02) / 00:00:00:000 para top(01)
Mensaje D / 03:37:00:000 / top(01) / 00:00:00:000 para Root(00)
Mensaje * / 03:37:00:000 / Root(00) para top(01)
Mensaje * / 03:37:00:000 / top(01) para primaryinspection(02)
Mensaje * / 03:37:00:000 / primaryinspection(02) para queryresultreviewer(05)
Mensaje D / 03:37:00:000 / queryresultreviewer(05) / ... para primaryinspection(02)
Mensaje D / 03:37:00:000 / primaryinspection(02) / 00:03:00:000 para top(01)
Mensaje D / 03:37:00:000 / top(01) / 00:03:00:000 para Root(00)
Mensaje * / 03:40:00:000 / Root(00) para top(01)
Mensaje * / 03:40:00:000 / top(01) para primaryinspection(02)
Mensaje * / 03:40:00:000 / primaryinspection(02) para personqueryperformer(04)
Mensaje Y / 03:40:00:000 / personqueryperformer(04) / pqpresultout /      1.00000 para primaryinspection(02)
Mensaje D / 03:40:00:000 / personqueryperformer(04) / ... para primaryinspection(02)
Mensaje X / 03:40:00:000 / primaryinspection(02) / pqpin /      1.00000 para queryresultreviewer(05)
Mensaje D / 03:40:00:000 / queryresultreviewer(05) / 00:04:00:000 para primaryinspection(02)
Mensaje D / 03:40:00:000 / primaryinspection(02) / 00:04:00:000 para top(01)
Mensaje D / 03:40:00:000 / top(01) / 00:04:00:000 para Root(00)
Mensaje * / 03:44:00:000 / Root(00) para top(01)
Mensaje * / 03:44:00:000 / top(01) para primaryinspection(02)
Mensaje * / 03:44:00:000 / primaryinspection(02) para queryresultreviewer(05)
Mensaje Y / 03:44:00:000 / queryresultreviewer(05) / qrrpassout /      1.00000 para primaryinspection(02)
Mensaje D / 03:44:00:000 / queryresultreviewer(05) / ... para primaryinspection(02)
Mensaje Y / 03:44:00:000 / primaryinspection(02) / pass /      1.00000 para top(01)
Mensaje D / 03:44:00:000 / primaryinspection(02) / ... para top(01)
Mensaje Y / 03:44:00:000 / top(01) / pass /      1.00000 para Root(00)
Mensaje D / 03:44:00:000 / top(01) / ... para Root(00)
Mensaje X / 03:48:00:000 / Root(00) / in /      1.00000 para top(01)
Mensaje X / 03:48:00:000 / top(01) / in /      1.00000 para primaryinspection(02)
Mensaje X / 03:48:00:000 / primaryinspection(02) / trafficin /      1.00000 para vehiclequeryperformer(03)
Mensaje X / 03:48:00:000 / primaryinspection(02) / pqptrafficin /      1.00000 para personqueryperformer(04)
Mensaje D / 03:48:00:000 / vehiclequeryperformer(03) / 00:01:00:000 para primaryinspection(02)
Mensaje D / 03:48:00:000 / personqueryperformer(04) / 00:03:00:000 para primaryinspection(02)
Mensaje D / 03:48:00:000 / primaryinspection(02) / 00:01:00:000 para top(01)
Mensaje D / 03:48:00:000 / top(01) / 00:01:00:000 para Root(00)
Mensaje * / 03:49:00:000 / Root(00) para top(01)
Mensaje * / 03:49:00:000 / top(01) para primaryinspection(02)
Mensaje * / 03:49:00:000 / primaryinspection(02) para vehiclequeryperformer(03)
Mensaje Y / 03:49:00:000 / vehiclequeryperformer(03) / vqpout /      1.00000 para primaryinspection(02)
Mensaje D / 03:49:00:000 / vehiclequeryperformer(03) / ... para primaryinspection(02)
Mensaje X / 03:49:00:000 / primaryinspection(02) / vqpin /      1.00000 para queryresultreviewer(05)
Mensaje D / 03:49:00:000 / queryresultreviewer(05) / 00:00:00:000 para primaryinspection(02)
Mensaje D / 03:49:00:000 / primaryinspection(02) / 00:00:00:000 para top(01)
Mensaje D / 03:49:00:000 / top(01) / 00:00:00:000 para Root(00)
Mensaje * / 03:49:00:000 / Root(00) para top(01)
Mensaje * / 03:49:00:000 / top(01) para primaryinspection(02)
Mensaje * / 03:49:00:000 / primaryinspection(02) para queryresultreviewer(05)
Mensaje D / 03:49:00:000 / queryresultreviewer(05) / ... para primaryinspection(02)
Mensaje D / 03:49:00:000 / primaryinspection(02) / 00:02:00:000 para top(01)
Mensaje D / 03:49:00:000 / top(01) / 00:02:00:000 para Root(00)
Mensaje * / 03:51:00:000 / Root(00) para top(01)
Mensaje * / 03:51:00:000 / top(01) para primaryinspection(02)
Mensaje * / 03:51:00:000 / primaryinspection(02) para personqueryperformer(04)
Mensaje Y / 03:51:00:000 / personqueryperformer(04) / pqpresultout /      1.00000 para primaryinspection(02)
Mensaje D / 03:51:00:000 / personqueryperformer(04) / ... para primaryinspection(02)
Mensaje X / 03:51:00:000 / primaryinspection(02) / pqpin /      1.00000 para queryresultreviewer(05)
Mensaje D / 03:51:00:000 / queryresultreviewer(05) / 00:04:00:000 para primaryinspection(02)
Mensaje D / 03:51:00:000 / primaryinspection(02) / 00:04:00:000 para top(01)
Mensaje D / 03:51:00:000 / top(01) / 00:04:00:000 para Root(00)
Mensaje * / 03:55:00:000 / Root(00) para top(01)
Mensaje * / 03:55:00:000 / top(01) para primaryinspection(02)
Mensaje * / 03:55:00:000 / primaryinspection(02) para queryresultreviewer(05)
Mensaje Y / 03:55:00:000 / queryresultreviewer(05) / qrrpassout /      1.00000 para primaryinspection(02)
Mensaje D / 03:55:00:000 / queryresultreviewer(05) / ... para primaryinspection(02)
Mensaje Y / 03:55:00:000 / primaryinspection(02) / pass /      1.00000 para top(01)
Mensaje D / 03:55:00:000 / primaryinspection(02) / ... para top(01)
Mensaje Y / 03:55:00:000 / top(01) / pass /      1.00000 para Root(00)
Mensaje D / 03:55:00:000 / top(01) / ... para Root(00)
