Mensaje I / 00:00:00:000 / Root(00) para top(01)
Mensaje I / 00:00:00:000 / top(01) para queryresultreviewer(02)
Mensaje D / 00:00:00:000 / queryresultreviewer(02) / ... para top(01)
Mensaje D / 00:00:00:000 / top(01) / ... para Root(00)
Mensaje X / 00:00:00:000 / Root(00) / pqpin /      1.00000 para top(01)
Mensaje X / 00:00:00:000 / top(01) / pqpin /      1.00000 para queryresultreviewer(02)
Mensaje D / 00:00:00:000 / queryresultreviewer(02) / 00:00:00:000 para top(01)
Mensaje D / 00:00:00:000 / top(01) / 00:00:00:000 para Root(00)
Mensaje X / 00:00:00:000 / Root(00) / vqpin /      1.00000 para top(01)
Mensaje X / 00:00:00:000 / top(01) / vqpin /      1.00000 para queryresultreviewer(02)
Mensaje D / 00:00:00:000 / queryresultreviewer(02) / 00:02:00:000 para top(01)
Mensaje D / 00:00:00:000 / top(01) / 00:02:00:000 para Root(00)
Mensaje * / 00:02:00:000 / Root(00) para top(01)
Mensaje * / 00:02:00:000 / top(01) para queryresultreviewer(02)
Mensaje Y / 00:02:00:000 / queryresultreviewer(02) / qrrpassout /      1.00000 para top(01)
Mensaje D / 00:02:00:000 / queryresultreviewer(02) / ... para top(01)
Mensaje Y / 00:02:00:000 / top(01) / qrrpassout /      1.00000 para Root(00)
Mensaje D / 00:02:00:000 / top(01) / ... para Root(00)
Mensaje X / 00:06:00:000 / Root(00) / pqpin /      1.00000 para top(01)
Mensaje X / 00:06:00:000 / top(01) / pqpin /      1.00000 para queryresultreviewer(02)
Mensaje D / 00:06:00:000 / queryresultreviewer(02) / 00:00:00:000 para top(01)
Mensaje D / 00:06:00:000 / top(01) / 00:00:00:000 para Root(00)
Mensaje X / 00:06:00:000 / Root(00) / vqpin /      0.00000 para top(01)
Mensaje X / 00:06:00:000 / top(01) / vqpin /      0.00000 para queryresultreviewer(02)
Mensaje D / 00:06:00:000 / queryresultreviewer(02) / 00:02:00:000 para top(01)
Mensaje D / 00:06:00:000 / top(01) / 00:02:00:000 para Root(00)
Mensaje * / 00:08:00:000 / Root(00) para top(01)
Mensaje * / 00:08:00:000 / top(01) para queryresultreviewer(02)
Mensaje Y / 00:08:00:000 / queryresultreviewer(02) / qrrfailout /      1.00000 para top(01)
Mensaje D / 00:08:00:000 / queryresultreviewer(02) / ... para top(01)
Mensaje Y / 00:08:00:000 / top(01) / qqrfailout /      1.00000 para Root(00)
Mensaje D / 00:08:00:000 / top(01) / ... para Root(00)
Mensaje X / 00:15:00:000 / Root(00) / pqpin /      0.00000 para top(01)
Mensaje X / 00:15:00:000 / top(01) / pqpin /      0.00000 para queryresultreviewer(02)
Mensaje D / 00:15:00:000 / queryresultreviewer(02) / 00:00:00:000 para top(01)
Mensaje D / 00:15:00:000 / top(01) / 00:00:00:000 para Root(00)
Mensaje X / 00:15:00:000 / Root(00) / vqpin /      1.00000 para top(01)
Mensaje X / 00:15:00:000 / top(01) / vqpin /      1.00000 para queryresultreviewer(02)
Mensaje D / 00:15:00:000 / queryresultreviewer(02) / 00:02:00:000 para top(01)
Mensaje D / 00:15:00:000 / top(01) / 00:02:00:000 para Root(00)
Mensaje * / 00:17:00:000 / Root(00) para top(01)
Mensaje * / 00:17:00:000 / top(01) para queryresultreviewer(02)
Mensaje Y / 00:17:00:000 / queryresultreviewer(02) / qrrfailout /      1.00000 para top(01)
Mensaje D / 00:17:00:000 / queryresultreviewer(02) / ... para top(01)
Mensaje Y / 00:17:00:000 / top(01) / qqrfailout /      1.00000 para Root(00)
Mensaje D / 00:17:00:000 / top(01) / ... para Root(00)
Mensaje X / 00:21:00:000 / Root(00) / pqpin /      0.00000 para top(01)
Mensaje X / 00:21:00:000 / top(01) / pqpin /      0.00000 para queryresultreviewer(02)
Mensaje D / 00:21:00:000 / queryresultreviewer(02) / 00:00:00:000 para top(01)
Mensaje D / 00:21:00:000 / top(01) / 00:00:00:000 para Root(00)
Mensaje X / 00:21:00:000 / Root(00) / vqpin /      0.00000 para top(01)
Mensaje X / 00:21:00:000 / top(01) / vqpin /      0.00000 para queryresultreviewer(02)
Mensaje D / 00:21:00:000 / queryresultreviewer(02) / 00:03:00:000 para top(01)
Mensaje D / 00:21:00:000 / top(01) / 00:03:00:000 para Root(00)
Mensaje * / 00:24:00:000 / Root(00) para top(01)
Mensaje * / 00:24:00:000 / top(01) para queryresultreviewer(02)
Mensaje Y / 00:24:00:000 / queryresultreviewer(02) / qrrfailout /      1.00000 para top(01)
Mensaje D / 00:24:00:000 / queryresultreviewer(02) / ... para top(01)
Mensaje Y / 00:24:00:000 / top(01) / qqrfailout /      1.00000 para Root(00)
Mensaje D / 00:24:00:000 / top(01) / ... para Root(00)
