Mensaje I / 00:00:00:000 / Root(00) para top(01)
Mensaje I / 00:00:00:000 / top(01) para secondaryinsection(02)
Mensaje I / 00:00:00:000 / secondaryinsection(02) para admissibilityinspection(03)
Mensaje I / 00:00:00:000 / secondaryinsection(02) para customsinspection(04)
Mensaje D / 00:00:00:000 / admissibilityinspection(03) / ... para secondaryinsection(02)
Mensaje D / 00:00:00:000 / customsinspection(04) / ... para secondaryinsection(02)
Mensaje D / 00:00:00:000 / secondaryinsection(02) / ... para top(01)
Mensaje D / 00:00:00:000 / top(01) / ... para Root(00)
Mensaje X / 00:00:00:000 / Root(00) / in /      1.00000 para top(01)
Mensaje X / 00:00:00:000 / top(01) / in /      1.00000 para secondaryinsection(02)
Mensaje X / 00:00:00:000 / secondaryinsection(02) / pifailin /      1.00000 para admissibilityinspection(03)
Mensaje X / 00:00:00:000 / secondaryinsection(02) / pifailin /      1.00000 para customsinspection(04)
Mensaje D / 00:00:00:000 / admissibilityinspection(03) / 00:24:00:000 para secondaryinsection(02)
Mensaje D / 00:00:00:000 / customsinspection(04) / 00:34:00:000 para secondaryinsection(02)
Mensaje D / 00:00:00:000 / secondaryinsection(02) / 00:24:00:000 para top(01)
Mensaje D / 00:00:00:000 / top(01) / 00:24:00:000 para Root(00)
Mensaje * / 00:24:00:000 / Root(00) para top(01)
Mensaje * / 00:24:00:000 / top(01) para secondaryinsection(02)
Mensaje * / 00:24:00:000 / secondaryinsection(02) para admissibilityinspection(03)
Mensaje Y / 00:24:00:000 / admissibilityinspection(03) / admiout /      0.00000 para secondaryinsection(02)
Mensaje D / 00:24:00:000 / admissibilityinspection(03) / ... para secondaryinsection(02)
Mensaje Y / 00:24:00:000 / secondaryinsection(02) / admiout /      0.00000 para top(01)
Mensaje D / 00:24:00:000 / secondaryinsection(02) / 00:10:00:000 para top(01)
Mensaje Y / 00:24:00:000 / top(01) / admiout /      0.00000 para Root(00)
Mensaje D / 00:24:00:000 / top(01) / 00:10:00:000 para Root(00)
Mensaje * / 00:34:00:000 / Root(00) para top(01)
Mensaje * / 00:34:00:000 / top(01) para secondaryinsection(02)
Mensaje * / 00:34:00:000 / secondaryinsection(02) para customsinspection(04)
Mensaje Y / 00:34:00:000 / customsinspection(04) / ciout /      1.00000 para secondaryinsection(02)
Mensaje D / 00:34:00:000 / customsinspection(04) / ... para secondaryinsection(02)
Mensaje Y / 00:34:00:000 / secondaryinsection(02) / ciout /      1.00000 para top(01)
Mensaje D / 00:34:00:000 / secondaryinsection(02) / ... para top(01)
Mensaje Y / 00:34:00:000 / top(01) / ciout /      1.00000 para Root(00)
Mensaje D / 00:34:00:000 / top(01) / ... para Root(00)
Mensaje X / 02:00:00:000 / Root(00) / in /      1.00000 para top(01)
Mensaje X / 02:00:00:000 / top(01) / in /      1.00000 para secondaryinsection(02)
Mensaje X / 02:00:00:000 / secondaryinsection(02) / pifailin /      1.00000 para admissibilityinspection(03)
Mensaje X / 02:00:00:000 / secondaryinsection(02) / pifailin /      1.00000 para customsinspection(04)
Mensaje D / 02:00:00:000 / admissibilityinspection(03) / 00:20:00:000 para secondaryinsection(02)
Mensaje D / 02:00:00:000 / customsinspection(04) / 00:57:00:000 para secondaryinsection(02)
Mensaje D / 02:00:00:000 / secondaryinsection(02) / 00:20:00:000 para top(01)
Mensaje D / 02:00:00:000 / top(01) / 00:20:00:000 para Root(00)
Mensaje * / 02:20:00:000 / Root(00) para top(01)
Mensaje * / 02:20:00:000 / top(01) para secondaryinsection(02)
Mensaje * / 02:20:00:000 / secondaryinsection(02) para admissibilityinspection(03)
Mensaje Y / 02:20:00:000 / admissibilityinspection(03) / admiout /      1.00000 para secondaryinsection(02)
Mensaje D / 02:20:00:000 / admissibilityinspection(03) / ... para secondaryinsection(02)
Mensaje Y / 02:20:00:000 / secondaryinsection(02) / admiout /      1.00000 para top(01)
Mensaje D / 02:20:00:000 / secondaryinsection(02) / 00:37:00:000 para top(01)
Mensaje Y / 02:20:00:000 / top(01) / admiout /      1.00000 para Root(00)
Mensaje D / 02:20:00:000 / top(01) / 00:37:00:000 para Root(00)
Mensaje * / 02:57:00:000 / Root(00) para top(01)
Mensaje * / 02:57:00:000 / top(01) para secondaryinsection(02)
Mensaje * / 02:57:00:000 / secondaryinsection(02) para customsinspection(04)
Mensaje Y / 02:57:00:000 / customsinspection(04) / ciout /      1.00000 para secondaryinsection(02)
Mensaje D / 02:57:00:000 / customsinspection(04) / ... para secondaryinsection(02)
Mensaje Y / 02:57:00:000 / secondaryinsection(02) / ciout /      1.00000 para top(01)
Mensaje D / 02:57:00:000 / secondaryinsection(02) / ... para top(01)
Mensaje Y / 02:57:00:000 / top(01) / ciout /      1.00000 para Root(00)
Mensaje D / 02:57:00:000 / top(01) / ... para Root(00)
Mensaje X / 04:00:00:000 / Root(00) / in /      1.00000 para top(01)
Mensaje X / 04:00:00:000 / top(01) / in /      1.00000 para secondaryinsection(02)
Mensaje X / 04:00:00:000 / secondaryinsection(02) / pifailin /      1.00000 para admissibilityinspection(03)
Mensaje X / 04:00:00:000 / secondaryinsection(02) / pifailin /      1.00000 para customsinspection(04)
Mensaje D / 04:00:00:000 / admissibilityinspection(03) / 00:16:00:000 para secondaryinsection(02)
Mensaje D / 04:00:00:000 / customsinspection(04) / 00:50:00:000 para secondaryinsection(02)
Mensaje D / 04:00:00:000 / secondaryinsection(02) / 00:16:00:000 para top(01)
Mensaje D / 04:00:00:000 / top(01) / 00:16:00:000 para Root(00)
Mensaje * / 04:16:00:000 / Root(00) para top(01)
Mensaje * / 04:16:00:000 / top(01) para secondaryinsection(02)
Mensaje * / 04:16:00:000 / secondaryinsection(02) para admissibilityinspection(03)
Mensaje Y / 04:16:00:000 / admissibilityinspection(03) / admiout /      1.00000 para secondaryinsection(02)
Mensaje D / 04:16:00:000 / admissibilityinspection(03) / ... para secondaryinsection(02)
Mensaje Y / 04:16:00:000 / secondaryinsection(02) / admiout /      1.00000 para top(01)
Mensaje D / 04:16:00:000 / secondaryinsection(02) / 00:34:00:000 para top(01)
Mensaje Y / 04:16:00:000 / top(01) / admiout /      1.00000 para Root(00)
Mensaje D / 04:16:00:000 / top(01) / 00:34:00:000 para Root(00)
Mensaje * / 04:50:00:000 / Root(00) para top(01)
Mensaje * / 04:50:00:000 / top(01) para secondaryinsection(02)
Mensaje * / 04:50:00:000 / secondaryinsection(02) para customsinspection(04)
Mensaje Y / 04:50:00:000 / customsinspection(04) / ciout /      1.00000 para secondaryinsection(02)
Mensaje D / 04:50:00:000 / customsinspection(04) / ... para secondaryinsection(02)
Mensaje Y / 04:50:00:000 / secondaryinsection(02) / ciout /      1.00000 para top(01)
Mensaje D / 04:50:00:000 / secondaryinsection(02) / ... para top(01)
Mensaje Y / 04:50:00:000 / top(01) / ciout /      1.00000 para Root(00)
Mensaje D / 04:50:00:000 / top(01) / ... para Root(00)
Mensaje X / 06:00:00:000 / Root(00) / in /      1.00000 para top(01)
Mensaje X / 06:00:00:000 / top(01) / in /      1.00000 para secondaryinsection(02)
Mensaje X / 06:00:00:000 / secondaryinsection(02) / pifailin /      1.00000 para admissibilityinspection(03)
Mensaje X / 06:00:00:000 / secondaryinsection(02) / pifailin /      1.00000 para customsinspection(04)
Mensaje D / 06:00:00:000 / admissibilityinspection(03) / 00:20:00:000 para secondaryinsection(02)
Mensaje D / 06:00:00:000 / customsinspection(04) / 00:33:00:000 para secondaryinsection(02)
Mensaje D / 06:00:00:000 / secondaryinsection(02) / 00:20:00:000 para top(01)
Mensaje D / 06:00:00:000 / top(01) / 00:20:00:000 para Root(00)
Mensaje * / 06:20:00:000 / Root(00) para top(01)
Mensaje * / 06:20:00:000 / top(01) para secondaryinsection(02)
Mensaje * / 06:20:00:000 / secondaryinsection(02) para admissibilityinspection(03)
Mensaje Y / 06:20:00:000 / admissibilityinspection(03) / admiout /      0.00000 para secondaryinsection(02)
Mensaje D / 06:20:00:000 / admissibilityinspection(03) / ... para secondaryinsection(02)
Mensaje Y / 06:20:00:000 / secondaryinsection(02) / admiout /      0.00000 para top(01)
Mensaje D / 06:20:00:000 / secondaryinsection(02) / 00:13:00:000 para top(01)
Mensaje Y / 06:20:00:000 / top(01) / admiout /      0.00000 para Root(00)
Mensaje D / 06:20:00:000 / top(01) / 00:13:00:000 para Root(00)
Mensaje * / 06:33:00:000 / Root(00) para top(01)
Mensaje * / 06:33:00:000 / top(01) para secondaryinsection(02)
Mensaje * / 06:33:00:000 / secondaryinsection(02) para customsinspection(04)
Mensaje Y / 06:33:00:000 / customsinspection(04) / ciout /      1.00000 para secondaryinsection(02)
Mensaje D / 06:33:00:000 / customsinspection(04) / ... para secondaryinsection(02)
Mensaje Y / 06:33:00:000 / secondaryinsection(02) / ciout /      1.00000 para top(01)
Mensaje D / 06:33:00:000 / secondaryinsection(02) / ... para top(01)
Mensaje Y / 06:33:00:000 / top(01) / ciout /      1.00000 para Root(00)
Mensaje D / 06:33:00:000 / top(01) / ... para Root(00)
Mensaje X / 08:00:00:000 / Root(00) / in /      1.00000 para top(01)
Mensaje X / 08:00:00:000 / top(01) / in /      1.00000 para secondaryinsection(02)
Mensaje X / 08:00:00:000 / secondaryinsection(02) / pifailin /      1.00000 para admissibilityinspection(03)
Mensaje X / 08:00:00:000 / secondaryinsection(02) / pifailin /      1.00000 para customsinspection(04)
Mensaje D / 08:00:00:000 / admissibilityinspection(03) / 00:24:00:000 para secondaryinsection(02)
Mensaje D / 08:00:00:000 / customsinspection(04) / 00:33:00:000 para secondaryinsection(02)
Mensaje D / 08:00:00:000 / secondaryinsection(02) / 00:24:00:000 para top(01)
Mensaje D / 08:00:00:000 / top(01) / 00:24:00:000 para Root(00)
Mensaje * / 08:24:00:000 / Root(00) para top(01)
Mensaje * / 08:24:00:000 / top(01) para secondaryinsection(02)
Mensaje * / 08:24:00:000 / secondaryinsection(02) para admissibilityinspection(03)
Mensaje Y / 08:24:00:000 / admissibilityinspection(03) / admiout /      0.00000 para secondaryinsection(02)
Mensaje D / 08:24:00:000 / admissibilityinspection(03) / ... para secondaryinsection(02)
Mensaje Y / 08:24:00:000 / secondaryinsection(02) / admiout /      0.00000 para top(01)
Mensaje D / 08:24:00:000 / secondaryinsection(02) / 00:09:00:000 para top(01)
Mensaje Y / 08:24:00:000 / top(01) / admiout /      0.00000 para Root(00)
Mensaje D / 08:24:00:000 / top(01) / 00:09:00:000 para Root(00)
Mensaje * / 08:33:00:000 / Root(00) para top(01)
Mensaje * / 08:33:00:000 / top(01) para secondaryinsection(02)
Mensaje * / 08:33:00:000 / secondaryinsection(02) para customsinspection(04)
Mensaje Y / 08:33:00:000 / customsinspection(04) / ciout /      1.00000 para secondaryinsection(02)
Mensaje D / 08:33:00:000 / customsinspection(04) / ... para secondaryinsection(02)
Mensaje Y / 08:33:00:000 / secondaryinsection(02) / ciout /      1.00000 para top(01)
Mensaje D / 08:33:00:000 / secondaryinsection(02) / ... para top(01)
Mensaje Y / 08:33:00:000 / top(01) / ciout /      1.00000 para Root(00)
Mensaje D / 08:33:00:000 / top(01) / ... para Root(00)
Mensaje X / 10:00:00:000 / Root(00) / in /      1.00000 para top(01)
Mensaje X / 10:00:00:000 / top(01) / in /      1.00000 para secondaryinsection(02)
Mensaje X / 10:00:00:000 / secondaryinsection(02) / pifailin /      1.00000 para admissibilityinspection(03)
Mensaje X / 10:00:00:000 / secondaryinsection(02) / pifailin /      1.00000 para customsinspection(04)
Mensaje D / 10:00:00:000 / admissibilityinspection(03) / 00:18:00:000 para secondaryinsection(02)
Mensaje D / 10:00:00:000 / customsinspection(04) / 00:32:00:000 para secondaryinsection(02)
Mensaje D / 10:00:00:000 / secondaryinsection(02) / 00:18:00:000 para top(01)
Mensaje D / 10:00:00:000 / top(01) / 00:18:00:000 para Root(00)
Mensaje * / 10:18:00:000 / Root(00) para top(01)
Mensaje * / 10:18:00:000 / top(01) para secondaryinsection(02)
Mensaje * / 10:18:00:000 / secondaryinsection(02) para admissibilityinspection(03)
Mensaje Y / 10:18:00:000 / admissibilityinspection(03) / admiout /      1.00000 para secondaryinsection(02)
Mensaje D / 10:18:00:000 / admissibilityinspection(03) / ... para secondaryinsection(02)
Mensaje Y / 10:18:00:000 / secondaryinsection(02) / admiout /      1.00000 para top(01)
Mensaje D / 10:18:00:000 / secondaryinsection(02) / 00:14:00:000 para top(01)
Mensaje Y / 10:18:00:000 / top(01) / admiout /      1.00000 para Root(00)
Mensaje D / 10:18:00:000 / top(01) / 00:14:00:000 para Root(00)
Mensaje * / 10:32:00:000 / Root(00) para top(01)
Mensaje * / 10:32:00:000 / top(01) para secondaryinsection(02)
Mensaje * / 10:32:00:000 / secondaryinsection(02) para customsinspection(04)
Mensaje Y / 10:32:00:000 / customsinspection(04) / ciout /      1.00000 para secondaryinsection(02)
Mensaje D / 10:32:00:000 / customsinspection(04) / ... para secondaryinsection(02)
Mensaje Y / 10:32:00:000 / secondaryinsection(02) / ciout /      1.00000 para top(01)
Mensaje D / 10:32:00:000 / secondaryinsection(02) / ... para top(01)
Mensaje Y / 10:32:00:000 / top(01) / ciout /      1.00000 para Root(00)
Mensaje D / 10:32:00:000 / top(01) / ... para Root(00)
Mensaje X / 12:00:00:000 / Root(00) / in /      1.00000 para top(01)
Mensaje X / 12:00:00:000 / top(01) / in /      1.00000 para secondaryinsection(02)
Mensaje X / 12:00:00:000 / secondaryinsection(02) / pifailin /      1.00000 para admissibilityinspection(03)
Mensaje X / 12:00:00:000 / secondaryinsection(02) / pifailin /      1.00000 para customsinspection(04)
Mensaje D / 12:00:00:000 / admissibilityinspection(03) / 00:20:00:000 para secondaryinsection(02)
Mensaje D / 12:00:00:000 / customsinspection(04) / 00:42:00:000 para secondaryinsection(02)
Mensaje D / 12:00:00:000 / secondaryinsection(02) / 00:20:00:000 para top(01)
Mensaje D / 12:00:00:000 / top(01) / 00:20:00:000 para Root(00)
Mensaje * / 12:20:00:000 / Root(00) para top(01)
Mensaje * / 12:20:00:000 / top(01) para secondaryinsection(02)
Mensaje * / 12:20:00:000 / secondaryinsection(02) para admissibilityinspection(03)
Mensaje Y / 12:20:00:000 / admissibilityinspection(03) / admiout /      1.00000 para secondaryinsection(02)
Mensaje D / 12:20:00:000 / admissibilityinspection(03) / ... para secondaryinsection(02)
Mensaje Y / 12:20:00:000 / secondaryinsection(02) / admiout /      1.00000 para top(01)
Mensaje D / 12:20:00:000 / secondaryinsection(02) / 00:22:00:000 para top(01)
Mensaje Y / 12:20:00:000 / top(01) / admiout /      1.00000 para Root(00)
Mensaje D / 12:20:00:000 / top(01) / 00:22:00:000 para Root(00)
Mensaje * / 12:42:00:000 / Root(00) para top(01)
Mensaje * / 12:42:00:000 / top(01) para secondaryinsection(02)
Mensaje * / 12:42:00:000 / secondaryinsection(02) para customsinspection(04)
Mensaje Y / 12:42:00:000 / customsinspection(04) / ciout /      1.00000 para secondaryinsection(02)
Mensaje D / 12:42:00:000 / customsinspection(04) / ... para secondaryinsection(02)
Mensaje Y / 12:42:00:000 / secondaryinsection(02) / ciout /      1.00000 para top(01)
Mensaje D / 12:42:00:000 / secondaryinsection(02) / ... para top(01)
Mensaje Y / 12:42:00:000 / top(01) / ciout /      1.00000 para Root(00)
Mensaje D / 12:42:00:000 / top(01) / ... para Root(00)
Mensaje X / 14:00:00:000 / Root(00) / in /      1.00000 para top(01)
Mensaje X / 14:00:00:000 / top(01) / in /      1.00000 para secondaryinsection(02)
Mensaje X / 14:00:00:000 / secondaryinsection(02) / pifailin /      1.00000 para admissibilityinspection(03)
Mensaje X / 14:00:00:000 / secondaryinsection(02) / pifailin /      1.00000 para customsinspection(04)
Mensaje D / 14:00:00:000 / admissibilityinspection(03) / 00:23:00:000 para secondaryinsection(02)
Mensaje D / 14:00:00:000 / customsinspection(04) / 00:52:00:000 para secondaryinsection(02)
Mensaje D / 14:00:00:000 / secondaryinsection(02) / 00:23:00:000 para top(01)
Mensaje D / 14:00:00:000 / top(01) / 00:23:00:000 para Root(00)
Mensaje * / 14:23:00:000 / Root(00) para top(01)
Mensaje * / 14:23:00:000 / top(01) para secondaryinsection(02)
Mensaje * / 14:23:00:000 / secondaryinsection(02) para admissibilityinspection(03)
Mensaje Y / 14:23:00:000 / admissibilityinspection(03) / admiout /      1.00000 para secondaryinsection(02)
Mensaje D / 14:23:00:000 / admissibilityinspection(03) / ... para secondaryinsection(02)
Mensaje Y / 14:23:00:000 / secondaryinsection(02) / admiout /      1.00000 para top(01)
Mensaje D / 14:23:00:000 / secondaryinsection(02) / 00:29:00:000 para top(01)
Mensaje Y / 14:23:00:000 / top(01) / admiout /      1.00000 para Root(00)
Mensaje D / 14:23:00:000 / top(01) / 00:29:00:000 para Root(00)
Mensaje * / 14:52:00:000 / Root(00) para top(01)
Mensaje * / 14:52:00:000 / top(01) para secondaryinsection(02)
Mensaje * / 14:52:00:000 / secondaryinsection(02) para customsinspection(04)
Mensaje Y / 14:52:00:000 / customsinspection(04) / ciout /      1.00000 para secondaryinsection(02)
Mensaje D / 14:52:00:000 / customsinspection(04) / ... para secondaryinsection(02)
Mensaje Y / 14:52:00:000 / secondaryinsection(02) / ciout /      1.00000 para top(01)
Mensaje D / 14:52:00:000 / secondaryinsection(02) / ... para top(01)
Mensaje Y / 14:52:00:000 / top(01) / ciout /      1.00000 para Root(00)
Mensaje D / 14:52:00:000 / top(01) / ... para Root(00)
Mensaje X / 16:00:00:000 / Root(00) / in /      1.00000 para top(01)
Mensaje X / 16:00:00:000 / top(01) / in /      1.00000 para secondaryinsection(02)
Mensaje X / 16:00:00:000 / secondaryinsection(02) / pifailin /      1.00000 para admissibilityinspection(03)
Mensaje X / 16:00:00:000 / secondaryinsection(02) / pifailin /      1.00000 para customsinspection(04)
Mensaje D / 16:00:00:000 / admissibilityinspection(03) / 00:20:00:000 para secondaryinsection(02)
Mensaje D / 16:00:00:000 / customsinspection(04) / 00:31:00:000 para secondaryinsection(02)
Mensaje D / 16:00:00:000 / secondaryinsection(02) / 00:20:00:000 para top(01)
Mensaje D / 16:00:00:000 / top(01) / 00:20:00:000 para Root(00)
Mensaje * / 16:20:00:000 / Root(00) para top(01)
Mensaje * / 16:20:00:000 / top(01) para secondaryinsection(02)
Mensaje * / 16:20:00:000 / secondaryinsection(02) para admissibilityinspection(03)
Mensaje Y / 16:20:00:000 / admissibilityinspection(03) / admiout /      1.00000 para secondaryinsection(02)
Mensaje D / 16:20:00:000 / admissibilityinspection(03) / ... para secondaryinsection(02)
Mensaje Y / 16:20:00:000 / secondaryinsection(02) / admiout /      1.00000 para top(01)
Mensaje D / 16:20:00:000 / secondaryinsection(02) / 00:11:00:000 para top(01)
Mensaje Y / 16:20:00:000 / top(01) / admiout /      1.00000 para Root(00)
Mensaje D / 16:20:00:000 / top(01) / 00:11:00:000 para Root(00)
Mensaje * / 16:31:00:000 / Root(00) para top(01)
Mensaje * / 16:31:00:000 / top(01) para secondaryinsection(02)
Mensaje * / 16:31:00:000 / secondaryinsection(02) para customsinspection(04)
Mensaje Y / 16:31:00:000 / customsinspection(04) / ciout /      1.00000 para secondaryinsection(02)
Mensaje D / 16:31:00:000 / customsinspection(04) / ... para secondaryinsection(02)
Mensaje Y / 16:31:00:000 / secondaryinsection(02) / ciout /      1.00000 para top(01)
Mensaje D / 16:31:00:000 / secondaryinsection(02) / ... para top(01)
Mensaje Y / 16:31:00:000 / top(01) / ciout /      1.00000 para Root(00)
Mensaje D / 16:31:00:000 / top(01) / ... para Root(00)
Mensaje X / 18:00:00:000 / Root(00) / in /      1.00000 para top(01)
Mensaje X / 18:00:00:000 / top(01) / in /      1.00000 para secondaryinsection(02)
Mensaje X / 18:00:00:000 / secondaryinsection(02) / pifailin /      1.00000 para admissibilityinspection(03)
Mensaje X / 18:00:00:000 / secondaryinsection(02) / pifailin /      1.00000 para customsinspection(04)
Mensaje D / 18:00:00:000 / admissibilityinspection(03) / 00:23:00:000 para secondaryinsection(02)
Mensaje D / 18:00:00:000 / customsinspection(04) / 00:58:00:000 para secondaryinsection(02)
Mensaje D / 18:00:00:000 / secondaryinsection(02) / 00:23:00:000 para top(01)
Mensaje D / 18:00:00:000 / top(01) / 00:23:00:000 para Root(00)
Mensaje * / 18:23:00:000 / Root(00) para top(01)
Mensaje * / 18:23:00:000 / top(01) para secondaryinsection(02)
Mensaje * / 18:23:00:000 / secondaryinsection(02) para admissibilityinspection(03)
Mensaje Y / 18:23:00:000 / admissibilityinspection(03) / admiout /      1.00000 para secondaryinsection(02)
Mensaje D / 18:23:00:000 / admissibilityinspection(03) / ... para secondaryinsection(02)
Mensaje Y / 18:23:00:000 / secondaryinsection(02) / admiout /      1.00000 para top(01)
Mensaje D / 18:23:00:000 / secondaryinsection(02) / 00:35:00:000 para top(01)
Mensaje Y / 18:23:00:000 / top(01) / admiout /      1.00000 para Root(00)
Mensaje D / 18:23:00:000 / top(01) / 00:35:00:000 para Root(00)
Mensaje * / 18:58:00:000 / Root(00) para top(01)
Mensaje * / 18:58:00:000 / top(01) para secondaryinsection(02)
Mensaje * / 18:58:00:000 / secondaryinsection(02) para customsinspection(04)
Mensaje Y / 18:58:00:000 / customsinspection(04) / ciout /      1.00000 para secondaryinsection(02)
Mensaje D / 18:58:00:000 / customsinspection(04) / ... para secondaryinsection(02)
Mensaje Y / 18:58:00:000 / secondaryinsection(02) / ciout /      1.00000 para top(01)
Mensaje D / 18:58:00:000 / secondaryinsection(02) / ... para top(01)
Mensaje Y / 18:58:00:000 / top(01) / ciout /      1.00000 para Root(00)
Mensaje D / 18:58:00:000 / top(01) / ... para Root(00)
Mensaje X / 20:00:00:000 / Root(00) / in /      1.00000 para top(01)
Mensaje X / 20:00:00:000 / top(01) / in /      1.00000 para secondaryinsection(02)
Mensaje X / 20:00:00:000 / secondaryinsection(02) / pifailin /      1.00000 para admissibilityinspection(03)
Mensaje X / 20:00:00:000 / secondaryinsection(02) / pifailin /      1.00000 para customsinspection(04)
Mensaje D / 20:00:00:000 / admissibilityinspection(03) / 00:23:00:000 para secondaryinsection(02)
Mensaje D / 20:00:00:000 / customsinspection(04) / 00:36:00:000 para secondaryinsection(02)
Mensaje D / 20:00:00:000 / secondaryinsection(02) / 00:23:00:000 para top(01)
Mensaje D / 20:00:00:000 / top(01) / 00:23:00:000 para Root(00)
Mensaje * / 20:23:00:000 / Root(00) para top(01)
Mensaje * / 20:23:00:000 / top(01) para secondaryinsection(02)
Mensaje * / 20:23:00:000 / secondaryinsection(02) para admissibilityinspection(03)
Mensaje Y / 20:23:00:000 / admissibilityinspection(03) / admiout /      1.00000 para secondaryinsection(02)
Mensaje D / 20:23:00:000 / admissibilityinspection(03) / ... para secondaryinsection(02)
Mensaje Y / 20:23:00:000 / secondaryinsection(02) / admiout /      1.00000 para top(01)
Mensaje D / 20:23:00:000 / secondaryinsection(02) / 00:13:00:000 para top(01)
Mensaje Y / 20:23:00:000 / top(01) / admiout /      1.00000 para Root(00)
Mensaje D / 20:23:00:000 / top(01) / 00:13:00:000 para Root(00)
Mensaje * / 20:36:00:000 / Root(00) para top(01)
Mensaje * / 20:36:00:000 / top(01) para secondaryinsection(02)
Mensaje * / 20:36:00:000 / secondaryinsection(02) para customsinspection(04)
Mensaje Y / 20:36:00:000 / customsinspection(04) / ciout /      1.00000 para secondaryinsection(02)
Mensaje D / 20:36:00:000 / customsinspection(04) / ... para secondaryinsection(02)
Mensaje Y / 20:36:00:000 / secondaryinsection(02) / ciout /      1.00000 para top(01)
Mensaje D / 20:36:00:000 / secondaryinsection(02) / ... para top(01)
Mensaje Y / 20:36:00:000 / top(01) / ciout /      1.00000 para Root(00)
Mensaje D / 20:36:00:000 / top(01) / ... para Root(00)
Mensaje X / 22:00:00:000 / Root(00) / in /      1.00000 para top(01)
Mensaje X / 22:00:00:000 / top(01) / in /      1.00000 para secondaryinsection(02)
Mensaje X / 22:00:00:000 / secondaryinsection(02) / pifailin /      1.00000 para admissibilityinspection(03)
Mensaje X / 22:00:00:000 / secondaryinsection(02) / pifailin /      1.00000 para customsinspection(04)
Mensaje D / 22:00:00:000 / admissibilityinspection(03) / 00:23:00:000 para secondaryinsection(02)
Mensaje D / 22:00:00:000 / customsinspection(04) / 00:45:00:000 para secondaryinsection(02)
Mensaje D / 22:00:00:000 / secondaryinsection(02) / 00:23:00:000 para top(01)
Mensaje D / 22:00:00:000 / top(01) / 00:23:00:000 para Root(00)
Mensaje * / 22:23:00:000 / Root(00) para top(01)
Mensaje * / 22:23:00:000 / top(01) para secondaryinsection(02)
Mensaje * / 22:23:00:000 / secondaryinsection(02) para admissibilityinspection(03)
Mensaje Y / 22:23:00:000 / admissibilityinspection(03) / admiout /      1.00000 para secondaryinsection(02)
Mensaje D / 22:23:00:000 / admissibilityinspection(03) / ... para secondaryinsection(02)
Mensaje Y / 22:23:00:000 / secondaryinsection(02) / admiout /      1.00000 para top(01)
Mensaje D / 22:23:00:000 / secondaryinsection(02) / 00:22:00:000 para top(01)
Mensaje Y / 22:23:00:000 / top(01) / admiout /      1.00000 para Root(00)
Mensaje D / 22:23:00:000 / top(01) / 00:22:00:000 para Root(00)
Mensaje * / 22:45:00:000 / Root(00) para top(01)
Mensaje * / 22:45:00:000 / top(01) para secondaryinsection(02)
Mensaje * / 22:45:00:000 / secondaryinsection(02) para customsinspection(04)
Mensaje Y / 22:45:00:000 / customsinspection(04) / ciout /      1.00000 para secondaryinsection(02)
Mensaje D / 22:45:00:000 / customsinspection(04) / ... para secondaryinsection(02)
Mensaje Y / 22:45:00:000 / secondaryinsection(02) / ciout /      1.00000 para top(01)
Mensaje D / 22:45:00:000 / secondaryinsection(02) / ... para top(01)
Mensaje Y / 22:45:00:000 / top(01) / ciout /      1.00000 para Root(00)
Mensaje D / 22:45:00:000 / top(01) / ... para Root(00)
Mensaje X / 24:00:00:000 / Root(00) / in /      1.00000 para top(01)
Mensaje X / 24:00:00:000 / top(01) / in /      1.00000 para secondaryinsection(02)
Mensaje X / 24:00:00:000 / secondaryinsection(02) / pifailin /      1.00000 para admissibilityinspection(03)
Mensaje X / 24:00:00:000 / secondaryinsection(02) / pifailin /      1.00000 para customsinspection(04)
Mensaje D / 24:00:00:000 / admissibilityinspection(03) / 00:17:00:000 para secondaryinsection(02)
Mensaje D / 24:00:00:000 / customsinspection(04) / 00:40:00:000 para secondaryinsection(02)
Mensaje D / 24:00:00:000 / secondaryinsection(02) / 00:17:00:000 para top(01)
Mensaje D / 24:00:00:000 / top(01) / 00:17:00:000 para Root(00)
Mensaje * / 24:17:00:000 / Root(00) para top(01)
Mensaje * / 24:17:00:000 / top(01) para secondaryinsection(02)
Mensaje * / 24:17:00:000 / secondaryinsection(02) para admissibilityinspection(03)
Mensaje Y / 24:17:00:000 / admissibilityinspection(03) / admiout /      1.00000 para secondaryinsection(02)
Mensaje D / 24:17:00:000 / admissibilityinspection(03) / ... para secondaryinsection(02)
Mensaje Y / 24:17:00:000 / secondaryinsection(02) / admiout /      1.00000 para top(01)
Mensaje D / 24:17:00:000 / secondaryinsection(02) / 00:23:00:000 para top(01)
Mensaje Y / 24:17:00:000 / top(01) / admiout /      1.00000 para Root(00)
Mensaje D / 24:17:00:000 / top(01) / 00:23:00:000 para Root(00)
Mensaje * / 24:40:00:000 / Root(00) para top(01)
Mensaje * / 24:40:00:000 / top(01) para secondaryinsection(02)
Mensaje * / 24:40:00:000 / secondaryinsection(02) para customsinspection(04)
Mensaje Y / 24:40:00:000 / customsinspection(04) / ciout /      0.00000 para secondaryinsection(02)
Mensaje D / 24:40:00:000 / customsinspection(04) / ... para secondaryinsection(02)
Mensaje Y / 24:40:00:000 / secondaryinsection(02) / ciout /      0.00000 para top(01)
Mensaje D / 24:40:00:000 / secondaryinsection(02) / ... para top(01)
Mensaje Y / 24:40:00:000 / top(01) / ciout /      0.00000 para Root(00)
Mensaje D / 24:40:00:000 / top(01) / ... para Root(00)
Mensaje X / 26:00:00:000 / Root(00) / in /      1.00000 para top(01)
Mensaje X / 26:00:00:000 / top(01) / in /      1.00000 para secondaryinsection(02)
Mensaje X / 26:00:00:000 / secondaryinsection(02) / pifailin /      1.00000 para admissibilityinspection(03)
Mensaje X / 26:00:00:000 / secondaryinsection(02) / pifailin /      1.00000 para customsinspection(04)
Mensaje D / 26:00:00:000 / admissibilityinspection(03) / 00:22:00:000 para secondaryinsection(02)
Mensaje D / 26:00:00:000 / customsinspection(04) / 00:57:00:000 para secondaryinsection(02)
Mensaje D / 26:00:00:000 / secondaryinsection(02) / 00:22:00:000 para top(01)
Mensaje D / 26:00:00:000 / top(01) / 00:22:00:000 para Root(00)
Mensaje * / 26:22:00:000 / Root(00) para top(01)
Mensaje * / 26:22:00:000 / top(01) para secondaryinsection(02)
Mensaje * / 26:22:00:000 / secondaryinsection(02) para admissibilityinspection(03)
Mensaje Y / 26:22:00:000 / admissibilityinspection(03) / admiout /      1.00000 para secondaryinsection(02)
Mensaje D / 26:22:00:000 / admissibilityinspection(03) / ... para secondaryinsection(02)
Mensaje Y / 26:22:00:000 / secondaryinsection(02) / admiout /      1.00000 para top(01)
Mensaje D / 26:22:00:000 / secondaryinsection(02) / 00:35:00:000 para top(01)
Mensaje Y / 26:22:00:000 / top(01) / admiout /      1.00000 para Root(00)
Mensaje D / 26:22:00:000 / top(01) / 00:35:00:000 para Root(00)
Mensaje * / 26:57:00:000 / Root(00) para top(01)
Mensaje * / 26:57:00:000 / top(01) para secondaryinsection(02)
Mensaje * / 26:57:00:000 / secondaryinsection(02) para customsinspection(04)
Mensaje Y / 26:57:00:000 / customsinspection(04) / ciout /      1.00000 para secondaryinsection(02)
Mensaje D / 26:57:00:000 / customsinspection(04) / ... para secondaryinsection(02)
Mensaje Y / 26:57:00:000 / secondaryinsection(02) / ciout /      1.00000 para top(01)
Mensaje D / 26:57:00:000 / secondaryinsection(02) / ... para top(01)
Mensaje Y / 26:57:00:000 / top(01) / ciout /      1.00000 para Root(00)
Mensaje D / 26:57:00:000 / top(01) / ... para Root(00)
Mensaje X / 28:00:00:000 / Root(00) / in /      1.00000 para top(01)
Mensaje X / 28:00:00:000 / top(01) / in /      1.00000 para secondaryinsection(02)
Mensaje X / 28:00:00:000 / secondaryinsection(02) / pifailin /      1.00000 para admissibilityinspection(03)
Mensaje X / 28:00:00:000 / secondaryinsection(02) / pifailin /      1.00000 para customsinspection(04)
Mensaje D / 28:00:00:000 / admissibilityinspection(03) / 00:21:00:000 para secondaryinsection(02)
Mensaje D / 28:00:00:000 / customsinspection(04) / 00:59:00:000 para secondaryinsection(02)
Mensaje D / 28:00:00:000 / secondaryinsection(02) / 00:21:00:000 para top(01)
Mensaje D / 28:00:00:000 / top(01) / 00:21:00:000 para Root(00)
Mensaje * / 28:21:00:000 / Root(00) para top(01)
Mensaje * / 28:21:00:000 / top(01) para secondaryinsection(02)
Mensaje * / 28:21:00:000 / secondaryinsection(02) para admissibilityinspection(03)
Mensaje Y / 28:21:00:000 / admissibilityinspection(03) / admiout /      1.00000 para secondaryinsection(02)
Mensaje D / 28:21:00:000 / admissibilityinspection(03) / ... para secondaryinsection(02)
Mensaje Y / 28:21:00:000 / secondaryinsection(02) / admiout /      1.00000 para top(01)
Mensaje D / 28:21:00:000 / secondaryinsection(02) / 00:38:00:000 para top(01)
Mensaje Y / 28:21:00:000 / top(01) / admiout /      1.00000 para Root(00)
Mensaje D / 28:21:00:000 / top(01) / 00:38:00:000 para Root(00)
Mensaje * / 28:59:00:000 / Root(00) para top(01)
Mensaje * / 28:59:00:000 / top(01) para secondaryinsection(02)
Mensaje * / 28:59:00:000 / secondaryinsection(02) para customsinspection(04)
Mensaje Y / 28:59:00:000 / customsinspection(04) / ciout /      1.00000 para secondaryinsection(02)
Mensaje D / 28:59:00:000 / customsinspection(04) / ... para secondaryinsection(02)
Mensaje Y / 28:59:00:000 / secondaryinsection(02) / ciout /      1.00000 para top(01)
Mensaje D / 28:59:00:000 / secondaryinsection(02) / ... para top(01)
Mensaje Y / 28:59:00:000 / top(01) / ciout /      1.00000 para Root(00)
Mensaje D / 28:59:00:000 / top(01) / ... para Root(00)
Mensaje X / 30:00:00:000 / Root(00) / in /      1.00000 para top(01)
Mensaje X / 30:00:00:000 / top(01) / in /      1.00000 para secondaryinsection(02)
Mensaje X / 30:00:00:000 / secondaryinsection(02) / pifailin /      1.00000 para admissibilityinspection(03)
Mensaje X / 30:00:00:000 / secondaryinsection(02) / pifailin /      1.00000 para customsinspection(04)
Mensaje D / 30:00:00:000 / admissibilityinspection(03) / 00:16:00:000 para secondaryinsection(02)
Mensaje D / 30:00:00:000 / customsinspection(04) / 00:52:00:000 para secondaryinsection(02)
Mensaje D / 30:00:00:000 / secondaryinsection(02) / 00:16:00:000 para top(01)
Mensaje D / 30:00:00:000 / top(01) / 00:16:00:000 para Root(00)
Mensaje * / 30:16:00:000 / Root(00) para top(01)
Mensaje * / 30:16:00:000 / top(01) para secondaryinsection(02)
Mensaje * / 30:16:00:000 / secondaryinsection(02) para admissibilityinspection(03)
Mensaje Y / 30:16:00:000 / admissibilityinspection(03) / admiout /      1.00000 para secondaryinsection(02)
Mensaje D / 30:16:00:000 / admissibilityinspection(03) / ... para secondaryinsection(02)
Mensaje Y / 30:16:00:000 / secondaryinsection(02) / admiout /      1.00000 para top(01)
Mensaje D / 30:16:00:000 / secondaryinsection(02) / 00:36:00:000 para top(01)
Mensaje Y / 30:16:00:000 / top(01) / admiout /      1.00000 para Root(00)
Mensaje D / 30:16:00:000 / top(01) / 00:36:00:000 para Root(00)
Mensaje * / 30:52:00:000 / Root(00) para top(01)
Mensaje * / 30:52:00:000 / top(01) para secondaryinsection(02)
Mensaje * / 30:52:00:000 / secondaryinsection(02) para customsinspection(04)
Mensaje Y / 30:52:00:000 / customsinspection(04) / ciout /      1.00000 para secondaryinsection(02)
Mensaje D / 30:52:00:000 / customsinspection(04) / ... para secondaryinsection(02)
Mensaje Y / 30:52:00:000 / secondaryinsection(02) / ciout /      1.00000 para top(01)
Mensaje D / 30:52:00:000 / secondaryinsection(02) / ... para top(01)
Mensaje Y / 30:52:00:000 / top(01) / ciout /      1.00000 para Root(00)
Mensaje D / 30:52:00:000 / top(01) / ... para Root(00)
Mensaje X / 32:00:00:000 / Root(00) / in /      1.00000 para top(01)
Mensaje X / 32:00:00:000 / top(01) / in /      1.00000 para secondaryinsection(02)
Mensaje X / 32:00:00:000 / secondaryinsection(02) / pifailin /      1.00000 para admissibilityinspection(03)
Mensaje X / 32:00:00:000 / secondaryinsection(02) / pifailin /      1.00000 para customsinspection(04)
Mensaje D / 32:00:00:000 / admissibilityinspection(03) / 00:20:00:000 para secondaryinsection(02)
Mensaje D / 32:00:00:000 / customsinspection(04) / 00:50:00:000 para secondaryinsection(02)
Mensaje D / 32:00:00:000 / secondaryinsection(02) / 00:20:00:000 para top(01)
Mensaje D / 32:00:00:000 / top(01) / 00:20:00:000 para Root(00)
Mensaje * / 32:20:00:000 / Root(00) para top(01)
Mensaje * / 32:20:00:000 / top(01) para secondaryinsection(02)
Mensaje * / 32:20:00:000 / secondaryinsection(02) para admissibilityinspection(03)
Mensaje Y / 32:20:00:000 / admissibilityinspection(03) / admiout /      0.00000 para secondaryinsection(02)
Mensaje D / 32:20:00:000 / admissibilityinspection(03) / ... para secondaryinsection(02)
Mensaje Y / 32:20:00:000 / secondaryinsection(02) / admiout /      0.00000 para top(01)
Mensaje D / 32:20:00:000 / secondaryinsection(02) / 00:30:00:000 para top(01)
Mensaje Y / 32:20:00:000 / top(01) / admiout /      0.00000 para Root(00)
Mensaje D / 32:20:00:000 / top(01) / 00:30:00:000 para Root(00)
Mensaje * / 32:50:00:000 / Root(00) para top(01)
Mensaje * / 32:50:00:000 / top(01) para secondaryinsection(02)
Mensaje * / 32:50:00:000 / secondaryinsection(02) para customsinspection(04)
Mensaje Y / 32:50:00:000 / customsinspection(04) / ciout /      1.00000 para secondaryinsection(02)
Mensaje D / 32:50:00:000 / customsinspection(04) / ... para secondaryinsection(02)
Mensaje Y / 32:50:00:000 / secondaryinsection(02) / ciout /      1.00000 para top(01)
Mensaje D / 32:50:00:000 / secondaryinsection(02) / ... para top(01)
Mensaje Y / 32:50:00:000 / top(01) / ciout /      1.00000 para Root(00)
Mensaje D / 32:50:00:000 / top(01) / ... para Root(00)
Mensaje X / 34:00:00:000 / Root(00) / in /      1.00000 para top(01)
Mensaje X / 34:00:00:000 / top(01) / in /      1.00000 para secondaryinsection(02)
Mensaje X / 34:00:00:000 / secondaryinsection(02) / pifailin /      1.00000 para admissibilityinspection(03)
Mensaje X / 34:00:00:000 / secondaryinsection(02) / pifailin /      1.00000 para customsinspection(04)
Mensaje D / 34:00:00:000 / admissibilityinspection(03) / 00:23:00:000 para secondaryinsection(02)
Mensaje D / 34:00:00:000 / customsinspection(04) / 00:34:00:000 para secondaryinsection(02)
Mensaje D / 34:00:00:000 / secondaryinsection(02) / 00:23:00:000 para top(01)
Mensaje D / 34:00:00:000 / top(01) / 00:23:00:000 para Root(00)
Mensaje * / 34:23:00:000 / Root(00) para top(01)
Mensaje * / 34:23:00:000 / top(01) para secondaryinsection(02)
Mensaje * / 34:23:00:000 / secondaryinsection(02) para admissibilityinspection(03)
Mensaje Y / 34:23:00:000 / admissibilityinspection(03) / admiout /      0.00000 para secondaryinsection(02)
Mensaje D / 34:23:00:000 / admissibilityinspection(03) / ... para secondaryinsection(02)
Mensaje Y / 34:23:00:000 / secondaryinsection(02) / admiout /      0.00000 para top(01)
Mensaje D / 34:23:00:000 / secondaryinsection(02) / 00:11:00:000 para top(01)
Mensaje Y / 34:23:00:000 / top(01) / admiout /      0.00000 para Root(00)
Mensaje D / 34:23:00:000 / top(01) / 00:11:00:000 para Root(00)
Mensaje * / 34:34:00:000 / Root(00) para top(01)
Mensaje * / 34:34:00:000 / top(01) para secondaryinsection(02)
Mensaje * / 34:34:00:000 / secondaryinsection(02) para customsinspection(04)
Mensaje Y / 34:34:00:000 / customsinspection(04) / ciout /      1.00000 para secondaryinsection(02)
Mensaje D / 34:34:00:000 / customsinspection(04) / ... para secondaryinsection(02)
Mensaje Y / 34:34:00:000 / secondaryinsection(02) / ciout /      1.00000 para top(01)
Mensaje D / 34:34:00:000 / secondaryinsection(02) / ... para top(01)
Mensaje Y / 34:34:00:000 / top(01) / ciout /      1.00000 para Root(00)
Mensaje D / 34:34:00:000 / top(01) / ... para Root(00)
Mensaje X / 36:00:00:000 / Root(00) / in /      1.00000 para top(01)
Mensaje X / 36:00:00:000 / top(01) / in /      1.00000 para secondaryinsection(02)
Mensaje X / 36:00:00:000 / secondaryinsection(02) / pifailin /      1.00000 para admissibilityinspection(03)
Mensaje X / 36:00:00:000 / secondaryinsection(02) / pifailin /      1.00000 para customsinspection(04)
Mensaje D / 36:00:00:000 / admissibilityinspection(03) / 00:20:00:000 para secondaryinsection(02)
Mensaje D / 36:00:00:000 / customsinspection(04) / 00:33:00:000 para secondaryinsection(02)
Mensaje D / 36:00:00:000 / secondaryinsection(02) / 00:20:00:000 para top(01)
Mensaje D / 36:00:00:000 / top(01) / 00:20:00:000 para Root(00)
Mensaje * / 36:20:00:000 / Root(00) para top(01)
Mensaje * / 36:20:00:000 / top(01) para secondaryinsection(02)
Mensaje * / 36:20:00:000 / secondaryinsection(02) para admissibilityinspection(03)
Mensaje Y / 36:20:00:000 / admissibilityinspection(03) / admiout /      1.00000 para secondaryinsection(02)
Mensaje D / 36:20:00:000 / admissibilityinspection(03) / ... para secondaryinsection(02)
Mensaje Y / 36:20:00:000 / secondaryinsection(02) / admiout /      1.00000 para top(01)
Mensaje D / 36:20:00:000 / secondaryinsection(02) / 00:13:00:000 para top(01)
Mensaje Y / 36:20:00:000 / top(01) / admiout /      1.00000 para Root(00)
Mensaje D / 36:20:00:000 / top(01) / 00:13:00:000 para Root(00)
Mensaje * / 36:33:00:000 / Root(00) para top(01)
Mensaje * / 36:33:00:000 / top(01) para secondaryinsection(02)
Mensaje * / 36:33:00:000 / secondaryinsection(02) para customsinspection(04)
Mensaje Y / 36:33:00:000 / customsinspection(04) / ciout /      1.00000 para secondaryinsection(02)
Mensaje D / 36:33:00:000 / customsinspection(04) / ... para secondaryinsection(02)
Mensaje Y / 36:33:00:000 / secondaryinsection(02) / ciout /      1.00000 para top(01)
Mensaje D / 36:33:00:000 / secondaryinsection(02) / ... para top(01)
Mensaje Y / 36:33:00:000 / top(01) / ciout /      1.00000 para Root(00)
Mensaje D / 36:33:00:000 / top(01) / ... para Root(00)
Mensaje X / 38:00:00:000 / Root(00) / in /      1.00000 para top(01)
Mensaje X / 38:00:00:000 / top(01) / in /      1.00000 para secondaryinsection(02)
Mensaje X / 38:00:00:000 / secondaryinsection(02) / pifailin /      1.00000 para admissibilityinspection(03)
Mensaje X / 38:00:00:000 / secondaryinsection(02) / pifailin /      1.00000 para customsinspection(04)
Mensaje D / 38:00:00:000 / admissibilityinspection(03) / 00:16:00:000 para secondaryinsection(02)
Mensaje D / 38:00:00:000 / customsinspection(04) / 00:56:00:000 para secondaryinsection(02)
Mensaje D / 38:00:00:000 / secondaryinsection(02) / 00:16:00:000 para top(01)
Mensaje D / 38:00:00:000 / top(01) / 00:16:00:000 para Root(00)
Mensaje * / 38:16:00:000 / Root(00) para top(01)
Mensaje * / 38:16:00:000 / top(01) para secondaryinsection(02)
Mensaje * / 38:16:00:000 / secondaryinsection(02) para admissibilityinspection(03)
Mensaje Y / 38:16:00:000 / admissibilityinspection(03) / admiout /      1.00000 para secondaryinsection(02)
Mensaje D / 38:16:00:000 / admissibilityinspection(03) / ... para secondaryinsection(02)
Mensaje Y / 38:16:00:000 / secondaryinsection(02) / admiout /      1.00000 para top(01)
Mensaje D / 38:16:00:000 / secondaryinsection(02) / 00:40:00:000 para top(01)
Mensaje Y / 38:16:00:000 / top(01) / admiout /      1.00000 para Root(00)
Mensaje D / 38:16:00:000 / top(01) / 00:40:00:000 para Root(00)
Mensaje * / 38:56:00:000 / Root(00) para top(01)
Mensaje * / 38:56:00:000 / top(01) para secondaryinsection(02)
Mensaje * / 38:56:00:000 / secondaryinsection(02) para customsinspection(04)
Mensaje Y / 38:56:00:000 / customsinspection(04) / ciout /      1.00000 para secondaryinsection(02)
Mensaje D / 38:56:00:000 / customsinspection(04) / ... para secondaryinsection(02)
Mensaje Y / 38:56:00:000 / secondaryinsection(02) / ciout /      1.00000 para top(01)
Mensaje D / 38:56:00:000 / secondaryinsection(02) / ... para top(01)
Mensaje Y / 38:56:00:000 / top(01) / ciout /      1.00000 para Root(00)
Mensaje D / 38:56:00:000 / top(01) / ... para Root(00)
