Mensaje I / 00:00:00:000 / Root(00) para top(01)
Mensaje I / 00:00:00:000 / top(01) para trafficinputqueue(02)
Mensaje D / 00:00:00:000 / trafficinputqueue(02) / ... para top(01)
Mensaje D / 00:00:00:000 / top(01) / ... para Root(00)
Mensaje X / 00:00:00:000 / Root(00) / in /      1.00000 para top(01)
Mensaje X / 00:00:00:000 / top(01) / in /      1.00000 para trafficinputqueue(02)
Mensaje D / 00:00:00:000 / trafficinputqueue(02) / ... para top(01)
Mensaje D / 00:00:00:000 / top(01) / ... para Root(00)
Mensaje X / 00:01:00:000 / Root(00) / in /      2.00000 para top(01)
Mensaje X / 00:01:00:000 / top(01) / in /      2.00000 para trafficinputqueue(02)
Mensaje D / 00:01:00:000 / trafficinputqueue(02) / ... para top(01)
Mensaje D / 00:01:00:000 / top(01) / ... para Root(00)
Mensaje X / 00:02:00:000 / Root(00) / in /      3.00000 para top(01)
Mensaje X / 00:02:00:000 / top(01) / in /      3.00000 para trafficinputqueue(02)
Mensaje D / 00:02:00:000 / trafficinputqueue(02) / ... para top(01)
Mensaje D / 00:02:00:000 / top(01) / ... para Root(00)
Mensaje X / 00:03:00:000 / Root(00) / start /      1.00000 para top(01)
Mensaje X / 00:03:00:000 / top(01) / start /      1.00000 para trafficinputqueue(02)
Mensaje D / 00:03:00:000 / trafficinputqueue(02) / 00:00:00:000 para top(01)
Mensaje D / 00:03:00:000 / top(01) / 00:00:00:000 para Root(00)
Mensaje * / 00:03:00:000 / Root(00) para top(01)
Mensaje * / 00:03:00:000 / top(01) para trafficinputqueue(02)
Mensaje Y / 00:03:00:000 / trafficinputqueue(02) / out /      1.00000 para top(01)
Mensaje D / 00:03:00:000 / trafficinputqueue(02) / ... para top(01)
Mensaje Y / 00:03:00:000 / top(01) / out /      1.00000 para Root(00)
Mensaje D / 00:03:00:000 / top(01) / ... para Root(00)
Mensaje X / 00:15:00:000 / Root(00) / systemfree /      1.00000 para top(01)
Mensaje X / 00:15:00:000 / top(01) / systemfree /      1.00000 para trafficinputqueue(02)
Mensaje D / 00:15:00:000 / trafficinputqueue(02) / 00:00:00:000 para top(01)
Mensaje D / 00:15:00:000 / top(01) / 00:00:00:000 para Root(00)
Mensaje * / 00:15:00:000 / Root(00) para top(01)
Mensaje * / 00:15:00:000 / top(01) para trafficinputqueue(02)
Mensaje Y / 00:15:00:000 / trafficinputqueue(02) / out /      2.00000 para top(01)
Mensaje D / 00:15:00:000 / trafficinputqueue(02) / ... para top(01)
Mensaje Y / 00:15:00:000 / top(01) / out /      2.00000 para Root(00)
Mensaje D / 00:15:00:000 / top(01) / ... para Root(00)
Mensaje X / 00:30:00:000 / Root(00) / systemfree /      1.00000 para top(01)
Mensaje X / 00:30:00:000 / top(01) / systemfree /      1.00000 para trafficinputqueue(02)
Mensaje D / 00:30:00:000 / trafficinputqueue(02) / 00:00:00:000 para top(01)
Mensaje D / 00:30:00:000 / top(01) / 00:00:00:000 para Root(00)
Mensaje * / 00:30:00:000 / Root(00) para top(01)
Mensaje * / 00:30:00:000 / top(01) para trafficinputqueue(02)
Mensaje Y / 00:30:00:000 / trafficinputqueue(02) / out /      3.00000 para top(01)
Mensaje D / 00:30:00:000 / trafficinputqueue(02) / ... para top(01)
Mensaje Y / 00:30:00:000 / top(01) / out /      3.00000 para Root(00)
Mensaje D / 00:30:00:000 / top(01) / ... para Root(00)
Mensaje X / 00:45:00:000 / Root(00) / systemfree /      1.00000 para top(01)
Mensaje X / 00:45:00:000 / top(01) / systemfree /      1.00000 para trafficinputqueue(02)
Mensaje D / 00:45:00:000 / trafficinputqueue(02) / ... para top(01)
Mensaje D / 00:45:00:000 / top(01) / ... para Root(00)
