Mensaje I / 00:00:00:000 / Root(00) para top(01)
Mensaje I / 00:00:00:000 / top(01) para vehiclequeryperformer(02)
Mensaje D / 00:00:00:000 / vehiclequeryperformer(02) / ... para top(01)
Mensaje D / 00:00:00:000 / top(01) / ... para Root(00)
Mensaje X / 00:00:00:000 / Root(00) / in /      1.00000 para top(01)
Mensaje X / 00:00:00:000 / top(01) / trafficin /      1.00000 para vehiclequeryperformer(02)
Mensaje D / 00:00:00:000 / vehiclequeryperformer(02) / 00:01:00:000 para top(01)
Mensaje D / 00:00:00:000 / top(01) / 00:01:00:000 para Root(00)
Mensaje * / 00:01:00:000 / Root(00) para top(01)
Mensaje * / 00:01:00:000 / top(01) para vehiclequeryperformer(02)
Mensaje Y / 00:01:00:000 / vehiclequeryperformer(02) / vqpout /      1.00000 para top(01)
Mensaje D / 00:01:00:000 / vehiclequeryperformer(02) / ... para top(01)
Mensaje Y / 00:01:00:000 / top(01) / out /      1.00000 para Root(00)
Mensaje D / 00:01:00:000 / top(01) / ... para Root(00)
Mensaje X / 00:03:00:000 / Root(00) / in /      1.00000 para top(01)
Mensaje X / 00:03:00:000 / top(01) / trafficin /      1.00000 para vehiclequeryperformer(02)
Mensaje D / 00:03:00:000 / vehiclequeryperformer(02) / 00:01:00:000 para top(01)
Mensaje D / 00:03:00:000 / top(01) / 00:01:00:000 para Root(00)
Mensaje * / 00:04:00:000 / Root(00) para top(01)
Mensaje * / 00:04:00:000 / top(01) para vehiclequeryperformer(02)
Mensaje Y / 00:04:00:000 / vehiclequeryperformer(02) / vqpout /      1.00000 para top(01)
Mensaje D / 00:04:00:000 / vehiclequeryperformer(02) / ... para top(01)
Mensaje Y / 00:04:00:000 / top(01) / out /      1.00000 para Root(00)
Mensaje D / 00:04:00:000 / top(01) / ... para Root(00)
Mensaje X / 00:08:00:000 / Root(00) / in /      1.00000 para top(01)
Mensaje X / 00:08:00:000 / top(01) / trafficin /      1.00000 para vehiclequeryperformer(02)
Mensaje D / 00:08:00:000 / vehiclequeryperformer(02) / 00:01:00:000 para top(01)
Mensaje D / 00:08:00:000 / top(01) / 00:01:00:000 para Root(00)
Mensaje * / 00:09:00:000 / Root(00) para top(01)
Mensaje * / 00:09:00:000 / top(01) para vehiclequeryperformer(02)
Mensaje Y / 00:09:00:000 / vehiclequeryperformer(02) / vqpout /      1.00000 para top(01)
Mensaje D / 00:09:00:000 / vehiclequeryperformer(02) / ... para top(01)
Mensaje Y / 00:09:00:000 / top(01) / out /      1.00000 para Root(00)
Mensaje D / 00:09:00:000 / top(01) / ... para Root(00)
Mensaje X / 00:15:00:000 / Root(00) / in /      1.00000 para top(01)
Mensaje X / 00:15:00:000 / top(01) / trafficin /      1.00000 para vehiclequeryperformer(02)
Mensaje D / 00:15:00:000 / vehiclequeryperformer(02) / 00:01:00:000 para top(01)
Mensaje D / 00:15:00:000 / top(01) / 00:01:00:000 para Root(00)
Mensaje * / 00:16:00:000 / Root(00) para top(01)
Mensaje * / 00:16:00:000 / top(01) para vehiclequeryperformer(02)
Mensaje Y / 00:16:00:000 / vehiclequeryperformer(02) / vqpout /      1.00000 para top(01)
Mensaje D / 00:16:00:000 / vehiclequeryperformer(02) / ... para top(01)
Mensaje Y / 00:16:00:000 / top(01) / out /      1.00000 para Root(00)
Mensaje D / 00:16:00:000 / top(01) / ... para Root(00)
Mensaje X / 00:20:00:000 / Root(00) / in /      1.00000 para top(01)
Mensaje X / 00:20:00:000 / top(01) / trafficin /      1.00000 para vehiclequeryperformer(02)
Mensaje D / 00:20:00:000 / vehiclequeryperformer(02) / 00:01:00:000 para top(01)
Mensaje D / 00:20:00:000 / top(01) / 00:01:00:000 para Root(00)
Mensaje * / 00:21:00:000 / Root(00) para top(01)
Mensaje * / 00:21:00:000 / top(01) para vehiclequeryperformer(02)
Mensaje Y / 00:21:00:000 / vehiclequeryperformer(02) / vqpout /      1.00000 para top(01)
Mensaje D / 00:21:00:000 / vehiclequeryperformer(02) / ... para top(01)
Mensaje Y / 00:21:00:000 / top(01) / out /      1.00000 para Root(00)
Mensaje D / 00:21:00:000 / top(01) / ... para Root(00)
Mensaje X / 00:26:00:000 / Root(00) / in /      1.00000 para top(01)
Mensaje X / 00:26:00:000 / top(01) / trafficin /      1.00000 para vehiclequeryperformer(02)
Mensaje D / 00:26:00:000 / vehiclequeryperformer(02) / 00:01:00:000 para top(01)
Mensaje D / 00:26:00:000 / top(01) / 00:01:00:000 para Root(00)
Mensaje * / 00:27:00:000 / Root(00) para top(01)
Mensaje * / 00:27:00:000 / top(01) para vehiclequeryperformer(02)
Mensaje Y / 00:27:00:000 / vehiclequeryperformer(02) / vqpout /      1.00000 para top(01)
Mensaje D / 00:27:00:000 / vehiclequeryperformer(02) / ... para top(01)
Mensaje Y / 00:27:00:000 / top(01) / out /      1.00000 para Root(00)
Mensaje D / 00:27:00:000 / top(01) / ... para Root(00)
Mensaje X / 00:29:00:000 / Root(00) / in /      1.00000 para top(01)
Mensaje X / 00:29:00:000 / top(01) / trafficin /      1.00000 para vehiclequeryperformer(02)
Mensaje D / 00:29:00:000 / vehiclequeryperformer(02) / 00:01:00:000 para top(01)
Mensaje D / 00:29:00:000 / top(01) / 00:01:00:000 para Root(00)
Mensaje * / 00:30:00:000 / Root(00) para top(01)
Mensaje * / 00:30:00:000 / top(01) para vehiclequeryperformer(02)
Mensaje Y / 00:30:00:000 / vehiclequeryperformer(02) / vqpout /      1.00000 para top(01)
Mensaje D / 00:30:00:000 / vehiclequeryperformer(02) / ... para top(01)
Mensaje Y / 00:30:00:000 / top(01) / out /      1.00000 para Root(00)
Mensaje D / 00:30:00:000 / top(01) / ... para Root(00)
Mensaje X / 00:34:00:000 / Root(00) / in /      1.00000 para top(01)
Mensaje X / 00:34:00:000 / top(01) / trafficin /      1.00000 para vehiclequeryperformer(02)
Mensaje D / 00:34:00:000 / vehiclequeryperformer(02) / 00:01:00:000 para top(01)
Mensaje D / 00:34:00:000 / top(01) / 00:01:00:000 para Root(00)
Mensaje * / 00:35:00:000 / Root(00) para top(01)
Mensaje * / 00:35:00:000 / top(01) para vehiclequeryperformer(02)
Mensaje Y / 00:35:00:000 / vehiclequeryperformer(02) / vqpout /      1.00000 para top(01)
Mensaje D / 00:35:00:000 / vehiclequeryperformer(02) / ... para top(01)
Mensaje Y / 00:35:00:000 / top(01) / out /      1.00000 para Root(00)
Mensaje D / 00:35:00:000 / top(01) / ... para Root(00)
Mensaje X / 00:43:00:000 / Root(00) / in /      1.00000 para top(01)
Mensaje X / 00:43:00:000 / top(01) / trafficin /      1.00000 para vehiclequeryperformer(02)
Mensaje D / 00:43:00:000 / vehiclequeryperformer(02) / 00:01:00:000 para top(01)
Mensaje D / 00:43:00:000 / top(01) / 00:01:00:000 para Root(00)
Mensaje * / 00:44:00:000 / Root(00) para top(01)
Mensaje * / 00:44:00:000 / top(01) para vehiclequeryperformer(02)
Mensaje Y / 00:44:00:000 / vehiclequeryperformer(02) / vqpout /      1.00000 para top(01)
Mensaje D / 00:44:00:000 / vehiclequeryperformer(02) / ... para top(01)
Mensaje Y / 00:44:00:000 / top(01) / out /      1.00000 para Root(00)
Mensaje D / 00:44:00:000 / top(01) / ... para Root(00)
Mensaje X / 00:48:00:000 / Root(00) / in /      1.00000 para top(01)
Mensaje X / 00:48:00:000 / top(01) / trafficin /      1.00000 para vehiclequeryperformer(02)
Mensaje D / 00:48:00:000 / vehiclequeryperformer(02) / 00:01:00:000 para top(01)
Mensaje D / 00:48:00:000 / top(01) / 00:01:00:000 para Root(00)
Mensaje * / 00:49:00:000 / Root(00) para top(01)
Mensaje * / 00:49:00:000 / top(01) para vehiclequeryperformer(02)
Mensaje Y / 00:49:00:000 / vehiclequeryperformer(02) / vqpout /      1.00000 para top(01)
Mensaje D / 00:49:00:000 / vehiclequeryperformer(02) / ... para top(01)
Mensaje Y / 00:49:00:000 / top(01) / out /      1.00000 para Root(00)
Mensaje D / 00:49:00:000 / top(01) / ... para Root(00)
Mensaje X / 01:00:00:000 / Root(00) / in /      1.00000 para top(01)
Mensaje X / 01:00:00:000 / top(01) / trafficin /      1.00000 para vehiclequeryperformer(02)
Mensaje D / 01:00:00:000 / vehiclequeryperformer(02) / 00:01:00:000 para top(01)
Mensaje D / 01:00:00:000 / top(01) / 00:01:00:000 para Root(00)
Mensaje * / 01:01:00:000 / Root(00) para top(01)
Mensaje * / 01:01:00:000 / top(01) para vehiclequeryperformer(02)
Mensaje Y / 01:01:00:000 / vehiclequeryperformer(02) / vqpout /      1.00000 para top(01)
Mensaje D / 01:01:00:000 / vehiclequeryperformer(02) / ... para top(01)
Mensaje Y / 01:01:00:000 / top(01) / out /      1.00000 para Root(00)
Mensaje D / 01:01:00:000 / top(01) / ... para Root(00)
Mensaje X / 01:03:00:000 / Root(00) / in /      1.00000 para top(01)
Mensaje X / 01:03:00:000 / top(01) / trafficin /      1.00000 para vehiclequeryperformer(02)
Mensaje D / 01:03:00:000 / vehiclequeryperformer(02) / 00:01:00:000 para top(01)
Mensaje D / 01:03:00:000 / top(01) / 00:01:00:000 para Root(00)
Mensaje * / 01:04:00:000 / Root(00) para top(01)
Mensaje * / 01:04:00:000 / top(01) para vehiclequeryperformer(02)
Mensaje Y / 01:04:00:000 / vehiclequeryperformer(02) / vqpout /      1.00000 para top(01)
Mensaje D / 01:04:00:000 / vehiclequeryperformer(02) / ... para top(01)
Mensaje Y / 01:04:00:000 / top(01) / out /      1.00000 para Root(00)
Mensaje D / 01:04:00:000 / top(01) / ... para Root(00)
Mensaje X / 01:08:00:000 / Root(00) / in /      1.00000 para top(01)
Mensaje X / 01:08:00:000 / top(01) / trafficin /      1.00000 para vehiclequeryperformer(02)
Mensaje D / 01:08:00:000 / vehiclequeryperformer(02) / 00:01:00:000 para top(01)
Mensaje D / 01:08:00:000 / top(01) / 00:01:00:000 para Root(00)
Mensaje * / 01:09:00:000 / Root(00) para top(01)
Mensaje * / 01:09:00:000 / top(01) para vehiclequeryperformer(02)
Mensaje Y / 01:09:00:000 / vehiclequeryperformer(02) / vqpout /      1.00000 para top(01)
Mensaje D / 01:09:00:000 / vehiclequeryperformer(02) / ... para top(01)
Mensaje Y / 01:09:00:000 / top(01) / out /      1.00000 para Root(00)
Mensaje D / 01:09:00:000 / top(01) / ... para Root(00)
Mensaje X / 01:15:00:000 / Root(00) / in /      1.00000 para top(01)
Mensaje X / 01:15:00:000 / top(01) / trafficin /      1.00000 para vehiclequeryperformer(02)
Mensaje D / 01:15:00:000 / vehiclequeryperformer(02) / 00:01:00:000 para top(01)
Mensaje D / 01:15:00:000 / top(01) / 00:01:00:000 para Root(00)
Mensaje * / 01:16:00:000 / Root(00) para top(01)
Mensaje * / 01:16:00:000 / top(01) para vehiclequeryperformer(02)
Mensaje Y / 01:16:00:000 / vehiclequeryperformer(02) / vqpout /      1.00000 para top(01)
Mensaje D / 01:16:00:000 / vehiclequeryperformer(02) / ... para top(01)
Mensaje Y / 01:16:00:000 / top(01) / out /      1.00000 para Root(00)
Mensaje D / 01:16:00:000 / top(01) / ... para Root(00)
Mensaje X / 01:20:00:000 / Root(00) / in /      1.00000 para top(01)
Mensaje X / 01:20:00:000 / top(01) / trafficin /      1.00000 para vehiclequeryperformer(02)
Mensaje D / 01:20:00:000 / vehiclequeryperformer(02) / 00:01:00:000 para top(01)
Mensaje D / 01:20:00:000 / top(01) / 00:01:00:000 para Root(00)
Mensaje * / 01:21:00:000 / Root(00) para top(01)
Mensaje * / 01:21:00:000 / top(01) para vehiclequeryperformer(02)
Mensaje Y / 01:21:00:000 / vehiclequeryperformer(02) / vqpout /      1.00000 para top(01)
Mensaje D / 01:21:00:000 / vehiclequeryperformer(02) / ... para top(01)
Mensaje Y / 01:21:00:000 / top(01) / out /      1.00000 para Root(00)
Mensaje D / 01:21:00:000 / top(01) / ... para Root(00)
Mensaje X / 01:26:00:000 / Root(00) / in /      1.00000 para top(01)
Mensaje X / 01:26:00:000 / top(01) / trafficin /      1.00000 para vehiclequeryperformer(02)
Mensaje D / 01:26:00:000 / vehiclequeryperformer(02) / 00:01:00:000 para top(01)
Mensaje D / 01:26:00:000 / top(01) / 00:01:00:000 para Root(00)
Mensaje * / 01:27:00:000 / Root(00) para top(01)
Mensaje * / 01:27:00:000 / top(01) para vehiclequeryperformer(02)
Mensaje Y / 01:27:00:000 / vehiclequeryperformer(02) / vqpout /      1.00000 para top(01)
Mensaje D / 01:27:00:000 / vehiclequeryperformer(02) / ... para top(01)
Mensaje Y / 01:27:00:000 / top(01) / out /      1.00000 para Root(00)
Mensaje D / 01:27:00:000 / top(01) / ... para Root(00)
Mensaje X / 01:29:00:000 / Root(00) / in /      1.00000 para top(01)
Mensaje X / 01:29:00:000 / top(01) / trafficin /      1.00000 para vehiclequeryperformer(02)
Mensaje D / 01:29:00:000 / vehiclequeryperformer(02) / 00:01:00:000 para top(01)
Mensaje D / 01:29:00:000 / top(01) / 00:01:00:000 para Root(00)
Mensaje * / 01:30:00:000 / Root(00) para top(01)
Mensaje * / 01:30:00:000 / top(01) para vehiclequeryperformer(02)
Mensaje Y / 01:30:00:000 / vehiclequeryperformer(02) / vqpout /      1.00000 para top(01)
Mensaje D / 01:30:00:000 / vehiclequeryperformer(02) / ... para top(01)
Mensaje Y / 01:30:00:000 / top(01) / out /      1.00000 para Root(00)
Mensaje D / 01:30:00:000 / top(01) / ... para Root(00)
Mensaje X / 01:34:00:000 / Root(00) / in /      1.00000 para top(01)
Mensaje X / 01:34:00:000 / top(01) / trafficin /      1.00000 para vehiclequeryperformer(02)
Mensaje D / 01:34:00:000 / vehiclequeryperformer(02) / 00:01:00:000 para top(01)
Mensaje D / 01:34:00:000 / top(01) / 00:01:00:000 para Root(00)
Mensaje * / 01:35:00:000 / Root(00) para top(01)
Mensaje * / 01:35:00:000 / top(01) para vehiclequeryperformer(02)
Mensaje Y / 01:35:00:000 / vehiclequeryperformer(02) / vqpout /      1.00000 para top(01)
Mensaje D / 01:35:00:000 / vehiclequeryperformer(02) / ... para top(01)
Mensaje Y / 01:35:00:000 / top(01) / out /      1.00000 para Root(00)
Mensaje D / 01:35:00:000 / top(01) / ... para Root(00)
Mensaje X / 01:43:00:000 / Root(00) / in /      1.00000 para top(01)
Mensaje X / 01:43:00:000 / top(01) / trafficin /      1.00000 para vehiclequeryperformer(02)
Mensaje D / 01:43:00:000 / vehiclequeryperformer(02) / 00:01:00:000 para top(01)
Mensaje D / 01:43:00:000 / top(01) / 00:01:00:000 para Root(00)
Mensaje * / 01:44:00:000 / Root(00) para top(01)
Mensaje * / 01:44:00:000 / top(01) para vehiclequeryperformer(02)
Mensaje Y / 01:44:00:000 / vehiclequeryperformer(02) / vqpout /      1.00000 para top(01)
Mensaje D / 01:44:00:000 / vehiclequeryperformer(02) / ... para top(01)
Mensaje Y / 01:44:00:000 / top(01) / out /      1.00000 para Root(00)
Mensaje D / 01:44:00:000 / top(01) / ... para Root(00)
Mensaje X / 01:48:00:000 / Root(00) / in /      1.00000 para top(01)
Mensaje X / 01:48:00:000 / top(01) / trafficin /      1.00000 para vehiclequeryperformer(02)
Mensaje D / 01:48:00:000 / vehiclequeryperformer(02) / 00:01:00:000 para top(01)
Mensaje D / 01:48:00:000 / top(01) / 00:01:00:000 para Root(00)
Mensaje * / 01:49:00:000 / Root(00) para top(01)
Mensaje * / 01:49:00:000 / top(01) para vehiclequeryperformer(02)
Mensaje Y / 01:49:00:000 / vehiclequeryperformer(02) / vqpout /      1.00000 para top(01)
Mensaje D / 01:49:00:000 / vehiclequeryperformer(02) / ... para top(01)
Mensaje Y / 01:49:00:000 / top(01) / out /      1.00000 para Root(00)
Mensaje D / 01:49:00:000 / top(01) / ... para Root(00)
